{"/Users/gama/Workspace/react-native/OneStopClick-clean/App/Components/BackHeader.js": {"path":"/Users/gama/Workspace/react-native/OneStopClick-clean/App/Components/BackHeader.js","statementMap":{"0":{"start":{"line":7,"column":62},"end":{"line":7,"column":72}},"1":{"start":{"line":8,"column":4},"end":{"line":19,"column":5}},"2":{"start":{"line":15,"column":25},"end":{"line":15,"column":120}},"3":{"start":{"line":23,"column":0},"end":{"line":26,"column":1}}},"fnMap":{"0":{"name":"(anonymous_0)","decl":{"start":{"line":6,"column":2},"end":{"line":6,"column":3}},"loc":{"start":{"line":6,"column":12},"end":{"line":20,"column":3}},"line":6},"1":{"name":"(anonymous_1)","decl":{"start":{"line":15,"column":19},"end":{"line":15,"column":20}},"loc":{"start":{"line":15,"column":25},"end":{"line":15,"column":120}},"line":15}},"branchMap":{"0":{"loc":{"start":{"line":15,"column":25},"end":{"line":15,"column":120}},"type":"cond-expr","locations":[{"start":{"line":15,"column":86},"end":{"line":15,"column":105}},{"start":{"line":15,"column":108},"end":{"line":15,"column":120}}],"line":15},"1":{"loc":{"start":{"line":15,"column":26},"end":{"line":15,"column":82}},"type":"binary-expr","locations":[{"start":{"line":15,"column":26},"end":{"line":15,"column":59}},{"start":{"line":15,"column":63},"end":{"line":15,"column":82}}],"line":15}},"s":{"0":1,"1":1,"2":0,"3":1},"f":{"0":1,"1":0},"b":{"0":[0,0],"1":[0,0]},"_coverageSchema":"332fd63041d2c1bcb487cc26dd0d5f7d97098a6c","hash":"06e83839043589a2399e297399c9640293b31b80"}
,"/Users/gama/Workspace/react-native/OneStopClick-clean/App/Components/CategoryChooser.js": {"path":"/Users/gama/Workspace/react-native/OneStopClick-clean/App/Components/CategoryChooser.js","statementMap":{"0":{"start":{"line":7,"column":45},"end":{"line":7,"column":55}},"1":{"start":{"line":8,"column":4},"end":{"line":19,"column":6}},"2":{"start":{"line":9,"column":6},"end":{"line":18,"column":7}},"3":{"start":{"line":14,"column":25},"end":{"line":14,"column":49}},"4":{"start":{"line":22,"column":22},"end":{"line":22,"column":32}},"5":{"start":{"line":23,"column":4},"end":{"line":27,"column":5}},"6":{"start":{"line":31,"column":0},"end":{"line":35,"column":1}}},"fnMap":{"0":{"name":"(anonymous_0)","decl":{"start":{"line":6,"column":2},"end":{"line":6,"column":3}},"loc":{"start":{"line":6,"column":24},"end":{"line":20,"column":3}},"line":6},"1":{"name":"(anonymous_1)","decl":{"start":{"line":8,"column":21},"end":{"line":8,"column":22}},"loc":{"start":{"line":8,"column":37},"end":{"line":19,"column":5}},"line":8},"2":{"name":"(anonymous_2)","decl":{"start":{"line":14,"column":19},"end":{"line":14,"column":20}},"loc":{"start":{"line":14,"column":25},"end":{"line":14,"column":49}},"line":14},"3":{"name":"(anonymous_3)","decl":{"start":{"line":21,"column":2},"end":{"line":21,"column":3}},"loc":{"start":{"line":21,"column":12},"end":{"line":28,"column":3}},"line":21}},"branchMap":{},"s":{"0":1,"1":1,"2":2,"3":0,"4":1,"5":1,"6":1},"f":{"0":1,"1":2,"2":0,"3":1},"b":{},"_coverageSchema":"332fd63041d2c1bcb487cc26dd0d5f7d97098a6c","hash":"43df0f99efe8c682e99586108bf28bca9559b380"}
,"/Users/gama/Workspace/react-native/OneStopClick-clean/App/Components/Col.js": {"path":"/Users/gama/Workspace/react-native/OneStopClick-clean/App/Components/Col.js","statementMap":{"0":{"start":{"line":6,"column":12},"end":{"line":38,"column":1}},"1":{"start":{"line":7,"column":59},"end":{"line":7,"column":64}},"2":{"start":{"line":9,"column":17},"end":{"line":14,"column":4}},"3":{"start":{"line":16,"column":2},"end":{"line":28,"column":3}},"4":{"start":{"line":17,"column":4},"end":{"line":27,"column":5}},"5":{"start":{"line":30,"column":2},"end":{"line":37,"column":3}},"6":{"start":{"line":40,"column":0},"end":{"line":46,"column":1}},"7":{"start":{"line":48,"column":0},"end":{"line":50,"column":1}}},"fnMap":{"0":{"name":"(anonymous_0)","decl":{"start":{"line":6,"column":12},"end":{"line":6,"column":13}},"loc":{"start":{"line":6,"column":21},"end":{"line":38,"column":1}},"line":6}},"branchMap":{"0":{"loc":{"start":{"line":11,"column":12},"end":{"line":11,"column":66}},"type":"cond-expr","locations":[{"start":{"line":11,"column":61},"end":{"line":11,"column":62}},{"start":{"line":11,"column":65},"end":{"line":11,"column":66}}],"line":11},"1":{"loc":{"start":{"line":11,"column":12},"end":{"line":11,"column":58}},"type":"binary-expr","locations":[{"start":{"line":11,"column":12},"end":{"line":11,"column":16}},{"start":{"line":11,"column":20},"end":{"line":11,"column":34}},{"start":{"line":11,"column":38},"end":{"line":11,"column":58}}],"line":11},"2":{"loc":{"start":{"line":16,"column":2},"end":{"line":28,"column":3}},"type":"if","locations":[{"start":{"line":16,"column":2},"end":{"line":28,"column":3}},{"start":{"line":16,"column":2},"end":{"line":28,"column":3}}],"line":16},"3":{"loc":{"start":{"line":19,"column":34},"end":{"line":19,"column":66}},"type":"binary-expr","locations":[{"start":{"line":19,"column":34},"end":{"line":19,"column":48}},{"start":{"line":19,"column":52},"end":{"line":19,"column":66}}],"line":19},"4":{"loc":{"start":{"line":32,"column":32},"end":{"line":32,"column":64}},"type":"binary-expr","locations":[{"start":{"line":32,"column":32},"end":{"line":32,"column":46}},{"start":{"line":32,"column":50},"end":{"line":32,"column":64}}],"line":32}},"s":{"0":1,"1":1,"2":1,"3":1,"4":0,"5":1,"6":1,"7":1},"f":{"0":1},"b":{"0":[0,1],"1":[1,1,0],"2":[0,1],"3":[0,0],"4":[1,0]},"_coverageSchema":"332fd63041d2c1bcb487cc26dd0d5f7d97098a6c","hash":"fc05ae29870089fe29b2a69ca1fdeecd0a33b0ee"}
,"/Users/gama/Workspace/react-native/OneStopClick-clean/App/Components/DrawerHeader.js": {"path":"/Users/gama/Workspace/react-native/OneStopClick-clean/App/Components/DrawerHeader.js","statementMap":{"0":{"start":{"line":8,"column":4},"end":{"line":8,"column":48}},"1":{"start":{"line":12,"column":22},"end":{"line":12,"column":32}},"2":{"start":{"line":13,"column":4},"end":{"line":19,"column":5}},"3":{"start":{"line":23,"column":0},"end":{"line":26,"column":1}}},"fnMap":{"0":{"name":"(anonymous_0)","decl":{"start":{"line":7,"column":2},"end":{"line":7,"column":3}},"loc":{"start":{"line":7,"column":14},"end":{"line":9,"column":3}},"line":7},"1":{"name":"(anonymous_1)","decl":{"start":{"line":11,"column":2},"end":{"line":11,"column":3}},"loc":{"start":{"line":11,"column":12},"end":{"line":20,"column":3}},"line":11}},"branchMap":{},"s":{"0":0,"1":1,"2":1,"3":1},"f":{"0":0,"1":1},"b":{},"_coverageSchema":"332fd63041d2c1bcb487cc26dd0d5f7d97098a6c","hash":"88437f7e5b50cdf499895727b173cf411f4ca4ea"}
,"/Users/gama/Workspace/react-native/OneStopClick-clean/App/Components/FormGenerator.js": {"path":"/Users/gama/Workspace/react-native/OneStopClick-clean/App/Components/FormGenerator.js","statementMap":{"0":{"start":{"line":7,"column":11},"end":{"line":7,"column":39}},"1":{"start":{"line":11,"column":4},"end":{"line":11,"column":45}},"2":{"start":{"line":12,"column":4},"end":{"line":12,"column":24}},"3":{"start":{"line":16,"column":16},"end":{"line":16,"column":32}},"4":{"start":{"line":17,"column":78},"end":{"line":17,"column":83}},"5":{"start":{"line":18,"column":16},"end":{"line":18,"column":32}},"6":{"start":{"line":19,"column":4},"end":{"line":35,"column":11}},"7":{"start":{"line":29,"column":32},"end":{"line":29,"column":88}},"8":{"start":{"line":30,"column":31},"end":{"line":30,"column":81}},"9":{"start":{"line":31,"column":22},"end":{"line":31,"column":72}},"10":{"start":{"line":41,"column":4},"end":{"line":45,"column":6}},"11":{"start":{"line":51,"column":4},"end":{"line":61,"column":5}},"12":{"start":{"line":67,"column":21},"end":{"line":67,"column":40}},"13":{"start":{"line":68,"column":4},"end":{"line":68,"column":60}},"14":{"start":{"line":74,"column":21},"end":{"line":74,"column":31}},"15":{"start":{"line":75,"column":19},"end":{"line":75,"column":42}},"16":{"start":{"line":76,"column":4},"end":{"line":80,"column":5}},"17":{"start":{"line":77,"column":20},"end":{"line":77,"column":50}},"18":{"start":{"line":78,"column":6},"end":{"line":78,"column":30}},"19":{"start":{"line":79,"column":6},"end":{"line":79,"column":27}},"20":{"start":{"line":81,"column":4},"end":{"line":115,"column":7}},"21":{"start":{"line":86,"column":8},"end":{"line":113,"column":27}},"22":{"start":{"line":86,"column":41},"end":{"line":86,"column":72}},"23":{"start":{"line":109,"column":31},"end":{"line":109,"column":58}}},"fnMap":{"0":{"name":"(anonymous_0)","decl":{"start":{"line":10,"column":2},"end":{"line":10,"column":3}},"loc":{"start":{"line":10,"column":48},"end":{"line":13,"column":3}},"line":10},"1":{"name":"(anonymous_1)","decl":{"start":{"line":15,"column":2},"end":{"line":15,"column":3}},"loc":{"start":{"line":15,"column":12},"end":{"line":36,"column":3}},"line":15},"2":{"name":"(anonymous_2)","decl":{"start":{"line":29,"column":22},"end":{"line":29,"column":23}},"loc":{"start":{"line":29,"column":32},"end":{"line":29,"column":88}},"line":29},"3":{"name":"(anonymous_3)","decl":{"start":{"line":30,"column":25},"end":{"line":30,"column":26}},"loc":{"start":{"line":30,"column":31},"end":{"line":30,"column":81}},"line":30},"4":{"name":"(anonymous_4)","decl":{"start":{"line":31,"column":16},"end":{"line":31,"column":17}},"loc":{"start":{"line":31,"column":22},"end":{"line":31,"column":72}},"line":31},"5":{"name":"(anonymous_5)","decl":{"start":{"line":40,"column":2},"end":{"line":40,"column":3}},"loc":{"start":{"line":40,"column":12},"end":{"line":46,"column":3}},"line":40},"6":{"name":"(anonymous_6)","decl":{"start":{"line":50,"column":2},"end":{"line":50,"column":3}},"loc":{"start":{"line":50,"column":12},"end":{"line":62,"column":3}},"line":50},"7":{"name":"(anonymous_7)","decl":{"start":{"line":66,"column":2},"end":{"line":66,"column":3}},"loc":{"start":{"line":66,"column":12},"end":{"line":69,"column":3}},"line":66},"8":{"name":"(anonymous_8)","decl":{"start":{"line":73,"column":2},"end":{"line":73,"column":3}},"loc":{"start":{"line":73,"column":12},"end":{"line":116,"column":3}},"line":73},"9":{"name":"(anonymous_9)","decl":{"start":{"line":85,"column":18},"end":{"line":85,"column":19}},"loc":{"start":{"line":86,"column":8},"end":{"line":113,"column":27}},"line":86},"10":{"name":"(anonymous_10)","decl":{"start":{"line":86,"column":35},"end":{"line":86,"column":36}},"loc":{"start":{"line":86,"column":41},"end":{"line":86,"column":72}},"line":86},"11":{"name":"(anonymous_11)","decl":{"start":{"line":109,"column":25},"end":{"line":109,"column":26}},"loc":{"start":{"line":109,"column":31},"end":{"line":109,"column":58}},"line":109}},"branchMap":{},"s":{"0":4,"1":0,"2":0,"3":2,"4":2,"5":2,"6":2,"7":0,"8":0,"9":0,"10":1,"11":2,"12":0,"13":0,"14":0,"15":0,"16":0,"17":0,"18":0,"19":0,"20":0,"21":0,"22":0,"23":0},"f":{"0":0,"1":2,"2":0,"3":0,"4":0,"5":1,"6":2,"7":0,"8":0,"9":0,"10":0,"11":0},"b":{},"_coverageSchema":"332fd63041d2c1bcb487cc26dd0d5f7d97098a6c","hash":"6d0000ec852862298770d614d81309eae432acbb"}
,"/Users/gama/Workspace/react-native/OneStopClick-clean/App/Components/Grid.js": {"path":"/Users/gama/Workspace/react-native/OneStopClick-clean/App/Components/Grid.js","statementMap":{"0":{"start":{"line":16,"column":16},"end":{"line":16,"column":21}},"1":{"start":{"line":17,"column":4},"end":{"line":21,"column":7}},"2":{"start":{"line":18,"column":6},"end":{"line":20,"column":7}},"3":{"start":{"line":19,"column":8},"end":{"line":19,"column":21}},"4":{"start":{"line":23,"column":4},"end":{"line":23,"column":17}},"5":{"start":{"line":28,"column":55},"end":{"line":28,"column":65}},"6":{"start":{"line":30,"column":4},"end":{"line":41,"column":5}},"7":{"start":{"line":31,"column":6},"end":{"line":40,"column":8}},"8":{"start":{"line":43,"column":4},"end":{"line":50,"column":6}},"9":{"start":{"line":54,"column":0},"end":{"line":59,"column":2}},"10":{"start":{"line":61,"column":0},"end":{"line":63,"column":2}}},"fnMap":{"0":{"name":"(anonymous_0)","decl":{"start":{"line":15,"column":2},"end":{"line":15,"column":3}},"loc":{"start":{"line":15,"column":10},"end":{"line":24,"column":3}},"line":15},"1":{"name":"(anonymous_1)","decl":{"start":{"line":17,"column":48},"end":{"line":17,"column":49}},"loc":{"start":{"line":17,"column":57},"end":{"line":21,"column":5}},"line":17},"2":{"name":"(anonymous_2)","decl":{"start":{"line":26,"column":2},"end":{"line":26,"column":3}},"loc":{"start":{"line":26,"column":11},"end":{"line":51,"column":3}},"line":26}},"branchMap":{"0":{"loc":{"start":{"line":11,"column":21},"end":{"line":11,"column":52}},"type":"cond-expr","locations":[{"start":{"line":11,"column":36},"end":{"line":11,"column":44}},{"start":{"line":11,"column":47},"end":{"line":11,"column":52}}],"line":11},"1":{"loc":{"start":{"line":18,"column":6},"end":{"line":20,"column":7}},"type":"if","locations":[{"start":{"line":18,"column":6},"end":{"line":20,"column":7}},{"start":{"line":18,"column":6},"end":{"line":20,"column":7}}],"line":18},"2":{"loc":{"start":{"line":18,"column":10},"end":{"line":18,"column":37}},"type":"binary-expr","locations":[{"start":{"line":18,"column":10},"end":{"line":18,"column":15}},{"start":{"line":18,"column":19},"end":{"line":18,"column":37}}],"line":18},"3":{"loc":{"start":{"line":30,"column":4},"end":{"line":41,"column":5}},"type":"if","locations":[{"start":{"line":30,"column":4},"end":{"line":41,"column":5}},{"start":{"line":30,"column":4},"end":{"line":41,"column":5}}],"line":30},"4":{"loc":{"start":{"line":34,"column":43},"end":{"line":34,"column":75}},"type":"binary-expr","locations":[{"start":{"line":34,"column":43},"end":{"line":34,"column":57}},{"start":{"line":34,"column":61},"end":{"line":34,"column":75}}],"line":34},"5":{"loc":{"start":{"line":45,"column":39},"end":{"line":45,"column":71}},"type":"binary-expr","locations":[{"start":{"line":45,"column":39},"end":{"line":45,"column":53}},{"start":{"line":45,"column":57},"end":{"line":45,"column":71}}],"line":45}},"s":{"0":1,"1":1,"2":0,"3":0,"4":1,"5":1,"6":1,"7":0,"8":1,"9":1,"10":1},"f":{"0":1,"1":0,"2":1},"b":{"0":[0,1],"1":[0,0],"2":[0,0],"3":[0,1],"4":[0,0],"5":[1,0]},"_coverageSchema":"332fd63041d2c1bcb487cc26dd0d5f7d97098a6c","hash":"32ae1283c5979320e50094ef23cb30dc465f247d"}
,"/Users/gama/Workspace/react-native/OneStopClick-clean/App/Components/ProgressIndicator.js": {"path":"/Users/gama/Workspace/react-native/OneStopClick-clean/App/Components/ProgressIndicator.js","statementMap":{"0":{"start":{"line":21,"column":27},"end":{"line":21,"column":37}},"1":{"start":{"line":22,"column":4},"end":{"line":27,"column":5}}},"fnMap":{"0":{"name":"(anonymous_0)","decl":{"start":{"line":20,"column":2},"end":{"line":20,"column":3}},"loc":{"start":{"line":20,"column":12},"end":{"line":28,"column":3}},"line":20}},"branchMap":{},"s":{"0":3,"1":3},"f":{"0":3},"b":{},"_coverageSchema":"332fd63041d2c1bcb487cc26dd0d5f7d97098a6c","hash":"21e86c5ff9e84a41ea92447cb6786bb453ede822"}
,"/Users/gama/Workspace/react-native/OneStopClick-clean/App/Components/Row.js": {"path":"/Users/gama/Workspace/react-native/OneStopClick-clean/App/Components/Row.js","statementMap":{"0":{"start":{"line":6,"column":12},"end":{"line":38,"column":1}},"1":{"start":{"line":7,"column":59},"end":{"line":7,"column":64}},"2":{"start":{"line":9,"column":17},"end":{"line":14,"column":4}},"3":{"start":{"line":16,"column":2},"end":{"line":28,"column":3}},"4":{"start":{"line":17,"column":4},"end":{"line":27,"column":5}},"5":{"start":{"line":30,"column":2},"end":{"line":37,"column":3}},"6":{"start":{"line":40,"column":0},"end":{"line":46,"column":1}},"7":{"start":{"line":48,"column":0},"end":{"line":50,"column":1}}},"fnMap":{"0":{"name":"(anonymous_0)","decl":{"start":{"line":6,"column":12},"end":{"line":6,"column":13}},"loc":{"start":{"line":6,"column":21},"end":{"line":38,"column":1}},"line":6}},"branchMap":{"0":{"loc":{"start":{"line":11,"column":12},"end":{"line":11,"column":67}},"type":"cond-expr","locations":[{"start":{"line":11,"column":62},"end":{"line":11,"column":63}},{"start":{"line":11,"column":66},"end":{"line":11,"column":67}}],"line":11},"1":{"loc":{"start":{"line":11,"column":12},"end":{"line":11,"column":59}},"type":"binary-expr","locations":[{"start":{"line":11,"column":12},"end":{"line":11,"column":16}},{"start":{"line":11,"column":20},"end":{"line":11,"column":34}},{"start":{"line":11,"column":38},"end":{"line":11,"column":59}}],"line":11},"2":{"loc":{"start":{"line":16,"column":2},"end":{"line":28,"column":3}},"type":"if","locations":[{"start":{"line":16,"column":2},"end":{"line":28,"column":3}},{"start":{"line":16,"column":2},"end":{"line":28,"column":3}}],"line":16},"3":{"loc":{"start":{"line":19,"column":34},"end":{"line":19,"column":66}},"type":"binary-expr","locations":[{"start":{"line":19,"column":34},"end":{"line":19,"column":48}},{"start":{"line":19,"column":52},"end":{"line":19,"column":66}}],"line":19},"4":{"loc":{"start":{"line":32,"column":32},"end":{"line":32,"column":64}},"type":"binary-expr","locations":[{"start":{"line":32,"column":32},"end":{"line":32,"column":46}},{"start":{"line":32,"column":50},"end":{"line":32,"column":64}}],"line":32}},"s":{"0":2,"1":1,"2":1,"3":1,"4":0,"5":1,"6":2,"7":2},"f":{"0":1},"b":{"0":[0,1],"1":[1,1,0],"2":[0,1],"3":[0,0],"4":[1,0]},"_coverageSchema":"332fd63041d2c1bcb487cc26dd0d5f7d97098a6c","hash":"a12727191c4d2266b0df1811a3227ad0d914f174"}
,"/Users/gama/Workspace/react-native/OneStopClick-clean/App/Components/Styles/CategoryChooserStyle.js": {"path":"/Users/gama/Workspace/react-native/OneStopClick-clean/App/Components/Styles/CategoryChooserStyle.js","statementMap":{},"fnMap":{},"branchMap":{},"s":{},"f":{},"b":{},"_coverageSchema":"332fd63041d2c1bcb487cc26dd0d5f7d97098a6c","hash":"7140f041bf188b13af8f5741524fcd36b139e676"}
,"/Users/gama/Workspace/react-native/OneStopClick-clean/App/Components/Styles/DrawerHeaderStyle.js": {"path":"/Users/gama/Workspace/react-native/OneStopClick-clean/App/Components/Styles/DrawerHeaderStyle.js","statementMap":{},"fnMap":{},"branchMap":{},"s":{},"f":{},"b":{},"_coverageSchema":"332fd63041d2c1bcb487cc26dd0d5f7d97098a6c","hash":"4f9a5622b5df8e496b9391eac87b2af8264568ce"}
,"/Users/gama/Workspace/react-native/OneStopClick-clean/App/Components/Styles/FormGeneratorStyle.js": {"path":"/Users/gama/Workspace/react-native/OneStopClick-clean/App/Components/Styles/FormGeneratorStyle.js","statementMap":{},"fnMap":{},"branchMap":{},"s":{},"f":{},"b":{},"_coverageSchema":"332fd63041d2c1bcb487cc26dd0d5f7d97098a6c","hash":"9ff060398d4a8e004bfc50bbf43e035269846e58"}
,"/Users/gama/Workspace/react-native/OneStopClick-clean/App/Components/Styles/ProgressIndicatorStyle.js": {"path":"/Users/gama/Workspace/react-native/OneStopClick-clean/App/Components/Styles/ProgressIndicatorStyle.js","statementMap":{},"fnMap":{},"branchMap":{},"s":{},"f":{},"b":{},"_coverageSchema":"332fd63041d2c1bcb487cc26dd0d5f7d97098a6c","hash":"aecf6d53ce55368da3daa8874e05536a2d0c37af"}
,"/Users/gama/Workspace/react-native/OneStopClick-clean/App/Lib/validator.js": {"path":"/Users/gama/Workspace/react-native/OneStopClick-clean/App/Lib/validator.js","statementMap":{"0":{"start":{"line":4,"column":14},"end":{"line":4,"column":18}},"1":{"start":{"line":5,"column":2},"end":{"line":5,"column":32}},"2":{"start":{"line":6,"column":2},"end":{"line":23,"column":4}},"3":{"start":{"line":7,"column":4},"end":{"line":7,"column":34}},"4":{"start":{"line":9,"column":4},"end":{"line":14,"column":5}},"5":{"start":{"line":10,"column":6},"end":{"line":13,"column":7}},"6":{"start":{"line":11,"column":8},"end":{"line":11,"column":88}},"7":{"start":{"line":12,"column":8},"end":{"line":12,"column":38}},"8":{"start":{"line":15,"column":4},"end":{"line":18,"column":5}},"9":{"start":{"line":16,"column":6},"end":{"line":16,"column":56}},"10":{"start":{"line":17,"column":6},"end":{"line":17,"column":36}},"11":{"start":{"line":19,"column":4},"end":{"line":22,"column":5}},"12":{"start":{"line":20,"column":6},"end":{"line":20,"column":59}},"13":{"start":{"line":21,"column":6},"end":{"line":21,"column":36}},"14":{"start":{"line":24,"column":2},"end":{"line":24,"column":14}},"15":{"start":{"line":28,"column":16},"end":{"line":28,"column":67}},"16":{"start":{"line":29,"column":2},"end":{"line":35,"column":3}},"17":{"start":{"line":30,"column":4},"end":{"line":30,"column":22}},"18":{"start":{"line":31,"column":4},"end":{"line":31,"column":22}},"19":{"start":{"line":33,"column":4},"end":{"line":33,"column":43}},"20":{"start":{"line":34,"column":4},"end":{"line":34,"column":23}},"21":{"start":{"line":36,"column":2},"end":{"line":36,"column":14}},"22":{"start":{"line":40,"column":2},"end":{"line":46,"column":3}},"23":{"start":{"line":41,"column":4},"end":{"line":41,"column":43}},"24":{"start":{"line":42,"column":4},"end":{"line":42,"column":23}},"25":{"start":{"line":44,"column":4},"end":{"line":44,"column":22}},"26":{"start":{"line":45,"column":4},"end":{"line":45,"column":22}},"27":{"start":{"line":47,"column":2},"end":{"line":47,"column":14}},"28":{"start":{"line":51,"column":2},"end":{"line":57,"column":3}},"29":{"start":{"line":52,"column":4},"end":{"line":52,"column":51}},"30":{"start":{"line":53,"column":4},"end":{"line":53,"column":23}},"31":{"start":{"line":55,"column":4},"end":{"line":55,"column":22}},"32":{"start":{"line":56,"column":4},"end":{"line":56,"column":22}},"33":{"start":{"line":58,"column":2},"end":{"line":58,"column":14}}},"fnMap":{"0":{"name":"validateField","decl":{"start":{"line":3,"column":16},"end":{"line":3,"column":29}},"loc":{"start":{"line":3,"column":49},"end":{"line":25,"column":1}},"line":3},"1":{"name":"(anonymous_1)","decl":{"start":{"line":6,"column":34},"end":{"line":6,"column":35}},"loc":{"start":{"line":6,"column":54},"end":{"line":23,"column":3}},"line":6},"2":{"name":"validateEmail","decl":{"start":{"line":27,"column":16},"end":{"line":27,"column":29}},"loc":{"start":{"line":27,"column":38},"end":{"line":37,"column":1}},"line":27},"3":{"name":"validateRequired","decl":{"start":{"line":39,"column":16},"end":{"line":39,"column":32}},"loc":{"start":{"line":39,"column":41},"end":{"line":48,"column":1}},"line":39},"4":{"name":"validateMinLength","decl":{"start":{"line":50,"column":16},"end":{"line":50,"column":33}},"loc":{"start":{"line":50,"column":53},"end":{"line":59,"column":1}},"line":50}},"branchMap":{"0":{"loc":{"start":{"line":9,"column":4},"end":{"line":14,"column":5}},"type":"if","locations":[{"start":{"line":9,"column":4},"end":{"line":14,"column":5}},{"start":{"line":9,"column":4},"end":{"line":14,"column":5}}],"line":9},"1":{"loc":{"start":{"line":9,"column":8},"end":{"line":9,"column":53}},"type":"binary-expr","locations":[{"start":{"line":9,"column":8},"end":{"line":9,"column":44}},{"start":{"line":9,"column":48},"end":{"line":9,"column":53}}],"line":9},"2":{"loc":{"start":{"line":10,"column":6},"end":{"line":13,"column":7}},"type":"if","locations":[{"start":{"line":10,"column":6},"end":{"line":13,"column":7}},{"start":{"line":10,"column":6},"end":{"line":13,"column":7}}],"line":10},"3":{"loc":{"start":{"line":15,"column":4},"end":{"line":18,"column":5}},"type":"if","locations":[{"start":{"line":15,"column":4},"end":{"line":18,"column":5}},{"start":{"line":15,"column":4},"end":{"line":18,"column":5}}],"line":15},"4":{"loc":{"start":{"line":15,"column":8},"end":{"line":15,"column":43}},"type":"binary-expr","locations":[{"start":{"line":15,"column":8},"end":{"line":15,"column":34}},{"start":{"line":15,"column":38},"end":{"line":15,"column":43}}],"line":15},"5":{"loc":{"start":{"line":19,"column":4},"end":{"line":22,"column":5}},"type":"if","locations":[{"start":{"line":19,"column":4},"end":{"line":22,"column":5}},{"start":{"line":19,"column":4},"end":{"line":22,"column":5}}],"line":19},"6":{"loc":{"start":{"line":19,"column":8},"end":{"line":19,"column":46}},"type":"binary-expr","locations":[{"start":{"line":19,"column":8},"end":{"line":19,"column":37}},{"start":{"line":19,"column":41},"end":{"line":19,"column":46}}],"line":19},"7":{"loc":{"start":{"line":29,"column":2},"end":{"line":35,"column":3}},"type":"if","locations":[{"start":{"line":29,"column":2},"end":{"line":35,"column":3}},{"start":{"line":29,"column":2},"end":{"line":35,"column":3}}],"line":29},"8":{"loc":{"start":{"line":40,"column":2},"end":{"line":46,"column":3}},"type":"if","locations":[{"start":{"line":40,"column":2},"end":{"line":46,"column":3}},{"start":{"line":40,"column":2},"end":{"line":46,"column":3}}],"line":40},"9":{"loc":{"start":{"line":40,"column":6},"end":{"line":40,"column":47}},"type":"binary-expr","locations":[{"start":{"line":40,"column":6},"end":{"line":40,"column":25}},{"start":{"line":40,"column":29},"end":{"line":40,"column":47}}],"line":40},"10":{"loc":{"start":{"line":51,"column":2},"end":{"line":57,"column":3}},"type":"if","locations":[{"start":{"line":51,"column":2},"end":{"line":57,"column":3}},{"start":{"line":51,"column":2},"end":{"line":57,"column":3}}],"line":51}},"s":{"0":0,"1":0,"2":0,"3":0,"4":0,"5":0,"6":0,"7":0,"8":0,"9":0,"10":0,"11":0,"12":0,"13":0,"14":0,"15":0,"16":0,"17":0,"18":0,"19":0,"20":0,"21":0,"22":0,"23":0,"24":0,"25":0,"26":0,"27":0,"28":0,"29":0,"30":0,"31":0,"32":0,"33":0},"f":{"0":0,"1":0,"2":0,"3":0,"4":0},"b":{"0":[0,0],"1":[0,0],"2":[0,0],"3":[0,0],"4":[0,0],"5":[0,0],"6":[0,0],"7":[0,0],"8":[0,0],"9":[0,0],"10":[0,0]},"_coverageSchema":"332fd63041d2c1bcb487cc26dd0d5f7d97098a6c","hash":"3349dff556ee4b2dbc7e3d6b8585f4716c466ad3"}
,"/Users/gama/Workspace/react-native/OneStopClick-clean/App/Themes/ApplicationStyles.js": {"path":"/Users/gama/Workspace/react-native/OneStopClick-clean/App/Themes/ApplicationStyles.js","statementMap":{"0":{"start":{"line":8,"column":26},"end":{"line":137,"column":1}}},"fnMap":{},"branchMap":{},"s":{"0":5},"f":{},"b":{},"_coverageSchema":"332fd63041d2c1bcb487cc26dd0d5f7d97098a6c","hash":"4e8aa404599264bd0178505ea15d20e670888312"}
,"/Users/gama/Workspace/react-native/OneStopClick-clean/App/Themes/Colors.js": {"path":"/Users/gama/Workspace/react-native/OneStopClick-clean/App/Themes/Colors.js","statementMap":{"0":{"start":{"line":1,"column":15},"end":{"line":28,"column":1}}},"fnMap":{},"branchMap":{},"s":{"0":5},"f":{},"b":{},"_coverageSchema":"332fd63041d2c1bcb487cc26dd0d5f7d97098a6c","hash":"0067cf2e65dc9c2e1835b4c99d99369316f1776a"}
,"/Users/gama/Workspace/react-native/OneStopClick-clean/App/Themes/Fonts.js": {"path":"/Users/gama/Workspace/react-native/OneStopClick-clean/App/Themes/Fonts.js","statementMap":{"0":{"start":{"line":1,"column":13},"end":{"line":5,"column":1}},"1":{"start":{"line":7,"column":13},"end":{"line":19,"column":1}},"2":{"start":{"line":21,"column":14},"end":{"line":54,"column":1}}},"fnMap":{},"branchMap":{},"s":{"0":5,"1":5,"2":5},"f":{},"b":{},"_coverageSchema":"332fd63041d2c1bcb487cc26dd0d5f7d97098a6c","hash":"e706f6d2fdf03d237e73fb1fe665e810145f5d44"}
,"/Users/gama/Workspace/react-native/OneStopClick-clean/App/Themes/Images.js": {"path":"/Users/gama/Workspace/react-native/OneStopClick-clean/App/Themes/Images.js","statementMap":{"0":{"start":{"line":2,"column":15},"end":{"line":23,"column":1}}},"fnMap":{},"branchMap":{},"s":{"0":5},"f":{},"b":{},"_coverageSchema":"332fd63041d2c1bcb487cc26dd0d5f7d97098a6c","hash":"9c770a89b89b7e4d7da55f51286b4ec7f452fdad"}
,"/Users/gama/Workspace/react-native/OneStopClick-clean/App/Themes/Metrics.js": {"path":"/Users/gama/Workspace/react-native/OneStopClick-clean/App/Themes/Metrics.js","statementMap":{"0":{"start":{"line":3,"column":26},"end":{"line":3,"column":50}},"1":{"start":{"line":6,"column":16},"end":{"line":38,"column":1}}},"fnMap":{},"branchMap":{"0":{"loc":{"start":{"line":16,"column":15},"end":{"line":16,"column":46}},"type":"cond-expr","locations":[{"start":{"line":16,"column":32},"end":{"line":16,"column":37}},{"start":{"line":16,"column":40},"end":{"line":16,"column":46}}],"line":16},"1":{"loc":{"start":{"line":17,"column":16},"end":{"line":17,"column":47}},"type":"cond-expr","locations":[{"start":{"line":17,"column":33},"end":{"line":17,"column":39}},{"start":{"line":17,"column":42},"end":{"line":17,"column":47}}],"line":17},"2":{"loc":{"start":{"line":18,"column":16},"end":{"line":18,"column":49}},"type":"cond-expr","locations":[{"start":{"line":18,"column":42},"end":{"line":18,"column":44}},{"start":{"line":18,"column":47},"end":{"line":18,"column":49}}],"line":18}},"s":{"0":5,"1":5},"f":{},"b":{"0":[5,0],"1":[5,0],"2":[5,0]},"_coverageSchema":"332fd63041d2c1bcb487cc26dd0d5f7d97098a6c","hash":"c4fa21bb2e090d0b6eba13018b976917ec2a3728"}
,"/Users/gama/Workspace/react-native/OneStopClick-clean/App/Themes/index.js": {"path":"/Users/gama/Workspace/react-native/OneStopClick-clean/App/Themes/index.js","statementMap":{},"fnMap":{},"branchMap":{},"s":{},"f":{},"b":{},"_coverageSchema":"332fd63041d2c1bcb487cc26dd0d5f7d97098a6c","hash":"a35f0bfd5eb0a777bf3f6e8403986b207ccbc178"}
}
