{"/Users/mitrais/Documents/Addin/CDC/osc_team/App/Components/BackHeader.js": {"path":"/Users/mitrais/Documents/Addin/CDC/osc_team/App/Components/BackHeader.js","statementMap":{"0":{"start":{"line":7,"column":46},"end":{"line":7,"column":56}},"1":{"start":{"line":8,"column":4},"end":{"line":18,"column":5}},"2":{"start":{"line":15,"column":25},"end":{"line":15,"column":81}},"3":{"start":{"line":22,"column":0},"end":{"line":25,"column":1}}},"fnMap":{"0":{"name":"(anonymous_0)","decl":{"start":{"line":6,"column":2},"end":{"line":6,"column":3}},"loc":{"start":{"line":6,"column":12},"end":{"line":19,"column":3}},"line":6},"1":{"name":"(anonymous_1)","decl":{"start":{"line":15,"column":19},"end":{"line":15,"column":20}},"loc":{"start":{"line":15,"column":25},"end":{"line":15,"column":81}},"line":15}},"branchMap":{"0":{"loc":{"start":{"line":15,"column":25},"end":{"line":15,"column":81}},"type":"cond-expr","locations":[{"start":{"line":15,"column":47},"end":{"line":15,"column":66}},{"start":{"line":15,"column":69},"end":{"line":15,"column":81}}],"line":15}},"s":{"0":1,"1":1,"2":0,"3":1},"f":{"0":1,"1":0},"b":{"0":[0,0]},"_coverageSchema":"332fd63041d2c1bcb487cc26dd0d5f7d97098a6c","hash":"31a99c7c4d7e3dcdb7f87c1da94c7a7e9def298c"}
,"/Users/mitrais/Documents/Addin/CDC/osc_team/App/Components/CategoryChooser.js": {"path":"/Users/mitrais/Documents/Addin/CDC/osc_team/App/Components/CategoryChooser.js","statementMap":{"0":{"start":{"line":7,"column":45},"end":{"line":7,"column":55}},"1":{"start":{"line":8,"column":4},"end":{"line":19,"column":6}},"2":{"start":{"line":9,"column":6},"end":{"line":18,"column":7}},"3":{"start":{"line":14,"column":25},"end":{"line":14,"column":49}},"4":{"start":{"line":22,"column":22},"end":{"line":22,"column":32}},"5":{"start":{"line":23,"column":4},"end":{"line":27,"column":5}},"6":{"start":{"line":31,"column":0},"end":{"line":35,"column":1}}},"fnMap":{"0":{"name":"(anonymous_0)","decl":{"start":{"line":6,"column":2},"end":{"line":6,"column":3}},"loc":{"start":{"line":6,"column":24},"end":{"line":20,"column":3}},"line":6},"1":{"name":"(anonymous_1)","decl":{"start":{"line":8,"column":21},"end":{"line":8,"column":22}},"loc":{"start":{"line":8,"column":37},"end":{"line":19,"column":5}},"line":8},"2":{"name":"(anonymous_2)","decl":{"start":{"line":14,"column":19},"end":{"line":14,"column":20}},"loc":{"start":{"line":14,"column":25},"end":{"line":14,"column":49}},"line":14},"3":{"name":"(anonymous_3)","decl":{"start":{"line":21,"column":2},"end":{"line":21,"column":3}},"loc":{"start":{"line":21,"column":12},"end":{"line":28,"column":3}},"line":21}},"branchMap":{},"s":{"0":1,"1":1,"2":2,"3":0,"4":1,"5":1,"6":1},"f":{"0":1,"1":2,"2":0,"3":1},"b":{},"_coverageSchema":"332fd63041d2c1bcb487cc26dd0d5f7d97098a6c","hash":"d9f95b0a3c2895943eee84dfe60872fd780eb98a"}
,"/Users/mitrais/Documents/Addin/CDC/osc_team/App/Components/Col.js": {"path":"/Users/mitrais/Documents/Addin/CDC/osc_team/App/Components/Col.js","statementMap":{"0":{"start":{"line":6,"column":12},"end":{"line":38,"column":1}},"1":{"start":{"line":7,"column":59},"end":{"line":7,"column":64}},"2":{"start":{"line":9,"column":17},"end":{"line":14,"column":4}},"3":{"start":{"line":16,"column":2},"end":{"line":28,"column":3}},"4":{"start":{"line":17,"column":4},"end":{"line":27,"column":5}},"5":{"start":{"line":30,"column":2},"end":{"line":37,"column":3}},"6":{"start":{"line":40,"column":0},"end":{"line":46,"column":1}},"7":{"start":{"line":48,"column":0},"end":{"line":50,"column":1}}},"fnMap":{"0":{"name":"(anonymous_0)","decl":{"start":{"line":6,"column":12},"end":{"line":6,"column":13}},"loc":{"start":{"line":6,"column":21},"end":{"line":38,"column":1}},"line":6}},"branchMap":{"0":{"loc":{"start":{"line":11,"column":12},"end":{"line":11,"column":66}},"type":"cond-expr","locations":[{"start":{"line":11,"column":61},"end":{"line":11,"column":62}},{"start":{"line":11,"column":65},"end":{"line":11,"column":66}}],"line":11},"1":{"loc":{"start":{"line":11,"column":12},"end":{"line":11,"column":58}},"type":"binary-expr","locations":[{"start":{"line":11,"column":12},"end":{"line":11,"column":16}},{"start":{"line":11,"column":20},"end":{"line":11,"column":34}},{"start":{"line":11,"column":38},"end":{"line":11,"column":58}}],"line":11},"2":{"loc":{"start":{"line":16,"column":2},"end":{"line":28,"column":3}},"type":"if","locations":[{"start":{"line":16,"column":2},"end":{"line":28,"column":3}},{"start":{"line":16,"column":2},"end":{"line":28,"column":3}}],"line":16},"3":{"loc":{"start":{"line":19,"column":34},"end":{"line":19,"column":66}},"type":"binary-expr","locations":[{"start":{"line":19,"column":34},"end":{"line":19,"column":48}},{"start":{"line":19,"column":52},"end":{"line":19,"column":66}}],"line":19},"4":{"loc":{"start":{"line":32,"column":32},"end":{"line":32,"column":64}},"type":"binary-expr","locations":[{"start":{"line":32,"column":32},"end":{"line":32,"column":46}},{"start":{"line":32,"column":50},"end":{"line":32,"column":64}}],"line":32}},"s":{"0":1,"1":1,"2":1,"3":1,"4":0,"5":1,"6":1,"7":1},"f":{"0":1},"b":{"0":[0,1],"1":[1,1,0],"2":[0,1],"3":[0,0],"4":[1,0]},"_coverageSchema":"332fd63041d2c1bcb487cc26dd0d5f7d97098a6c","hash":"dfdcb0b40ed2338bae9c04d5ad2ecb64f752c9e0"}
,"/Users/mitrais/Documents/Addin/CDC/osc_team/App/Components/DrawerHeader.js": {"path":"/Users/mitrais/Documents/Addin/CDC/osc_team/App/Components/DrawerHeader.js","statementMap":{"0":{"start":{"line":8,"column":4},"end":{"line":8,"column":48}},"1":{"start":{"line":12,"column":22},"end":{"line":12,"column":32}},"2":{"start":{"line":13,"column":4},"end":{"line":19,"column":5}},"3":{"start":{"line":23,"column":0},"end":{"line":26,"column":1}}},"fnMap":{"0":{"name":"(anonymous_0)","decl":{"start":{"line":7,"column":2},"end":{"line":7,"column":3}},"loc":{"start":{"line":7,"column":14},"end":{"line":9,"column":3}},"line":7},"1":{"name":"(anonymous_1)","decl":{"start":{"line":11,"column":2},"end":{"line":11,"column":3}},"loc":{"start":{"line":11,"column":12},"end":{"line":20,"column":3}},"line":11}},"branchMap":{},"s":{"0":0,"1":1,"2":1,"3":2},"f":{"0":0,"1":1},"b":{},"_coverageSchema":"332fd63041d2c1bcb487cc26dd0d5f7d97098a6c","hash":"e9ca32b7d9246f2d13acbaee5535978b0b049cf7"}
,"/Users/mitrais/Documents/Addin/CDC/osc_team/App/Components/FormGenerator.js": {"path":"/Users/mitrais/Documents/Addin/CDC/osc_team/App/Components/FormGenerator.js","statementMap":{"0":{"start":{"line":7,"column":11},"end":{"line":7,"column":39}},"1":{"start":{"line":11,"column":4},"end":{"line":11,"column":45}},"2":{"start":{"line":12,"column":4},"end":{"line":12,"column":24}},"3":{"start":{"line":16,"column":16},"end":{"line":16,"column":32}},"4":{"start":{"line":17,"column":78},"end":{"line":17,"column":83}},"5":{"start":{"line":18,"column":16},"end":{"line":18,"column":32}},"6":{"start":{"line":19,"column":4},"end":{"line":35,"column":11}},"7":{"start":{"line":29,"column":32},"end":{"line":29,"column":88}},"8":{"start":{"line":30,"column":31},"end":{"line":30,"column":81}},"9":{"start":{"line":31,"column":22},"end":{"line":31,"column":72}},"10":{"start":{"line":41,"column":4},"end":{"line":45,"column":6}},"11":{"start":{"line":51,"column":4},"end":{"line":62,"column":5}},"12":{"start":{"line":68,"column":21},"end":{"line":68,"column":40}},"13":{"start":{"line":69,"column":4},"end":{"line":69,"column":60}},"14":{"start":{"line":75,"column":21},"end":{"line":75,"column":31}},"15":{"start":{"line":76,"column":19},"end":{"line":76,"column":42}},"16":{"start":{"line":77,"column":4},"end":{"line":81,"column":5}},"17":{"start":{"line":78,"column":20},"end":{"line":78,"column":50}},"18":{"start":{"line":79,"column":6},"end":{"line":79,"column":30}},"19":{"start":{"line":80,"column":6},"end":{"line":80,"column":27}},"20":{"start":{"line":82,"column":4},"end":{"line":116,"column":7}},"21":{"start":{"line":87,"column":8},"end":{"line":114,"column":29}},"22":{"start":{"line":87,"column":43},"end":{"line":87,"column":75}},"23":{"start":{"line":110,"column":31},"end":{"line":110,"column":58}}},"fnMap":{"0":{"name":"(anonymous_0)","decl":{"start":{"line":10,"column":2},"end":{"line":10,"column":3}},"loc":{"start":{"line":10,"column":48},"end":{"line":13,"column":3}},"line":10},"1":{"name":"(anonymous_1)","decl":{"start":{"line":15,"column":2},"end":{"line":15,"column":3}},"loc":{"start":{"line":15,"column":12},"end":{"line":36,"column":3}},"line":15},"2":{"name":"(anonymous_2)","decl":{"start":{"line":29,"column":22},"end":{"line":29,"column":23}},"loc":{"start":{"line":29,"column":32},"end":{"line":29,"column":88}},"line":29},"3":{"name":"(anonymous_3)","decl":{"start":{"line":30,"column":25},"end":{"line":30,"column":26}},"loc":{"start":{"line":30,"column":31},"end":{"line":30,"column":81}},"line":30},"4":{"name":"(anonymous_4)","decl":{"start":{"line":31,"column":16},"end":{"line":31,"column":17}},"loc":{"start":{"line":31,"column":22},"end":{"line":31,"column":72}},"line":31},"5":{"name":"(anonymous_5)","decl":{"start":{"line":40,"column":2},"end":{"line":40,"column":3}},"loc":{"start":{"line":40,"column":12},"end":{"line":46,"column":3}},"line":40},"6":{"name":"(anonymous_6)","decl":{"start":{"line":50,"column":2},"end":{"line":50,"column":3}},"loc":{"start":{"line":50,"column":12},"end":{"line":63,"column":3}},"line":50},"7":{"name":"(anonymous_7)","decl":{"start":{"line":67,"column":2},"end":{"line":67,"column":3}},"loc":{"start":{"line":67,"column":12},"end":{"line":70,"column":3}},"line":67},"8":{"name":"(anonymous_8)","decl":{"start":{"line":74,"column":2},"end":{"line":74,"column":3}},"loc":{"start":{"line":74,"column":12},"end":{"line":117,"column":3}},"line":74},"9":{"name":"(anonymous_9)","decl":{"start":{"line":86,"column":18},"end":{"line":86,"column":19}},"loc":{"start":{"line":87,"column":8},"end":{"line":114,"column":29}},"line":87},"10":{"name":"(anonymous_10)","decl":{"start":{"line":87,"column":37},"end":{"line":87,"column":38}},"loc":{"start":{"line":87,"column":43},"end":{"line":87,"column":75}},"line":87},"11":{"name":"(anonymous_11)","decl":{"start":{"line":110,"column":25},"end":{"line":110,"column":26}},"loc":{"start":{"line":110,"column":31},"end":{"line":110,"column":58}},"line":110}},"branchMap":{},"s":{"0":5,"1":0,"2":0,"3":2,"4":2,"5":2,"6":2,"7":0,"8":0,"9":0,"10":1,"11":2,"12":0,"13":0,"14":0,"15":0,"16":0,"17":0,"18":0,"19":0,"20":0,"21":0,"22":0,"23":0},"f":{"0":0,"1":2,"2":0,"3":0,"4":0,"5":1,"6":2,"7":0,"8":0,"9":0,"10":0,"11":0},"b":{},"_coverageSchema":"332fd63041d2c1bcb487cc26dd0d5f7d97098a6c","hash":"f56b9df5ddb4a6c89c77f9cf16b278823d0cad05"}
,"/Users/mitrais/Documents/Addin/CDC/osc_team/App/Components/Grid.js": {"path":"/Users/mitrais/Documents/Addin/CDC/osc_team/App/Components/Grid.js","statementMap":{"0":{"start":{"line":16,"column":16},"end":{"line":16,"column":21}},"1":{"start":{"line":17,"column":4},"end":{"line":21,"column":7}},"2":{"start":{"line":18,"column":6},"end":{"line":20,"column":7}},"3":{"start":{"line":19,"column":8},"end":{"line":19,"column":21}},"4":{"start":{"line":23,"column":4},"end":{"line":23,"column":17}},"5":{"start":{"line":28,"column":55},"end":{"line":28,"column":65}},"6":{"start":{"line":30,"column":4},"end":{"line":41,"column":5}},"7":{"start":{"line":31,"column":6},"end":{"line":40,"column":8}},"8":{"start":{"line":43,"column":4},"end":{"line":50,"column":6}},"9":{"start":{"line":54,"column":0},"end":{"line":59,"column":2}},"10":{"start":{"line":61,"column":0},"end":{"line":63,"column":2}}},"fnMap":{"0":{"name":"(anonymous_0)","decl":{"start":{"line":15,"column":2},"end":{"line":15,"column":3}},"loc":{"start":{"line":15,"column":10},"end":{"line":24,"column":3}},"line":15},"1":{"name":"(anonymous_1)","decl":{"start":{"line":17,"column":48},"end":{"line":17,"column":49}},"loc":{"start":{"line":17,"column":57},"end":{"line":21,"column":5}},"line":17},"2":{"name":"(anonymous_2)","decl":{"start":{"line":26,"column":2},"end":{"line":26,"column":3}},"loc":{"start":{"line":26,"column":11},"end":{"line":51,"column":3}},"line":26}},"branchMap":{"0":{"loc":{"start":{"line":11,"column":21},"end":{"line":11,"column":52}},"type":"cond-expr","locations":[{"start":{"line":11,"column":36},"end":{"line":11,"column":44}},{"start":{"line":11,"column":47},"end":{"line":11,"column":52}}],"line":11},"1":{"loc":{"start":{"line":18,"column":6},"end":{"line":20,"column":7}},"type":"if","locations":[{"start":{"line":18,"column":6},"end":{"line":20,"column":7}},{"start":{"line":18,"column":6},"end":{"line":20,"column":7}}],"line":18},"2":{"loc":{"start":{"line":18,"column":10},"end":{"line":18,"column":37}},"type":"binary-expr","locations":[{"start":{"line":18,"column":10},"end":{"line":18,"column":15}},{"start":{"line":18,"column":19},"end":{"line":18,"column":37}}],"line":18},"3":{"loc":{"start":{"line":30,"column":4},"end":{"line":41,"column":5}},"type":"if","locations":[{"start":{"line":30,"column":4},"end":{"line":41,"column":5}},{"start":{"line":30,"column":4},"end":{"line":41,"column":5}}],"line":30},"4":{"loc":{"start":{"line":34,"column":43},"end":{"line":34,"column":75}},"type":"binary-expr","locations":[{"start":{"line":34,"column":43},"end":{"line":34,"column":57}},{"start":{"line":34,"column":61},"end":{"line":34,"column":75}}],"line":34},"5":{"loc":{"start":{"line":45,"column":39},"end":{"line":45,"column":71}},"type":"binary-expr","locations":[{"start":{"line":45,"column":39},"end":{"line":45,"column":53}},{"start":{"line":45,"column":57},"end":{"line":45,"column":71}}],"line":45}},"s":{"0":1,"1":1,"2":0,"3":0,"4":1,"5":1,"6":1,"7":0,"8":1,"9":1,"10":1},"f":{"0":1,"1":0,"2":1},"b":{"0":[0,1],"1":[0,0],"2":[0,0],"3":[0,1],"4":[0,0],"5":[1,0]},"_coverageSchema":"332fd63041d2c1bcb487cc26dd0d5f7d97098a6c","hash":"62adf3ad694b0bee16188b317ff4511f30282a3d"}
,"/Users/mitrais/Documents/Addin/CDC/osc_team/App/Components/ProgressIndicator.js": {"path":"/Users/mitrais/Documents/Addin/CDC/osc_team/App/Components/ProgressIndicator.js","statementMap":{"0":{"start":{"line":21,"column":27},"end":{"line":21,"column":37}},"1":{"start":{"line":22,"column":4},"end":{"line":27,"column":5}}},"fnMap":{"0":{"name":"(anonymous_0)","decl":{"start":{"line":20,"column":2},"end":{"line":20,"column":3}},"loc":{"start":{"line":20,"column":12},"end":{"line":28,"column":3}},"line":20}},"branchMap":{},"s":{"0":3,"1":3},"f":{"0":3},"b":{},"_coverageSchema":"332fd63041d2c1bcb487cc26dd0d5f7d97098a6c","hash":"20d63586cecb51aecb51284daf324099c0edbb7b"}
,"/Users/mitrais/Documents/Addin/CDC/osc_team/App/Components/Row.js": {"path":"/Users/mitrais/Documents/Addin/CDC/osc_team/App/Components/Row.js","statementMap":{"0":{"start":{"line":6,"column":12},"end":{"line":42,"column":1}},"1":{"start":{"line":7,"column":2},"end":{"line":9,"column":3}},"2":{"start":{"line":11,"column":59},"end":{"line":11,"column":64}},"3":{"start":{"line":13,"column":17},"end":{"line":18,"column":4}},"4":{"start":{"line":20,"column":2},"end":{"line":32,"column":3}},"5":{"start":{"line":21,"column":4},"end":{"line":31,"column":5}},"6":{"start":{"line":34,"column":2},"end":{"line":41,"column":3}},"7":{"start":{"line":44,"column":0},"end":{"line":50,"column":1}},"8":{"start":{"line":52,"column":0},"end":{"line":54,"column":1}}},"fnMap":{"0":{"name":"(anonymous_0)","decl":{"start":{"line":6,"column":12},"end":{"line":6,"column":13}},"loc":{"start":{"line":6,"column":21},"end":{"line":42,"column":1}},"line":6}},"branchMap":{"0":{"loc":{"start":{"line":15,"column":12},"end":{"line":15,"column":67}},"type":"cond-expr","locations":[{"start":{"line":15,"column":62},"end":{"line":15,"column":63}},{"start":{"line":15,"column":66},"end":{"line":15,"column":67}}],"line":15},"1":{"loc":{"start":{"line":15,"column":12},"end":{"line":15,"column":59}},"type":"binary-expr","locations":[{"start":{"line":15,"column":12},"end":{"line":15,"column":16}},{"start":{"line":15,"column":20},"end":{"line":15,"column":34}},{"start":{"line":15,"column":38},"end":{"line":15,"column":59}}],"line":15},"2":{"loc":{"start":{"line":20,"column":2},"end":{"line":32,"column":3}},"type":"if","locations":[{"start":{"line":20,"column":2},"end":{"line":32,"column":3}},{"start":{"line":20,"column":2},"end":{"line":32,"column":3}}],"line":20},"3":{"loc":{"start":{"line":23,"column":34},"end":{"line":23,"column":66}},"type":"binary-expr","locations":[{"start":{"line":23,"column":34},"end":{"line":23,"column":48}},{"start":{"line":23,"column":52},"end":{"line":23,"column":66}}],"line":23},"4":{"loc":{"start":{"line":36,"column":32},"end":{"line":36,"column":64}},"type":"binary-expr","locations":[{"start":{"line":36,"column":32},"end":{"line":36,"column":46}},{"start":{"line":36,"column":50},"end":{"line":36,"column":64}}],"line":36}},"s":{"0":2,"1":1,"2":1,"3":1,"4":1,"5":0,"6":1,"7":2,"8":2},"f":{"0":1},"b":{"0":[0,1],"1":[1,1,0],"2":[0,1],"3":[0,0],"4":[1,0]},"_coverageSchema":"332fd63041d2c1bcb487cc26dd0d5f7d97098a6c","hash":"1c0eb0ba3e8126a1628c218f4283ec58f9504209"}
,"/Users/mitrais/Documents/Addin/CDC/osc_team/App/Components/Styles/CategoryChooserStyle.js": {"path":"/Users/mitrais/Documents/Addin/CDC/osc_team/App/Components/Styles/CategoryChooserStyle.js","statementMap":{},"fnMap":{},"branchMap":{},"s":{},"f":{},"b":{},"_coverageSchema":"332fd63041d2c1bcb487cc26dd0d5f7d97098a6c","hash":"0458e8eb6559fd986baff109d98a70700f0d7d60"}
,"/Users/mitrais/Documents/Addin/CDC/osc_team/App/Components/Styles/DrawerHeaderStyle.js": {"path":"/Users/mitrais/Documents/Addin/CDC/osc_team/App/Components/Styles/DrawerHeaderStyle.js","statementMap":{},"fnMap":{},"branchMap":{},"s":{},"f":{},"b":{},"_coverageSchema":"332fd63041d2c1bcb487cc26dd0d5f7d97098a6c","hash":"b1cdd469ffc5e584c2b67da6f4228fe9aaf94655"}
,"/Users/mitrais/Documents/Addin/CDC/osc_team/App/Components/Styles/FormGeneratorStyle.js": {"path":"/Users/mitrais/Documents/Addin/CDC/osc_team/App/Components/Styles/FormGeneratorStyle.js","statementMap":{},"fnMap":{},"branchMap":{},"s":{},"f":{},"b":{},"_coverageSchema":"332fd63041d2c1bcb487cc26dd0d5f7d97098a6c","hash":"a283b12310f34284f576b83e177bf83cbd7afad1"}
,"/Users/mitrais/Documents/Addin/CDC/osc_team/App/Components/Styles/ProgressIndicatorStyle.js": {"path":"/Users/mitrais/Documents/Addin/CDC/osc_team/App/Components/Styles/ProgressIndicatorStyle.js","statementMap":{},"fnMap":{},"branchMap":{},"s":{},"f":{},"b":{},"_coverageSchema":"332fd63041d2c1bcb487cc26dd0d5f7d97098a6c","hash":"87f0cc67ddb0e0f4c4c2ec29cbb4b1d923838e9c"}
,"/Users/mitrais/Documents/Addin/CDC/osc_team/App/Config/DebugConfig.js": {"path":"/Users/mitrais/Documents/Addin/CDC/osc_team/App/Config/DebugConfig.js","statementMap":{},"fnMap":{},"branchMap":{},"s":{},"f":{},"b":{},"_coverageSchema":"332fd63041d2c1bcb487cc26dd0d5f7d97098a6c","hash":"9b86af25d357b5b5ee710278c54940d49c5ea8ae"}
,"/Users/mitrais/Documents/Addin/CDC/osc_team/App/Config/ReduxPersist.js": {"path":"/Users/mitrais/Documents/Addin/CDC/osc_team/App/Config/ReduxPersist.js","statementMap":{"0":{"start":{"line":5,"column":22},"end":{"line":15,"column":1}}},"fnMap":{},"branchMap":{},"s":{"0":1},"f":{},"b":{},"_coverageSchema":"332fd63041d2c1bcb487cc26dd0d5f7d97098a6c","hash":"af2d2a85e626aff5df2d17028e5cd041f01fb146"}
,"/Users/mitrais/Documents/Addin/CDC/osc_team/App/Containers/AccountScreen.js": {"path":"/Users/mitrais/Documents/Addin/CDC/osc_team/App/Containers/AccountScreen.js","statementMap":{"0":{"start":{"line":32,"column":4},"end":{"line":34,"column":5}},"1":{"start":{"line":33,"column":6},"end":{"line":33,"column":29}},"2":{"start":{"line":38,"column":4},"end":{"line":38,"column":22}},"3":{"start":{"line":40,"column":4},"end":{"line":42,"column":5}},"4":{"start":{"line":41,"column":6},"end":{"line":41,"column":55}},"5":{"start":{"line":46,"column":4},"end":{"line":46,"column":55}},"6":{"start":{"line":50,"column":4},"end":{"line":58,"column":5}},"7":{"start":{"line":55,"column":45},"end":{"line":55,"column":58}},"8":{"start":{"line":62,"column":24},"end":{"line":70,"column":6}},"9":{"start":{"line":71,"column":4},"end":{"line":71,"column":47}},"10":{"start":{"line":76,"column":24},"end":{"line":80,"column":6}},"11":{"start":{"line":81,"column":4},"end":{"line":81,"column":34}},"12":{"start":{"line":83,"column":4},"end":{"line":83,"column":27}},"13":{"start":{"line":84,"column":4},"end":{"line":84,"column":26}},"14":{"start":{"line":85,"column":4},"end":{"line":85,"column":47}},"15":{"start":{"line":89,"column":21},"end":{"line":89,"column":31}},"16":{"start":{"line":90,"column":4},"end":{"line":117,"column":5}},"17":{"start":{"line":103,"column":49},"end":{"line":103,"column":71}},"18":{"start":{"line":110,"column":47},"end":{"line":110,"column":71}},"19":{"start":{"line":121,"column":24},"end":{"line":129,"column":1}},"20":{"start":{"line":122,"column":2},"end":{"line":128,"column":3}},"21":{"start":{"line":131,"column":27},"end":{"line":137,"column":1}},"22":{"start":{"line":132,"column":2},"end":{"line":136,"column":3}},"23":{"start":{"line":133,"column":39},"end":{"line":133,"column":92}},"24":{"start":{"line":134,"column":22},"end":{"line":134,"column":53}},"25":{"start":{"line":135,"column":21},"end":{"line":135,"column":54}}},"fnMap":{"0":{"name":"(anonymous_0)","decl":{"start":{"line":31,"column":2},"end":{"line":31,"column":3}},"loc":{"start":{"line":31,"column":24},"end":{"line":35,"column":3}},"line":31},"1":{"name":"(anonymous_1)","decl":{"start":{"line":37,"column":2},"end":{"line":37,"column":3}},"loc":{"start":{"line":37,"column":39},"end":{"line":43,"column":3}},"line":37},"2":{"name":"(anonymous_2)","decl":{"start":{"line":45,"column":2},"end":{"line":45,"column":3}},"loc":{"start":{"line":45,"column":21},"end":{"line":47,"column":3}},"line":45},"3":{"name":"(anonymous_3)","decl":{"start":{"line":49,"column":2},"end":{"line":49,"column":3}},"loc":{"start":{"line":49,"column":23},"end":{"line":59,"column":3}},"line":49},"4":{"name":"(anonymous_4)","decl":{"start":{"line":55,"column":39},"end":{"line":55,"column":40}},"loc":{"start":{"line":55,"column":45},"end":{"line":55,"column":58}},"line":55},"5":{"name":"(anonymous_5)","decl":{"start":{"line":61,"column":2},"end":{"line":61,"column":3}},"loc":{"start":{"line":61,"column":15},"end":{"line":72,"column":3}},"line":61},"6":{"name":"(anonymous_6)","decl":{"start":{"line":74,"column":2},"end":{"line":74,"column":3}},"loc":{"start":{"line":74,"column":12},"end":{"line":86,"column":3}},"line":74},"7":{"name":"(anonymous_7)","decl":{"start":{"line":88,"column":2},"end":{"line":88,"column":3}},"loc":{"start":{"line":88,"column":12},"end":{"line":118,"column":3}},"line":88},"8":{"name":"(anonymous_8)","decl":{"start":{"line":103,"column":43},"end":{"line":103,"column":44}},"loc":{"start":{"line":103,"column":49},"end":{"line":103,"column":71}},"line":103},"9":{"name":"(anonymous_9)","decl":{"start":{"line":110,"column":41},"end":{"line":110,"column":42}},"loc":{"start":{"line":110,"column":47},"end":{"line":110,"column":71}},"line":110},"10":{"name":"(anonymous_10)","decl":{"start":{"line":121,"column":24},"end":{"line":121,"column":25}},"loc":{"start":{"line":121,"column":35},"end":{"line":129,"column":1}},"line":121},"11":{"name":"(anonymous_11)","decl":{"start":{"line":131,"column":27},"end":{"line":131,"column":28}},"loc":{"start":{"line":131,"column":41},"end":{"line":137,"column":1}},"line":131},"12":{"name":"(anonymous_12)","decl":{"start":{"line":133,"column":22},"end":{"line":133,"column":23}},"loc":{"start":{"line":133,"column":39},"end":{"line":133,"column":92}},"line":133},"13":{"name":"(anonymous_13)","decl":{"start":{"line":134,"column":16},"end":{"line":134,"column":17}},"loc":{"start":{"line":134,"column":22},"end":{"line":134,"column":53}},"line":134},"14":{"name":"(anonymous_14)","decl":{"start":{"line":135,"column":15},"end":{"line":135,"column":16}},"loc":{"start":{"line":135,"column":21},"end":{"line":135,"column":54}},"line":135}},"branchMap":{"0":{"loc":{"start":{"line":32,"column":4},"end":{"line":34,"column":5}},"type":"if","locations":[{"start":{"line":32,"column":4},"end":{"line":34,"column":5}},{"start":{"line":32,"column":4},"end":{"line":34,"column":5}}],"line":32},"1":{"loc":{"start":{"line":40,"column":4},"end":{"line":42,"column":5}},"type":"if","locations":[{"start":{"line":40,"column":4},"end":{"line":42,"column":5}},{"start":{"line":40,"column":4},"end":{"line":42,"column":5}}],"line":40},"2":{"loc":{"start":{"line":40,"column":8},"end":{"line":40,"column":102}},"type":"binary-expr","locations":[{"start":{"line":40,"column":8},"end":{"line":40,"column":26}},{"start":{"line":40,"column":30},"end":{"line":40,"column":51}},{"start":{"line":40,"column":55},"end":{"line":40,"column":70}},{"start":{"line":40,"column":74},"end":{"line":40,"column":102}}],"line":40},"3":{"loc":{"start":{"line":99,"column":53},"end":{"line":99,"column":82}},"type":"cond-expr","locations":[{"start":{"line":99,"column":68},"end":{"line":99,"column":70}},{"start":{"line":99,"column":73},"end":{"line":99,"column":82}}],"line":99},"4":{"loc":{"start":{"line":100,"column":48},"end":{"line":100,"column":78}},"type":"cond-expr","locations":[{"start":{"line":100,"column":63},"end":{"line":100,"column":65}},{"start":{"line":100,"column":68},"end":{"line":100,"column":78}}],"line":100}},"s":{"0":0,"1":0,"2":0,"3":0,"4":0,"5":0,"6":0,"7":0,"8":0,"9":0,"10":0,"11":0,"12":0,"13":0,"14":0,"15":0,"16":0,"17":0,"18":0,"19":1,"20":3,"21":1,"22":0,"23":0,"24":0,"25":0},"f":{"0":0,"1":0,"2":0,"3":0,"4":0,"5":0,"6":0,"7":0,"8":0,"9":0,"10":3,"11":0,"12":0,"13":0,"14":0},"b":{"0":[0,0],"1":[0,0],"2":[0,0,0,0],"3":[0,0],"4":[0,0]},"_coverageSchema":"332fd63041d2c1bcb487cc26dd0d5f7d97098a6c","hash":"5d3231118bc5106bff38d13e9fced521734e7bca"}
,"/Users/mitrais/Documents/Addin/CDC/osc_team/App/Containers/LoginScreen.js": {"path":"/Users/mitrais/Documents/Addin/CDC/osc_team/App/Containers/LoginScreen.js","statementMap":{"0":{"start":{"line":19,"column":14},"end":{"line":19,"column":43}},"1":{"start":{"line":24,"column":4},"end":{"line":24,"column":9}},"2":{"start":{"line":40,"column":4},"end":{"line":40,"column":16}},"3":{"start":{"line":41,"column":4},"end":{"line":43,"column":5}},"4":{"start":{"line":44,"column":4},"end":{"line":44,"column":50}},"5":{"start":{"line":45,"column":4},"end":{"line":45,"column":60}},"6":{"start":{"line":46,"column":4},"end":{"line":46,"column":66}},"7":{"start":{"line":47,"column":4},"end":{"line":47,"column":56}},"8":{"start":{"line":48,"column":4},"end":{"line":48,"column":76}},"9":{"start":{"line":49,"column":4},"end":{"line":49,"column":68}},"10":{"start":{"line":53,"column":4},"end":{"line":53,"column":44}},"11":{"start":{"line":57,"column":16},"end":{"line":57,"column":26}},"12":{"start":{"line":58,"column":18},"end":{"line":58,"column":22}},"13":{"start":{"line":59,"column":4},"end":{"line":65,"column":6}},"14":{"start":{"line":60,"column":21},"end":{"line":60,"column":55}},"15":{"start":{"line":61,"column":6},"end":{"line":61,"column":30}},"16":{"start":{"line":62,"column":6},"end":{"line":64,"column":7}},"17":{"start":{"line":63,"column":8},"end":{"line":63,"column":23}},"18":{"start":{"line":66,"column":4},"end":{"line":66,"column":18}},"19":{"start":{"line":70,"column":4},"end":{"line":73,"column":5}},"20":{"start":{"line":71,"column":34},"end":{"line":71,"column":51}},"21":{"start":{"line":72,"column":6},"end":{"line":72,"column":58}},"22":{"start":{"line":77,"column":4},"end":{"line":77,"column":22}},"23":{"start":{"line":78,"column":4},"end":{"line":80,"column":5}},"24":{"start":{"line":79,"column":6},"end":{"line":79,"column":27}},"25":{"start":{"line":84,"column":24},"end":{"line":89,"column":6}},"26":{"start":{"line":90,"column":4},"end":{"line":90,"column":47}},"27":{"start":{"line":94,"column":24},"end":{"line":97,"column":6}},"28":{"start":{"line":108,"column":4},"end":{"line":108,"column":47}},"29":{"start":{"line":112,"column":24},"end":{"line":120,"column":6}},"30":{"start":{"line":121,"column":4},"end":{"line":121,"column":47}},"31":{"start":{"line":126,"column":4},"end":{"line":132,"column":5}},"32":{"start":{"line":127,"column":6},"end":{"line":127,"column":37}},"33":{"start":{"line":128,"column":6},"end":{"line":128,"column":55}},"34":{"start":{"line":130,"column":21},"end":{"line":130,"column":60}},"35":{"start":{"line":131,"column":6},"end":{"line":131,"column":72}},"36":{"start":{"line":136,"column":4},"end":{"line":158,"column":5}},"37":{"start":{"line":138,"column":6},"end":{"line":153,"column":7}},"38":{"start":{"line":140,"column":8},"end":{"line":152,"column":9}},"39":{"start":{"line":144,"column":32},"end":{"line":148,"column":13}},"40":{"start":{"line":150,"column":12},"end":{"line":150,"column":69}},"41":{"start":{"line":156,"column":8},"end":{"line":156,"column":48}},"42":{"start":{"line":162,"column":4},"end":{"line":171,"column":5}},"43":{"start":{"line":163,"column":6},"end":{"line":163,"column":26}},"44":{"start":{"line":164,"column":11},"end":{"line":171,"column":5}},"45":{"start":{"line":165,"column":6},"end":{"line":170,"column":8}},"46":{"start":{"line":166,"column":8},"end":{"line":166,"column":28}},"47":{"start":{"line":169,"column":8},"end":{"line":169,"column":59}},"48":{"start":{"line":175,"column":4},"end":{"line":189,"column":6}},"49":{"start":{"line":181,"column":6},"end":{"line":188,"column":15}},"50":{"start":{"line":183,"column":10},"end":{"line":183,"column":48}},"51":{"start":{"line":186,"column":10},"end":{"line":186,"column":20}},"52":{"start":{"line":193,"column":32},"end":{"line":193,"column":49}},"53":{"start":{"line":194,"column":33},"end":{"line":194,"column":43}},"54":{"start":{"line":195,"column":4},"end":{"line":262,"column":5}},"55":{"start":{"line":219,"column":33},"end":{"line":219,"column":56}},"56":{"start":{"line":225,"column":51},"end":{"line":225,"column":82}},"57":{"start":{"line":232,"column":51},"end":{"line":232,"column":80}},"58":{"start":{"line":266,"column":24},"end":{"line":274,"column":1}},"59":{"start":{"line":267,"column":2},"end":{"line":273,"column":3}},"60":{"start":{"line":276,"column":27},"end":{"line":281,"column":1}},"61":{"start":{"line":277,"column":2},"end":{"line":280,"column":3}},"62":{"start":{"line":278,"column":42},"end":{"line":278,"column":97}},"63":{"start":{"line":279,"column":51},"end":{"line":279,"column":115}}},"fnMap":{"0":{"name":"(anonymous_0)","decl":{"start":{"line":39,"column":2},"end":{"line":39,"column":3}},"loc":{"start":{"line":39,"column":22},"end":{"line":50,"column":3}},"line":39},"1":{"name":"(anonymous_1)","decl":{"start":{"line":52,"column":2},"end":{"line":52,"column":3}},"loc":{"start":{"line":52,"column":30},"end":{"line":54,"column":3}},"line":52},"2":{"name":"(anonymous_2)","decl":{"start":{"line":56,"column":2},"end":{"line":56,"column":3}},"loc":{"start":{"line":56,"column":20},"end":{"line":67,"column":3}},"line":56},"3":{"name":"(anonymous_3)","decl":{"start":{"line":59,"column":34},"end":{"line":59,"column":35}},"loc":{"start":{"line":59,"column":45},"end":{"line":65,"column":5}},"line":59},"4":{"name":"(anonymous_4)","decl":{"start":{"line":69,"column":2},"end":{"line":69,"column":3}},"loc":{"start":{"line":69,"column":22},"end":{"line":74,"column":3}},"line":69},"5":{"name":"(anonymous_5)","decl":{"start":{"line":76,"column":2},"end":{"line":76,"column":3}},"loc":{"start":{"line":76,"column":39},"end":{"line":81,"column":3}},"line":76},"6":{"name":"(anonymous_6)","decl":{"start":{"line":83,"column":2},"end":{"line":83,"column":3}},"loc":{"start":{"line":83,"column":28},"end":{"line":91,"column":3}},"line":83},"7":{"name":"(anonymous_7)","decl":{"start":{"line":93,"column":2},"end":{"line":93,"column":3}},"loc":{"start":{"line":93,"column":20},"end":{"line":109,"column":3}},"line":93},"8":{"name":"(anonymous_8)","decl":{"start":{"line":111,"column":2},"end":{"line":111,"column":3}},"loc":{"start":{"line":111,"column":30},"end":{"line":122,"column":3}},"line":111},"9":{"name":"(anonymous_9)","decl":{"start":{"line":125,"column":2},"end":{"line":125,"column":3}},"loc":{"start":{"line":125,"column":57},"end":{"line":133,"column":3}},"line":125},"10":{"name":"(anonymous_10)","decl":{"start":{"line":135,"column":2},"end":{"line":135,"column":3}},"loc":{"start":{"line":135,"column":25},"end":{"line":159,"column":3}},"line":135},"11":{"name":"(anonymous_11)","decl":{"start":{"line":136,"column":76},"end":{"line":136,"column":77}},"loc":{"start":{"line":136,"column":88},"end":{"line":154,"column":5}},"line":136},"12":{"name":"(anonymous_12)","decl":{"start":{"line":141,"column":10},"end":{"line":141,"column":11}},"loc":{"start":{"line":141,"column":20},"end":{"line":151,"column":11}},"line":141},"13":{"name":"(anonymous_13)","decl":{"start":{"line":155,"column":6},"end":{"line":155,"column":7}},"loc":{"start":{"line":155,"column":23},"end":{"line":157,"column":7}},"line":155},"14":{"name":"(anonymous_14)","decl":{"start":{"line":161,"column":2},"end":{"line":161,"column":3}},"loc":{"start":{"line":161,"column":23},"end":{"line":172,"column":3}},"line":161},"15":{"name":"(anonymous_15)","decl":{"start":{"line":165,"column":63},"end":{"line":165,"column":64}},"loc":{"start":{"line":165,"column":69},"end":{"line":167,"column":7}},"line":165},"16":{"name":"(anonymous_16)","decl":{"start":{"line":168,"column":13},"end":{"line":168,"column":14}},"loc":{"start":{"line":168,"column":22},"end":{"line":170,"column":7}},"line":168},"17":{"name":"(anonymous_17)","decl":{"start":{"line":174,"column":2},"end":{"line":174,"column":3}},"loc":{"start":{"line":174,"column":19},"end":{"line":190,"column":3}},"line":174},"18":{"name":"(anonymous_18)","decl":{"start":{"line":180,"column":10},"end":{"line":180,"column":11}},"loc":{"start":{"line":180,"column":16},"end":{"line":189,"column":5}},"line":180},"19":{"name":"(anonymous_19)","decl":{"start":{"line":182,"column":14},"end":{"line":182,"column":15}},"loc":{"start":{"line":182,"column":24},"end":{"line":184,"column":9}},"line":182},"20":{"name":"(anonymous_20)","decl":{"start":{"line":185,"column":15},"end":{"line":185,"column":16}},"loc":{"start":{"line":185,"column":24},"end":{"line":187,"column":9}},"line":185},"21":{"name":"(anonymous_21)","decl":{"start":{"line":192,"column":2},"end":{"line":192,"column":3}},"loc":{"start":{"line":192,"column":12},"end":{"line":263,"column":3}},"line":192},"22":{"name":"(anonymous_22)","decl":{"start":{"line":219,"column":27},"end":{"line":219,"column":28}},"loc":{"start":{"line":219,"column":33},"end":{"line":219,"column":56}},"line":219},"23":{"name":"(anonymous_23)","decl":{"start":{"line":225,"column":45},"end":{"line":225,"column":46}},"loc":{"start":{"line":225,"column":51},"end":{"line":225,"column":82}},"line":225},"24":{"name":"(anonymous_24)","decl":{"start":{"line":232,"column":45},"end":{"line":232,"column":46}},"loc":{"start":{"line":232,"column":51},"end":{"line":232,"column":80}},"line":232},"25":{"name":"(anonymous_25)","decl":{"start":{"line":266,"column":24},"end":{"line":266,"column":25}},"loc":{"start":{"line":266,"column":35},"end":{"line":274,"column":1}},"line":266},"26":{"name":"(anonymous_26)","decl":{"start":{"line":276,"column":27},"end":{"line":276,"column":28}},"loc":{"start":{"line":276,"column":41},"end":{"line":281,"column":1}},"line":276},"27":{"name":"(anonymous_27)","decl":{"start":{"line":278,"column":18},"end":{"line":278,"column":19}},"loc":{"start":{"line":278,"column":42},"end":{"line":278,"column":97}},"line":278},"28":{"name":"(anonymous_28)","decl":{"start":{"line":279,"column":24},"end":{"line":279,"column":25}},"loc":{"start":{"line":279,"column":51},"end":{"line":279,"column":115}},"line":279}},"branchMap":{"0":{"loc":{"start":{"line":62,"column":6},"end":{"line":64,"column":7}},"type":"if","locations":[{"start":{"line":62,"column":6},"end":{"line":64,"column":7}},{"start":{"line":62,"column":6},"end":{"line":64,"column":7}}],"line":62},"1":{"loc":{"start":{"line":70,"column":4},"end":{"line":73,"column":5}},"type":"if","locations":[{"start":{"line":70,"column":4},"end":{"line":73,"column":5}},{"start":{"line":70,"column":4},"end":{"line":73,"column":5}}],"line":70},"2":{"loc":{"start":{"line":78,"column":4},"end":{"line":80,"column":5}},"type":"if","locations":[{"start":{"line":78,"column":4},"end":{"line":80,"column":5}},{"start":{"line":78,"column":4},"end":{"line":80,"column":5}}],"line":78},"3":{"loc":{"start":{"line":78,"column":8},"end":{"line":78,"column":46}},"type":"binary-expr","locations":[{"start":{"line":78,"column":8},"end":{"line":78,"column":27}},{"start":{"line":78,"column":31},"end":{"line":78,"column":46}}],"line":78},"4":{"loc":{"start":{"line":126,"column":4},"end":{"line":132,"column":5}},"type":"if","locations":[{"start":{"line":126,"column":4},"end":{"line":132,"column":5}},{"start":{"line":126,"column":4},"end":{"line":132,"column":5}}],"line":126},"5":{"loc":{"start":{"line":138,"column":6},"end":{"line":153,"column":7}},"type":"if","locations":[{"start":{"line":138,"column":6},"end":{"line":153,"column":7}},{"start":{"line":138,"column":6},"end":{"line":153,"column":7}}],"line":138},"6":{"loc":{"start":{"line":162,"column":4},"end":{"line":171,"column":5}},"type":"if","locations":[{"start":{"line":162,"column":4},"end":{"line":171,"column":5}},{"start":{"line":162,"column":4},"end":{"line":171,"column":5}}],"line":162},"7":{"loc":{"start":{"line":164,"column":11},"end":{"line":171,"column":5}},"type":"if","locations":[{"start":{"line":164,"column":11},"end":{"line":171,"column":5}},{"start":{"line":164,"column":11},"end":{"line":171,"column":5}}],"line":164}},"s":{"0":1,"1":1,"2":0,"3":0,"4":0,"5":0,"6":0,"7":0,"8":0,"9":0,"10":0,"11":0,"12":0,"13":0,"14":0,"15":0,"16":0,"17":0,"18":0,"19":0,"20":0,"21":0,"22":0,"23":0,"24":0,"25":0,"26":0,"27":0,"28":0,"29":0,"30":0,"31":0,"32":0,"33":0,"34":0,"35":0,"36":0,"37":0,"38":0,"39":0,"40":0,"41":0,"42":0,"43":0,"44":0,"45":0,"46":0,"47":0,"48":0,"49":0,"50":0,"51":0,"52":0,"53":0,"54":0,"55":0,"56":0,"57":0,"58":1,"59":0,"60":1,"61":0,"62":0,"63":0},"f":{"0":0,"1":0,"2":0,"3":0,"4":0,"5":0,"6":0,"7":0,"8":0,"9":0,"10":0,"11":0,"12":0,"13":0,"14":0,"15":0,"16":0,"17":0,"18":0,"19":0,"20":0,"21":0,"22":0,"23":0,"24":0,"25":0,"26":0,"27":0,"28":0},"b":{"0":[0,0],"1":[0,0],"2":[0,0],"3":[0,0],"4":[0,0],"5":[0,0],"6":[0,0],"7":[0,0]},"_coverageSchema":"332fd63041d2c1bcb487cc26dd0d5f7d97098a6c","hash":"76273adf9912f4f6672c2a1a217ee7030f71aab2"}
,"/Users/mitrais/Documents/Addin/CDC/osc_team/App/Containers/Bases/AccountDrawerBase.js": {"path":"/Users/mitrais/Documents/Addin/CDC/osc_team/App/Containers/Bases/AccountDrawerBase.js","statementMap":{"0":{"start":{"line":6,"column":4},"end":{"line":16,"column":5}},"1":{"start":{"line":8,"column":8},"end":{"line":14,"column":9}}},"fnMap":{"0":{"name":"(anonymous_0)","decl":{"start":{"line":5,"column":2},"end":{"line":5,"column":3}},"loc":{"start":{"line":5,"column":33},"end":{"line":17,"column":3}},"line":5},"1":{"name":"(anonymous_1)","decl":{"start":{"line":7,"column":18},"end":{"line":7,"column":19}},"loc":{"start":{"line":7,"column":37},"end":{"line":15,"column":7}},"line":7}},"branchMap":{},"s":{"0":2,"1":0},"f":{"0":2,"1":0},"b":{},"_coverageSchema":"332fd63041d2c1bcb487cc26dd0d5f7d97098a6c","hash":"f5b1b4fc4a935ca928038b8476cd472ab721bd30"}
,"/Users/mitrais/Documents/Addin/CDC/osc_team/App/Containers/Styles/AccountScreenStyle.js": {"path":"/Users/mitrais/Documents/Addin/CDC/osc_team/App/Containers/Styles/AccountScreenStyle.js","statementMap":{},"fnMap":{},"branchMap":{},"s":{},"f":{},"b":{},"_coverageSchema":"332fd63041d2c1bcb487cc26dd0d5f7d97098a6c","hash":"dce90ec73efc6bbd24c98d6bdd5778b7da19e57a"}
,"/Users/mitrais/Documents/Addin/CDC/osc_team/App/Containers/Styles/LoginScreenStyle.js": {"path":"/Users/mitrais/Documents/Addin/CDC/osc_team/App/Containers/Styles/LoginScreenStyle.js","statementMap":{},"fnMap":{},"branchMap":{},"s":{},"f":{},"b":{},"_coverageSchema":"332fd63041d2c1bcb487cc26dd0d5f7d97098a6c","hash":"ec4aca83363a897f57e5c0100b933423ca8afab5"}
,"/Users/mitrais/Documents/Addin/CDC/osc_team/App/Lib/validator.js": {"path":"/Users/mitrais/Documents/Addin/CDC/osc_team/App/Lib/validator.js","statementMap":{"0":{"start":{"line":4,"column":14},"end":{"line":4,"column":18}},"1":{"start":{"line":5,"column":2},"end":{"line":5,"column":32}},"2":{"start":{"line":6,"column":2},"end":{"line":23,"column":4}},"3":{"start":{"line":7,"column":4},"end":{"line":7,"column":34}},"4":{"start":{"line":9,"column":4},"end":{"line":14,"column":5}},"5":{"start":{"line":10,"column":6},"end":{"line":13,"column":7}},"6":{"start":{"line":11,"column":8},"end":{"line":11,"column":88}},"7":{"start":{"line":12,"column":8},"end":{"line":12,"column":38}},"8":{"start":{"line":15,"column":4},"end":{"line":18,"column":5}},"9":{"start":{"line":16,"column":6},"end":{"line":16,"column":56}},"10":{"start":{"line":17,"column":6},"end":{"line":17,"column":36}},"11":{"start":{"line":19,"column":4},"end":{"line":22,"column":5}},"12":{"start":{"line":20,"column":6},"end":{"line":20,"column":59}},"13":{"start":{"line":21,"column":6},"end":{"line":21,"column":36}},"14":{"start":{"line":24,"column":2},"end":{"line":24,"column":14}},"15":{"start":{"line":28,"column":16},"end":{"line":28,"column":67}},"16":{"start":{"line":29,"column":2},"end":{"line":35,"column":3}},"17":{"start":{"line":30,"column":4},"end":{"line":30,"column":22}},"18":{"start":{"line":31,"column":4},"end":{"line":31,"column":22}},"19":{"start":{"line":33,"column":4},"end":{"line":33,"column":43}},"20":{"start":{"line":34,"column":4},"end":{"line":34,"column":23}},"21":{"start":{"line":36,"column":2},"end":{"line":36,"column":14}},"22":{"start":{"line":40,"column":2},"end":{"line":46,"column":3}},"23":{"start":{"line":41,"column":4},"end":{"line":41,"column":43}},"24":{"start":{"line":42,"column":4},"end":{"line":42,"column":23}},"25":{"start":{"line":44,"column":4},"end":{"line":44,"column":22}},"26":{"start":{"line":45,"column":4},"end":{"line":45,"column":22}},"27":{"start":{"line":47,"column":2},"end":{"line":47,"column":14}},"28":{"start":{"line":51,"column":2},"end":{"line":57,"column":3}},"29":{"start":{"line":52,"column":4},"end":{"line":52,"column":51}},"30":{"start":{"line":53,"column":4},"end":{"line":53,"column":23}},"31":{"start":{"line":55,"column":4},"end":{"line":55,"column":22}},"32":{"start":{"line":56,"column":4},"end":{"line":56,"column":22}},"33":{"start":{"line":58,"column":2},"end":{"line":58,"column":14}}},"fnMap":{"0":{"name":"validateField","decl":{"start":{"line":3,"column":16},"end":{"line":3,"column":29}},"loc":{"start":{"line":3,"column":49},"end":{"line":25,"column":1}},"line":3},"1":{"name":"(anonymous_1)","decl":{"start":{"line":6,"column":34},"end":{"line":6,"column":35}},"loc":{"start":{"line":6,"column":54},"end":{"line":23,"column":3}},"line":6},"2":{"name":"validateEmail","decl":{"start":{"line":27,"column":16},"end":{"line":27,"column":29}},"loc":{"start":{"line":27,"column":38},"end":{"line":37,"column":1}},"line":27},"3":{"name":"validateRequired","decl":{"start":{"line":39,"column":16},"end":{"line":39,"column":32}},"loc":{"start":{"line":39,"column":41},"end":{"line":48,"column":1}},"line":39},"4":{"name":"validateMinLength","decl":{"start":{"line":50,"column":16},"end":{"line":50,"column":33}},"loc":{"start":{"line":50,"column":53},"end":{"line":59,"column":1}},"line":50}},"branchMap":{"0":{"loc":{"start":{"line":9,"column":4},"end":{"line":14,"column":5}},"type":"if","locations":[{"start":{"line":9,"column":4},"end":{"line":14,"column":5}},{"start":{"line":9,"column":4},"end":{"line":14,"column":5}}],"line":9},"1":{"loc":{"start":{"line":9,"column":8},"end":{"line":9,"column":53}},"type":"binary-expr","locations":[{"start":{"line":9,"column":8},"end":{"line":9,"column":44}},{"start":{"line":9,"column":48},"end":{"line":9,"column":53}}],"line":9},"2":{"loc":{"start":{"line":10,"column":6},"end":{"line":13,"column":7}},"type":"if","locations":[{"start":{"line":10,"column":6},"end":{"line":13,"column":7}},{"start":{"line":10,"column":6},"end":{"line":13,"column":7}}],"line":10},"3":{"loc":{"start":{"line":15,"column":4},"end":{"line":18,"column":5}},"type":"if","locations":[{"start":{"line":15,"column":4},"end":{"line":18,"column":5}},{"start":{"line":15,"column":4},"end":{"line":18,"column":5}}],"line":15},"4":{"loc":{"start":{"line":15,"column":8},"end":{"line":15,"column":43}},"type":"binary-expr","locations":[{"start":{"line":15,"column":8},"end":{"line":15,"column":34}},{"start":{"line":15,"column":38},"end":{"line":15,"column":43}}],"line":15},"5":{"loc":{"start":{"line":19,"column":4},"end":{"line":22,"column":5}},"type":"if","locations":[{"start":{"line":19,"column":4},"end":{"line":22,"column":5}},{"start":{"line":19,"column":4},"end":{"line":22,"column":5}}],"line":19},"6":{"loc":{"start":{"line":19,"column":8},"end":{"line":19,"column":46}},"type":"binary-expr","locations":[{"start":{"line":19,"column":8},"end":{"line":19,"column":37}},{"start":{"line":19,"column":41},"end":{"line":19,"column":46}}],"line":19},"7":{"loc":{"start":{"line":29,"column":2},"end":{"line":35,"column":3}},"type":"if","locations":[{"start":{"line":29,"column":2},"end":{"line":35,"column":3}},{"start":{"line":29,"column":2},"end":{"line":35,"column":3}}],"line":29},"8":{"loc":{"start":{"line":40,"column":2},"end":{"line":46,"column":3}},"type":"if","locations":[{"start":{"line":40,"column":2},"end":{"line":46,"column":3}},{"start":{"line":40,"column":2},"end":{"line":46,"column":3}}],"line":40},"9":{"loc":{"start":{"line":40,"column":6},"end":{"line":40,"column":47}},"type":"binary-expr","locations":[{"start":{"line":40,"column":6},"end":{"line":40,"column":25}},{"start":{"line":40,"column":29},"end":{"line":40,"column":47}}],"line":40},"10":{"loc":{"start":{"line":51,"column":2},"end":{"line":57,"column":3}},"type":"if","locations":[{"start":{"line":51,"column":2},"end":{"line":57,"column":3}},{"start":{"line":51,"column":2},"end":{"line":57,"column":3}}],"line":51}},"s":{"0":0,"1":0,"2":0,"3":0,"4":0,"5":0,"6":0,"7":0,"8":0,"9":0,"10":0,"11":0,"12":0,"13":0,"14":0,"15":0,"16":0,"17":0,"18":0,"19":0,"20":0,"21":0,"22":0,"23":0,"24":0,"25":0,"26":0,"27":0,"28":0,"29":0,"30":0,"31":0,"32":0,"33":0},"f":{"0":0,"1":0,"2":0,"3":0,"4":0},"b":{"0":[0,0],"1":[0,0],"2":[0,0],"3":[0,0],"4":[0,0],"5":[0,0],"6":[0,0],"7":[0,0],"8":[0,0],"9":[0,0],"10":[0,0]},"_coverageSchema":"332fd63041d2c1bcb487cc26dd0d5f7d97098a6c","hash":"ceeb1ce3d4c60324ea1048ca8909afce2ded0c18"}
,"/Users/mitrais/Documents/Addin/CDC/osc_team/App/Models/LoginModel.js": {"path":"/Users/mitrais/Documents/Addin/CDC/osc_team/App/Models/LoginModel.js","statementMap":{"0":{"start":{"line":1,"column":21},"end":{"line":22,"column":1}}},"fnMap":{},"branchMap":{},"s":{"0":1},"f":{},"b":{},"_coverageSchema":"332fd63041d2c1bcb487cc26dd0d5f7d97098a6c","hash":"b94b9012676c174990d08e3a67fa5ac69b1be60e"}
,"/Users/mitrais/Documents/Addin/CDC/osc_team/App/Redux/CreateStore.js": {"path":"/Users/mitrais/Documents/Addin/CDC/osc_team/App/Redux/CreateStore.js","statementMap":{"0":{"start":{"line":13,"column":21},"end":{"line":13,"column":23}},"1":{"start":{"line":14,"column":20},"end":{"line":14,"column":22}},"2":{"start":{"line":17,"column":2},"end":{"line":17,"column":33}},"3":{"start":{"line":21,"column":22},"end":{"line":21,"column":84}},"4":{"start":{"line":22,"column":25},"end":{"line":22,"column":62}},"5":{"start":{"line":23,"column":2},"end":{"line":23,"column":33}},"6":{"start":{"line":27,"column":2},"end":{"line":27,"column":48}},"7":{"start":{"line":32,"column":2},"end":{"line":34,"column":3}},"8":{"start":{"line":33,"column":4},"end":{"line":33,"column":35}},"9":{"start":{"line":37,"column":33},"end":{"line":37,"column":94}},"10":{"start":{"line":38,"column":16},"end":{"line":38,"column":74}},"11":{"start":{"line":41,"column":2},"end":{"line":43,"column":3}},"12":{"start":{"line":42,"column":4},"end":{"line":42,"column":45}},"13":{"start":{"line":46,"column":2},"end":{"line":46,"column":30}},"14":{"start":{"line":48,"column":2},"end":{"line":48,"column":14}}},"fnMap":{"0":{"name":"(anonymous_0)","decl":{"start":{"line":10,"column":15},"end":{"line":10,"column":16}},"loc":{"start":{"line":10,"column":42},"end":{"line":49,"column":1}},"line":10}},"branchMap":{"0":{"loc":{"start":{"line":21,"column":22},"end":{"line":21,"column":84}},"type":"cond-expr","locations":[{"start":{"line":21,"column":45},"end":{"line":21,"column":77}},{"start":{"line":21,"column":80},"end":{"line":21,"column":84}}],"line":21},"1":{"loc":{"start":{"line":32,"column":2},"end":{"line":34,"column":3}},"type":"if","locations":[{"start":{"line":32,"column":2},"end":{"line":34,"column":3}},{"start":{"line":32,"column":2},"end":{"line":34,"column":3}}],"line":32},"2":{"loc":{"start":{"line":37,"column":33},"end":{"line":37,"column":94}},"type":"cond-expr","locations":[{"start":{"line":37,"column":56},"end":{"line":37,"column":80}},{"start":{"line":37,"column":83},"end":{"line":37,"column":94}}],"line":37},"3":{"loc":{"start":{"line":41,"column":2},"end":{"line":43,"column":3}},"type":"if","locations":[{"start":{"line":41,"column":2},"end":{"line":43,"column":3}},{"start":{"line":41,"column":2},"end":{"line":43,"column":3}}],"line":41}},"s":{"0":0,"1":0,"2":0,"3":0,"4":0,"5":0,"6":0,"7":0,"8":0,"9":0,"10":0,"11":0,"12":0,"13":0,"14":0},"f":{"0":0},"b":{"0":[0,0],"1":[0,0],"2":[0,0],"3":[0,0]},"_coverageSchema":"332fd63041d2c1bcb487cc26dd0d5f7d97098a6c","hash":"4565c7929d58f13193a35de65b18e5175544a1be"}
,"/Users/mitrais/Documents/Addin/CDC/osc_team/App/Redux/ForgotPasswordRedux.js": {"path":"/Users/mitrais/Documents/Addin/CDC/osc_team/App/Redux/ForgotPasswordRedux.js","statementMap":{"0":{"start":{"line":6,"column":28},"end":{"line":10,"column":2}},"1":{"start":{"line":12,"column":35},"end":{"line":12,"column":40}},"2":{"start":{"line":17,"column":29},"end":{"line":22,"column":2}},"3":{"start":{"line":27,"column":23},"end":{"line":28,"column":42}},"4":{"start":{"line":28,"column":2},"end":{"line":28,"column":42}},"5":{"start":{"line":31,"column":23},"end":{"line":34,"column":1}},"6":{"start":{"line":32,"column":29},"end":{"line":32,"column":35}},"7":{"start":{"line":33,"column":2},"end":{"line":33,"column":59}},"8":{"start":{"line":37,"column":23},"end":{"line":40,"column":1}},"9":{"start":{"line":38,"column":29},"end":{"line":38,"column":35}},"10":{"start":{"line":39,"column":2},"end":{"line":39,"column":52}},"11":{"start":{"line":44,"column":23},"end":{"line":48,"column":2}}},"fnMap":{"0":{"name":"(anonymous_0)","decl":{"start":{"line":27,"column":23},"end":{"line":27,"column":24}},"loc":{"start":{"line":28,"column":2},"end":{"line":28,"column":42}},"line":28},"1":{"name":"(anonymous_1)","decl":{"start":{"line":31,"column":23},"end":{"line":31,"column":24}},"loc":{"start":{"line":31,"column":42},"end":{"line":34,"column":1}},"line":31},"2":{"name":"(anonymous_2)","decl":{"start":{"line":37,"column":23},"end":{"line":37,"column":24}},"loc":{"start":{"line":37,"column":42},"end":{"line":40,"column":1}},"line":37}},"branchMap":{},"s":{"0":1,"1":1,"2":1,"3":1,"4":0,"5":1,"6":0,"7":0,"8":1,"9":0,"10":0,"11":1},"f":{"0":0,"1":0,"2":0},"b":{},"_coverageSchema":"332fd63041d2c1bcb487cc26dd0d5f7d97098a6c","hash":"e372fc5336ddcd2fe9d24170e41f631530c9badd"}
,"/Users/mitrais/Documents/Addin/CDC/osc_team/App/Redux/LoginRedux.js": {"path":"/Users/mitrais/Documents/Addin/CDC/osc_team/App/Redux/LoginRedux.js","statementMap":{"0":{"start":{"line":6,"column":28},"end":{"line":12,"column":2}},"1":{"start":{"line":14,"column":26},"end":{"line":14,"column":31}},"2":{"start":{"line":19,"column":29},"end":{"line":28,"column":2}},"3":{"start":{"line":33,"column":23},"end":{"line":34,"column":54}},"4":{"start":{"line":34,"column":2},"end":{"line":34,"column":54}},"5":{"start":{"line":36,"column":29},"end":{"line":37,"column":57}},"6":{"start":{"line":37,"column":2},"end":{"line":37,"column":57}},"7":{"start":{"line":40,"column":23},"end":{"line":42,"column":1}},"8":{"start":{"line":41,"column":2},"end":{"line":41,"column":98}},"9":{"start":{"line":45,"column":23},"end":{"line":46,"column":96}},"10":{"start":{"line":46,"column":2},"end":{"line":46,"column":96}},"11":{"start":{"line":49,"column":22},"end":{"line":49,"column":41}},"12":{"start":{"line":49,"column":28},"end":{"line":49,"column":41}},"13":{"start":{"line":53,"column":23},"end":{"line":59,"column":2}},"14":{"start":{"line":62,"column":26},"end":{"line":62,"column":73}},"15":{"start":{"line":62,"column":42},"end":{"line":62,"column":73}}},"fnMap":{"0":{"name":"(anonymous_0)","decl":{"start":{"line":33,"column":23},"end":{"line":33,"column":24}},"loc":{"start":{"line":34,"column":2},"end":{"line":34,"column":54}},"line":34},"1":{"name":"(anonymous_1)","decl":{"start":{"line":36,"column":29},"end":{"line":36,"column":30}},"loc":{"start":{"line":37,"column":2},"end":{"line":37,"column":57}},"line":37},"2":{"name":"(anonymous_2)","decl":{"start":{"line":40,"column":23},"end":{"line":40,"column":24}},"loc":{"start":{"line":40,"column":65},"end":{"line":42,"column":1}},"line":40},"3":{"name":"(anonymous_3)","decl":{"start":{"line":45,"column":23},"end":{"line":45,"column":24}},"loc":{"start":{"line":46,"column":2},"end":{"line":46,"column":96}},"line":46},"4":{"name":"(anonymous_4)","decl":{"start":{"line":49,"column":22},"end":{"line":49,"column":23}},"loc":{"start":{"line":49,"column":28},"end":{"line":49,"column":41}},"line":49},"5":{"name":"(anonymous_5)","decl":{"start":{"line":62,"column":26},"end":{"line":62,"column":27}},"loc":{"start":{"line":62,"column":42},"end":{"line":62,"column":73}},"line":62}},"branchMap":{},"s":{"0":1,"1":1,"2":1,"3":1,"4":0,"5":1,"6":0,"7":1,"8":0,"9":1,"10":0,"11":1,"12":0,"13":1,"14":1,"15":0},"f":{"0":0,"1":0,"2":0,"3":0,"4":0,"5":0},"b":{},"_coverageSchema":"332fd63041d2c1bcb487cc26dd0d5f7d97098a6c","hash":"63e06926bb049b258ddb522db609e035c8ad7490"}
,"/Users/mitrais/Documents/Addin/CDC/osc_team/App/Redux/ProductRedux.js": {"path":"/Users/mitrais/Documents/Addin/CDC/osc_team/App/Redux/ProductRedux.js","statementMap":{"0":{"start":{"line":6,"column":28},"end":{"line":10,"column":2}},"1":{"start":{"line":12,"column":28},"end":{"line":12,"column":33}},"2":{"start":{"line":17,"column":29},"end":{"line":22,"column":2}},"3":{"start":{"line":27,"column":23},"end":{"line":28,"column":33}},"4":{"start":{"line":28,"column":2},"end":{"line":28,"column":33}},"5":{"start":{"line":31,"column":23},"end":{"line":33,"column":1}},"6":{"start":{"line":32,"column":2},"end":{"line":32,"column":65}},"7":{"start":{"line":36,"column":23},"end":{"line":37,"column":56}},"8":{"start":{"line":37,"column":2},"end":{"line":37,"column":56}},"9":{"start":{"line":41,"column":23},"end":{"line":45,"column":2}}},"fnMap":{"0":{"name":"(anonymous_0)","decl":{"start":{"line":27,"column":23},"end":{"line":27,"column":24}},"loc":{"start":{"line":28,"column":2},"end":{"line":28,"column":33}},"line":28},"1":{"name":"(anonymous_1)","decl":{"start":{"line":31,"column":23},"end":{"line":31,"column":24}},"loc":{"start":{"line":31,"column":48},"end":{"line":33,"column":1}},"line":31},"2":{"name":"(anonymous_2)","decl":{"start":{"line":36,"column":23},"end":{"line":36,"column":24}},"loc":{"start":{"line":37,"column":2},"end":{"line":37,"column":56}},"line":37}},"branchMap":{},"s":{"0":1,"1":1,"2":1,"3":1,"4":0,"5":1,"6":0,"7":1,"8":0,"9":1},"f":{"0":0,"1":0,"2":0},"b":{},"_coverageSchema":"332fd63041d2c1bcb487cc26dd0d5f7d97098a6c","hash":"7348a00f3ece4f2839903b85abb6ed0ddd388f05"}
,"/Users/mitrais/Documents/Addin/CDC/osc_team/App/Redux/RegistrationRedux.js": {"path":"/Users/mitrais/Documents/Addin/CDC/osc_team/App/Redux/RegistrationRedux.js","statementMap":{"0":{"start":{"line":6,"column":28},"end":{"line":10,"column":2}},"1":{"start":{"line":12,"column":33},"end":{"line":12,"column":38}},"2":{"start":{"line":17,"column":29},"end":{"line":26,"column":2}},"3":{"start":{"line":31,"column":23},"end":{"line":32,"column":82}},"4":{"start":{"line":32,"column":2},"end":{"line":32,"column":82}},"5":{"start":{"line":35,"column":23},"end":{"line":37,"column":1}},"6":{"start":{"line":36,"column":2},"end":{"line":36,"column":67}},"7":{"start":{"line":40,"column":23},"end":{"line":41,"column":59}},"8":{"start":{"line":41,"column":2},"end":{"line":41,"column":59}},"9":{"start":{"line":45,"column":23},"end":{"line":49,"column":2}}},"fnMap":{"0":{"name":"(anonymous_0)","decl":{"start":{"line":31,"column":23},"end":{"line":31,"column":24}},"loc":{"start":{"line":32,"column":2},"end":{"line":32,"column":82}},"line":32},"1":{"name":"(anonymous_1)","decl":{"start":{"line":35,"column":23},"end":{"line":35,"column":24}},"loc":{"start":{"line":35,"column":53},"end":{"line":37,"column":1}},"line":35},"2":{"name":"(anonymous_2)","decl":{"start":{"line":40,"column":23},"end":{"line":40,"column":24}},"loc":{"start":{"line":41,"column":2},"end":{"line":41,"column":59}},"line":41}},"branchMap":{},"s":{"0":1,"1":1,"2":1,"3":1,"4":0,"5":1,"6":0,"7":1,"8":0,"9":1},"f":{"0":0,"1":0,"2":0},"b":{},"_coverageSchema":"332fd63041d2c1bcb487cc26dd0d5f7d97098a6c","hash":"f0841dd3ce6571e38bb679eb6de0fcadd404d492"}
,"/Users/mitrais/Documents/Addin/CDC/osc_team/App/Redux/ScreenTrackingMiddleware.js": {"path":"/Users/mitrais/Documents/Addin/CDC/osc_team/App/Redux/ScreenTrackingMiddleware.js","statementMap":{"0":{"start":{"line":4,"column":28},"end":{"line":14,"column":1}},"1":{"start":{"line":5,"column":2},"end":{"line":7,"column":3}},"2":{"start":{"line":6,"column":4},"end":{"line":6,"column":15}},"3":{"start":{"line":8,"column":16},"end":{"line":8,"column":61}},"4":{"start":{"line":10,"column":2},"end":{"line":12,"column":3}},"5":{"start":{"line":11,"column":4},"end":{"line":11,"column":37}},"6":{"start":{"line":13,"column":2},"end":{"line":13,"column":24}},"7":{"start":{"line":16,"column":23},"end":{"line":36,"column":1}},"8":{"start":{"line":16,"column":41},"end":{"line":36,"column":1}},"9":{"start":{"line":16,"column":49},"end":{"line":36,"column":1}},"10":{"start":{"line":17,"column":2},"end":{"line":22,"column":3}},"11":{"start":{"line":21,"column":4},"end":{"line":21,"column":23}},"12":{"start":{"line":24,"column":24},"end":{"line":24,"column":59}},"13":{"start":{"line":25,"column":17},"end":{"line":25,"column":29}},"14":{"start":{"line":26,"column":21},"end":{"line":26,"column":56}},"15":{"start":{"line":27,"column":2},"end":{"line":34,"column":3}},"16":{"start":{"line":28,"column":4},"end":{"line":33,"column":5}},"17":{"start":{"line":32,"column":6},"end":{"line":32,"column":25}},"18":{"start":{"line":35,"column":2},"end":{"line":35,"column":15}}},"fnMap":{"0":{"name":"(anonymous_0)","decl":{"start":{"line":4,"column":28},"end":{"line":4,"column":29}},"loc":{"start":{"line":4,"column":49},"end":{"line":14,"column":1}},"line":4},"1":{"name":"(anonymous_1)","decl":{"start":{"line":16,"column":23},"end":{"line":16,"column":24}},"loc":{"start":{"line":16,"column":41},"end":{"line":36,"column":1}},"line":16},"2":{"name":"(anonymous_2)","decl":{"start":{"line":16,"column":41},"end":{"line":16,"column":42}},"loc":{"start":{"line":16,"column":49},"end":{"line":36,"column":1}},"line":16},"3":{"name":"(anonymous_3)","decl":{"start":{"line":16,"column":49},"end":{"line":16,"column":50}},"loc":{"start":{"line":16,"column":61},"end":{"line":36,"column":1}},"line":16}},"branchMap":{"0":{"loc":{"start":{"line":5,"column":2},"end":{"line":7,"column":3}},"type":"if","locations":[{"start":{"line":5,"column":2},"end":{"line":7,"column":3}},{"start":{"line":5,"column":2},"end":{"line":7,"column":3}}],"line":5},"1":{"loc":{"start":{"line":10,"column":2},"end":{"line":12,"column":3}},"type":"if","locations":[{"start":{"line":10,"column":2},"end":{"line":12,"column":3}},{"start":{"line":10,"column":2},"end":{"line":12,"column":3}}],"line":10},"2":{"loc":{"start":{"line":17,"column":2},"end":{"line":22,"column":3}},"type":"if","locations":[{"start":{"line":17,"column":2},"end":{"line":22,"column":3}},{"start":{"line":17,"column":2},"end":{"line":22,"column":3}}],"line":17},"3":{"loc":{"start":{"line":18,"column":4},"end":{"line":19,"column":42}},"type":"binary-expr","locations":[{"start":{"line":18,"column":4},"end":{"line":18,"column":46}},{"start":{"line":19,"column":4},"end":{"line":19,"column":42}}],"line":18},"4":{"loc":{"start":{"line":27,"column":2},"end":{"line":34,"column":3}},"type":"if","locations":[{"start":{"line":27,"column":2},"end":{"line":34,"column":3}},{"start":{"line":27,"column":2},"end":{"line":34,"column":3}}],"line":27}},"s":{"0":1,"1":0,"2":0,"3":0,"4":0,"5":0,"6":0,"7":1,"8":0,"9":0,"10":0,"11":0,"12":0,"13":0,"14":0,"15":0,"16":0,"17":0,"18":0},"f":{"0":0,"1":0,"2":0,"3":0},"b":{"0":[0,0],"1":[0,0],"2":[0,0],"3":[0,0],"4":[0,0]},"_coverageSchema":"332fd63041d2c1bcb487cc26dd0d5f7d97098a6c","hash":"c79b26345051559f8594842147b0b4f773028df3"}
,"/Users/mitrais/Documents/Addin/CDC/osc_team/App/Redux/StartupRedux.js": {"path":"/Users/mitrais/Documents/Addin/CDC/osc_team/App/Redux/StartupRedux.js","statementMap":{"0":{"start":{"line":5,"column":28},"end":{"line":7,"column":2}},"1":{"start":{"line":9,"column":28},"end":{"line":9,"column":33}}},"fnMap":{},"branchMap":{},"s":{"0":1,"1":1},"f":{},"b":{},"_coverageSchema":"332fd63041d2c1bcb487cc26dd0d5f7d97098a6c","hash":"ac82f0bd25a327c576c672ed5d2ab6fa9bdbdbbf"}
,"/Users/mitrais/Documents/Addin/CDC/osc_team/App/Redux/UserRedux.js": {"path":"/Users/mitrais/Documents/Addin/CDC/osc_team/App/Redux/UserRedux.js","statementMap":{"0":{"start":{"line":6,"column":28},"end":{"line":14,"column":2}},"1":{"start":{"line":16,"column":25},"end":{"line":16,"column":30}},"2":{"start":{"line":21,"column":29},"end":{"line":31,"column":2}},"3":{"start":{"line":36,"column":30},"end":{"line":37,"column":58}},"4":{"start":{"line":37,"column":2},"end":{"line":37,"column":58}},"5":{"start":{"line":40,"column":30},"end":{"line":42,"column":1}},"6":{"start":{"line":41,"column":2},"end":{"line":41,"column":61}},"7":{"start":{"line":45,"column":30},"end":{"line":46,"column":59}},"8":{"start":{"line":46,"column":2},"end":{"line":46,"column":59}},"9":{"start":{"line":49,"column":36},"end":{"line":50,"column":85}},"10":{"start":{"line":50,"column":2},"end":{"line":50,"column":85}},"11":{"start":{"line":53,"column":36},"end":{"line":55,"column":1}},"12":{"start":{"line":54,"column":2},"end":{"line":54,"column":61}},"13":{"start":{"line":58,"column":36},"end":{"line":59,"column":50}},"14":{"start":{"line":59,"column":2},"end":{"line":59,"column":50}},"15":{"start":{"line":61,"column":21},"end":{"line":61,"column":40}},"16":{"start":{"line":61,"column":27},"end":{"line":61,"column":40}},"17":{"start":{"line":65,"column":23},"end":{"line":73,"column":2}}},"fnMap":{"0":{"name":"(anonymous_0)","decl":{"start":{"line":36,"column":30},"end":{"line":36,"column":31}},"loc":{"start":{"line":37,"column":2},"end":{"line":37,"column":58}},"line":37},"1":{"name":"(anonymous_1)","decl":{"start":{"line":40,"column":30},"end":{"line":40,"column":31}},"loc":{"start":{"line":40,"column":51},"end":{"line":42,"column":1}},"line":40},"2":{"name":"(anonymous_2)","decl":{"start":{"line":45,"column":30},"end":{"line":45,"column":31}},"loc":{"start":{"line":46,"column":2},"end":{"line":46,"column":59}},"line":46},"3":{"name":"(anonymous_3)","decl":{"start":{"line":49,"column":36},"end":{"line":49,"column":37}},"loc":{"start":{"line":50,"column":2},"end":{"line":50,"column":85}},"line":50},"4":{"name":"(anonymous_4)","decl":{"start":{"line":53,"column":36},"end":{"line":53,"column":37}},"loc":{"start":{"line":53,"column":57},"end":{"line":55,"column":1}},"line":53},"5":{"name":"(anonymous_5)","decl":{"start":{"line":58,"column":36},"end":{"line":58,"column":37}},"loc":{"start":{"line":59,"column":2},"end":{"line":59,"column":50}},"line":59},"6":{"name":"(anonymous_6)","decl":{"start":{"line":61,"column":21},"end":{"line":61,"column":22}},"loc":{"start":{"line":61,"column":27},"end":{"line":61,"column":40}},"line":61}},"branchMap":{},"s":{"0":1,"1":1,"2":1,"3":1,"4":0,"5":1,"6":0,"7":1,"8":0,"9":1,"10":0,"11":1,"12":0,"13":1,"14":0,"15":1,"16":0,"17":1},"f":{"0":0,"1":0,"2":0,"3":0,"4":0,"5":0,"6":0},"b":{},"_coverageSchema":"332fd63041d2c1bcb487cc26dd0d5f7d97098a6c","hash":"664df1e3afc30abc9f966fc2518cd39c2525713a"}
,"/Users/mitrais/Documents/Addin/CDC/osc_team/App/Redux/index.js": {"path":"/Users/mitrais/Documents/Addin/CDC/osc_team/App/Redux/index.js","statementMap":{"0":{"start":{"line":7,"column":22},"end":{"line":14,"column":4}},"1":{"start":{"line":16,"column":2},"end":{"line":16,"column":46}}},"fnMap":{"0":{"name":"(anonymous_0)","decl":{"start":{"line":5,"column":15},"end":{"line":5,"column":16}},"loc":{"start":{"line":5,"column":21},"end":{"line":17,"column":1}},"line":5}},"branchMap":{},"s":{"0":0,"1":0},"f":{"0":0},"b":{},"_coverageSchema":"332fd63041d2c1bcb487cc26dd0d5f7d97098a6c","hash":"b42867eb9b4cd71cdbadc1b96c3be900a48c20ea"}
,"/Users/mitrais/Documents/Addin/CDC/osc_team/App/Sagas/ForgotPasswordSagas.js": {"path":"/Users/mitrais/Documents/Addin/CDC/osc_team/App/Sagas/ForgotPasswordSagas.js","statementMap":{"0":{"start":{"line":18,"column":19},"end":{"line":18,"column":56}},"1":{"start":{"line":20,"column":2},"end":{"line":31,"column":3}},"2":{"start":{"line":21,"column":31},"end":{"line":21,"column":44}},"3":{"start":{"line":22,"column":4},"end":{"line":28,"column":5}},"4":{"start":{"line":23,"column":6},"end":{"line":23,"column":35}},"5":{"start":{"line":24,"column":6},"end":{"line":24,"column":76}},"6":{"start":{"line":26,"column":6},"end":{"line":26,"column":37}},"7":{"start":{"line":27,"column":6},"end":{"line":27,"column":76}},"8":{"start":{"line":29,"column":9},"end":{"line":31,"column":3}},"9":{"start":{"line":30,"column":4},"end":{"line":30,"column":82}}},"fnMap":{"0":{"name":"forgotPassword","decl":{"start":{"line":16,"column":18},"end":{"line":16,"column":32}},"loc":{"start":{"line":16,"column":48},"end":{"line":32,"column":1}},"line":16}},"branchMap":{"0":{"loc":{"start":{"line":20,"column":2},"end":{"line":31,"column":3}},"type":"if","locations":[{"start":{"line":20,"column":2},"end":{"line":31,"column":3}},{"start":{"line":20,"column":2},"end":{"line":31,"column":3}}],"line":20},"1":{"loc":{"start":{"line":22,"column":4},"end":{"line":28,"column":5}},"type":"if","locations":[{"start":{"line":22,"column":4},"end":{"line":28,"column":5}},{"start":{"line":22,"column":4},"end":{"line":28,"column":5}}],"line":22},"2":{"loc":{"start":{"line":29,"column":9},"end":{"line":31,"column":3}},"type":"if","locations":[{"start":{"line":29,"column":9},"end":{"line":31,"column":3}},{"start":{"line":29,"column":9},"end":{"line":31,"column":3}}],"line":29}},"s":{"0":0,"1":0,"2":0,"3":0,"4":0,"5":0,"6":0,"7":0,"8":0,"9":0},"f":{"0":0},"b":{"0":[0,0],"1":[0,0],"2":[0,0]},"_coverageSchema":"332fd63041d2c1bcb487cc26dd0d5f7d97098a6c","hash":"a76105fbc10b0e471c789abd5a2e352c6b5140ba"}
,"/Users/mitrais/Documents/Addin/CDC/osc_team/App/Sagas/LoginSagas.js": {"path":"/Users/mitrais/Documents/Addin/CDC/osc_team/App/Sagas/LoginSagas.js","statementMap":{"0":{"start":{"line":9,"column":19},"end":{"line":9,"column":60}},"1":{"start":{"line":10,"column":51},"end":{"line":10,"column":64}},"2":{"start":{"line":11,"column":2},"end":{"line":20,"column":3}},"3":{"start":{"line":12,"column":4},"end":{"line":15,"column":5}},"4":{"start":{"line":13,"column":6},"end":{"line":13,"column":35}},"5":{"start":{"line":14,"column":6},"end":{"line":14,"column":57}},"6":{"start":{"line":17,"column":4},"end":{"line":17,"column":59}},"7":{"start":{"line":18,"column":4},"end":{"line":18,"column":69}},"8":{"start":{"line":19,"column":4},"end":{"line":19,"column":59}},"9":{"start":{"line":25,"column":19},"end":{"line":25,"column":59}},"10":{"start":{"line":26,"column":51},"end":{"line":26,"column":64}},"11":{"start":{"line":27,"column":2},"end":{"line":36,"column":3}},"12":{"start":{"line":28,"column":4},"end":{"line":31,"column":5}},"13":{"start":{"line":29,"column":6},"end":{"line":29,"column":35}},"14":{"start":{"line":30,"column":6},"end":{"line":30,"column":57}},"15":{"start":{"line":34,"column":4},"end":{"line":34,"column":69}},"16":{"start":{"line":35,"column":4},"end":{"line":35,"column":59}}},"fnMap":{"0":{"name":"login","decl":{"start":{"line":7,"column":18},"end":{"line":7,"column":23}},"loc":{"start":{"line":7,"column":52},"end":{"line":21,"column":1}},"line":7},"1":{"name":"socialLogin","decl":{"start":{"line":23,"column":18},"end":{"line":23,"column":29}},"loc":{"start":{"line":23,"column":51},"end":{"line":37,"column":1}},"line":23}},"branchMap":{"0":{"loc":{"start":{"line":11,"column":2},"end":{"line":20,"column":3}},"type":"if","locations":[{"start":{"line":11,"column":2},"end":{"line":20,"column":3}},{"start":{"line":11,"column":2},"end":{"line":20,"column":3}}],"line":11},"1":{"loc":{"start":{"line":12,"column":4},"end":{"line":15,"column":5}},"type":"if","locations":[{"start":{"line":12,"column":4},"end":{"line":15,"column":5}},{"start":{"line":12,"column":4},"end":{"line":15,"column":5}}],"line":12},"2":{"loc":{"start":{"line":12,"column":8},"end":{"line":12,"column":41}},"type":"binary-expr","locations":[{"start":{"line":12,"column":8},"end":{"line":12,"column":22}},{"start":{"line":12,"column":26},"end":{"line":12,"column":41}}],"line":12},"3":{"loc":{"start":{"line":27,"column":2},"end":{"line":36,"column":3}},"type":"if","locations":[{"start":{"line":27,"column":2},"end":{"line":36,"column":3}},{"start":{"line":27,"column":2},"end":{"line":36,"column":3}}],"line":27},"4":{"loc":{"start":{"line":28,"column":4},"end":{"line":31,"column":5}},"type":"if","locations":[{"start":{"line":28,"column":4},"end":{"line":31,"column":5}},{"start":{"line":28,"column":4},"end":{"line":31,"column":5}}],"line":28},"5":{"loc":{"start":{"line":28,"column":8},"end":{"line":28,"column":41}},"type":"binary-expr","locations":[{"start":{"line":28,"column":8},"end":{"line":28,"column":22}},{"start":{"line":28,"column":26},"end":{"line":28,"column":41}}],"line":28}},"s":{"0":0,"1":0,"2":0,"3":0,"4":0,"5":0,"6":0,"7":0,"8":0,"9":0,"10":0,"11":0,"12":0,"13":0,"14":0,"15":0,"16":0},"f":{"0":0,"1":0},"b":{"0":[0,0],"1":[0,0],"2":[0,0],"3":[0,0],"4":[0,0],"5":[0,0]},"_coverageSchema":"332fd63041d2c1bcb487cc26dd0d5f7d97098a6c","hash":"937b3722ff1194f105408c6d009f1065b6691d26"}
,"/Users/mitrais/Documents/Addin/CDC/osc_team/App/Sagas/ProductSagas.js": {"path":"/Users/mitrais/Documents/Addin/CDC/osc_team/App/Sagas/ProductSagas.js","statementMap":{"0":{"start":{"line":7,"column":19},"end":{"line":7,"column":46}},"1":{"start":{"line":8,"column":22},"end":{"line":8,"column":35}},"2":{"start":{"line":10,"column":2},"end":{"line":17,"column":3}},"3":{"start":{"line":11,"column":4},"end":{"line":14,"column":5}},"4":{"start":{"line":12,"column":6},"end":{"line":12,"column":35}},"5":{"start":{"line":13,"column":6},"end":{"line":13,"column":65}},"6":{"start":{"line":16,"column":4},"end":{"line":16,"column":63}}},"fnMap":{"0":{"name":"getProducts","decl":{"start":{"line":5,"column":18},"end":{"line":5,"column":29}},"loc":{"start":{"line":5,"column":36},"end":{"line":18,"column":1}},"line":5}},"branchMap":{"0":{"loc":{"start":{"line":10,"column":2},"end":{"line":17,"column":3}},"type":"if","locations":[{"start":{"line":10,"column":2},"end":{"line":17,"column":3}},{"start":{"line":10,"column":2},"end":{"line":17,"column":3}}],"line":10},"1":{"loc":{"start":{"line":11,"column":4},"end":{"line":14,"column":5}},"type":"if","locations":[{"start":{"line":11,"column":4},"end":{"line":14,"column":5}},{"start":{"line":11,"column":4},"end":{"line":14,"column":5}}],"line":11},"2":{"loc":{"start":{"line":11,"column":8},"end":{"line":11,"column":41}},"type":"binary-expr","locations":[{"start":{"line":11,"column":8},"end":{"line":11,"column":22}},{"start":{"line":11,"column":26},"end":{"line":11,"column":41}}],"line":11}},"s":{"0":0,"1":0,"2":0,"3":0,"4":0,"5":0,"6":0},"f":{"0":0},"b":{"0":[0,0],"1":[0,0],"2":[0,0]},"_coverageSchema":"332fd63041d2c1bcb487cc26dd0d5f7d97098a6c","hash":"476637669b5e5e186873ab9b993317f71de90a30"}
,"/Users/mitrais/Documents/Addin/CDC/osc_team/App/Sagas/RegistrationSagas.js": {"path":"/Users/mitrais/Documents/Addin/CDC/osc_team/App/Sagas/RegistrationSagas.js","statementMap":{"0":{"start":{"line":7,"column":19},"end":{"line":7,"column":93}},"1":{"start":{"line":8,"column":2},"end":{"line":8,"column":36}},"2":{"start":{"line":9,"column":22},"end":{"line":9,"column":35}},"3":{"start":{"line":11,"column":2},"end":{"line":19,"column":3}},"4":{"start":{"line":12,"column":4},"end":{"line":15,"column":5}},"5":{"start":{"line":13,"column":6},"end":{"line":13,"column":35}},"6":{"start":{"line":14,"column":6},"end":{"line":14,"column":71}},"7":{"start":{"line":17,"column":4},"end":{"line":17,"column":35}},"8":{"start":{"line":18,"column":4},"end":{"line":18,"column":63}}},"fnMap":{"0":{"name":"registration","decl":{"start":{"line":5,"column":18},"end":{"line":5,"column":30}},"loc":{"start":{"line":5,"column":85},"end":{"line":20,"column":1}},"line":5}},"branchMap":{"0":{"loc":{"start":{"line":11,"column":2},"end":{"line":19,"column":3}},"type":"if","locations":[{"start":{"line":11,"column":2},"end":{"line":19,"column":3}},{"start":{"line":11,"column":2},"end":{"line":19,"column":3}}],"line":11},"1":{"loc":{"start":{"line":12,"column":4},"end":{"line":15,"column":5}},"type":"if","locations":[{"start":{"line":12,"column":4},"end":{"line":15,"column":5}},{"start":{"line":12,"column":4},"end":{"line":15,"column":5}}],"line":12},"2":{"loc":{"start":{"line":12,"column":8},"end":{"line":12,"column":41}},"type":"binary-expr","locations":[{"start":{"line":12,"column":8},"end":{"line":12,"column":22}},{"start":{"line":12,"column":26},"end":{"line":12,"column":41}}],"line":12}},"s":{"0":0,"1":0,"2":0,"3":0,"4":0,"5":0,"6":0,"7":0,"8":0},"f":{"0":0},"b":{"0":[0,0],"1":[0,0],"2":[0,0]},"_coverageSchema":"332fd63041d2c1bcb487cc26dd0d5f7d97098a6c","hash":"a74a33385a78bad1d5df1ab5dfe1a17234fd082c"}
,"/Users/mitrais/Documents/Addin/CDC/osc_team/App/Sagas/UserSagas.js": {"path":"/Users/mitrais/Documents/Addin/CDC/osc_team/App/Sagas/UserSagas.js","statementMap":{"0":{"start":{"line":20,"column":19},"end":{"line":20,"column":62}},"1":{"start":{"line":21,"column":29},"end":{"line":21,"column":42}},"2":{"start":{"line":24,"column":2},"end":{"line":37,"column":3}},"3":{"start":{"line":25,"column":4},"end":{"line":31,"column":5}},"4":{"start":{"line":26,"column":30},"end":{"line":26,"column":53}},"5":{"start":{"line":27,"column":19},"end":{"line":27,"column":50}},"6":{"start":{"line":28,"column":6},"end":{"line":28,"column":53}},"7":{"start":{"line":30,"column":6},"end":{"line":30,"column":35}},"8":{"start":{"line":32,"column":9},"end":{"line":37,"column":3}},"9":{"start":{"line":33,"column":4},"end":{"line":35,"column":5}},"10":{"start":{"line":34,"column":6},"end":{"line":34,"column":33}},"11":{"start":{"line":36,"column":4},"end":{"line":36,"column":47}},"12":{"start":{"line":41,"column":2},"end":{"line":41,"column":55}},"13":{"start":{"line":42,"column":63},"end":{"line":42,"column":69}},"14":{"start":{"line":43,"column":19},"end":{"line":43,"column":104}},"15":{"start":{"line":44,"column":29},"end":{"line":44,"column":42}},"16":{"start":{"line":47,"column":2},"end":{"line":61,"column":3}},"17":{"start":{"line":48,"column":4},"end":{"line":55,"column":5}},"18":{"start":{"line":49,"column":19},"end":{"line":49,"column":50}},"19":{"start":{"line":50,"column":6},"end":{"line":50,"column":59}},"20":{"start":{"line":51,"column":6},"end":{"line":51,"column":37}},"21":{"start":{"line":53,"column":6},"end":{"line":53,"column":55}},"22":{"start":{"line":54,"column":6},"end":{"line":54,"column":35}},"23":{"start":{"line":56,"column":9},"end":{"line":61,"column":3}},"24":{"start":{"line":57,"column":4},"end":{"line":59,"column":5}},"25":{"start":{"line":58,"column":6},"end":{"line":58,"column":33}},"26":{"start":{"line":60,"column":4},"end":{"line":60,"column":53}}},"fnMap":{"0":{"name":"getUserProfile","decl":{"start":{"line":18,"column":18},"end":{"line":18,"column":32}},"loc":{"start":{"line":18,"column":56},"end":{"line":38,"column":1}},"line":18},"1":{"name":"updateUserProfile","decl":{"start":{"line":40,"column":18},"end":{"line":40,"column":35}},"loc":{"start":{"line":40,"column":50},"end":{"line":62,"column":1}},"line":40}},"branchMap":{"0":{"loc":{"start":{"line":24,"column":2},"end":{"line":37,"column":3}},"type":"if","locations":[{"start":{"line":24,"column":2},"end":{"line":37,"column":3}},{"start":{"line":24,"column":2},"end":{"line":37,"column":3}}],"line":24},"1":{"loc":{"start":{"line":25,"column":4},"end":{"line":31,"column":5}},"type":"if","locations":[{"start":{"line":25,"column":4},"end":{"line":31,"column":5}},{"start":{"line":25,"column":4},"end":{"line":31,"column":5}}],"line":25},"2":{"loc":{"start":{"line":32,"column":9},"end":{"line":37,"column":3}},"type":"if","locations":[{"start":{"line":32,"column":9},"end":{"line":37,"column":3}},{"start":{"line":32,"column":9},"end":{"line":37,"column":3}}],"line":32},"3":{"loc":{"start":{"line":33,"column":4},"end":{"line":35,"column":5}},"type":"if","locations":[{"start":{"line":33,"column":4},"end":{"line":35,"column":5}},{"start":{"line":33,"column":4},"end":{"line":35,"column":5}}],"line":33},"4":{"loc":{"start":{"line":33,"column":8},"end":{"line":33,"column":37}},"type":"binary-expr","locations":[{"start":{"line":33,"column":8},"end":{"line":33,"column":20}},{"start":{"line":33,"column":24},"end":{"line":33,"column":37}}],"line":33},"5":{"loc":{"start":{"line":47,"column":2},"end":{"line":61,"column":3}},"type":"if","locations":[{"start":{"line":47,"column":2},"end":{"line":61,"column":3}},{"start":{"line":47,"column":2},"end":{"line":61,"column":3}}],"line":47},"6":{"loc":{"start":{"line":48,"column":4},"end":{"line":55,"column":5}},"type":"if","locations":[{"start":{"line":48,"column":4},"end":{"line":55,"column":5}},{"start":{"line":48,"column":4},"end":{"line":55,"column":5}}],"line":48},"7":{"loc":{"start":{"line":56,"column":9},"end":{"line":61,"column":3}},"type":"if","locations":[{"start":{"line":56,"column":9},"end":{"line":61,"column":3}},{"start":{"line":56,"column":9},"end":{"line":61,"column":3}}],"line":56},"8":{"loc":{"start":{"line":57,"column":4},"end":{"line":59,"column":5}},"type":"if","locations":[{"start":{"line":57,"column":4},"end":{"line":59,"column":5}},{"start":{"line":57,"column":4},"end":{"line":59,"column":5}}],"line":57},"9":{"loc":{"start":{"line":57,"column":8},"end":{"line":57,"column":37}},"type":"binary-expr","locations":[{"start":{"line":57,"column":8},"end":{"line":57,"column":20}},{"start":{"line":57,"column":24},"end":{"line":57,"column":37}}],"line":57}},"s":{"0":0,"1":0,"2":0,"3":0,"4":0,"5":0,"6":0,"7":0,"8":0,"9":0,"10":0,"11":0,"12":0,"13":0,"14":0,"15":0,"16":0,"17":0,"18":0,"19":0,"20":0,"21":0,"22":0,"23":0,"24":0,"25":0,"26":0},"f":{"0":0,"1":0},"b":{"0":[0,0],"1":[0,0],"2":[0,0],"3":[0,0],"4":[0,0],"5":[0,0],"6":[0,0],"7":[0,0],"8":[0,0],"9":[0,0]},"_coverageSchema":"332fd63041d2c1bcb487cc26dd0d5f7d97098a6c","hash":"6d9ebffebcfa084fd01767571861c9c8d789e7c4"}
,"/Users/mitrais/Documents/Addin/CDC/osc_team/App/Sagas/index.js": {"path":"/Users/mitrais/Documents/Addin/CDC/osc_team/App/Sagas/index.js","statementMap":{"0":{"start":{"line":22,"column":12},"end":{"line":22,"column":24}},"1":{"start":{"line":27,"column":2},"end":{"line":35,"column":3}}},"fnMap":{"0":{"name":"root","decl":{"start":{"line":26,"column":26},"end":{"line":26,"column":30}},"loc":{"start":{"line":26,"column":34},"end":{"line":36,"column":1}},"line":26}},"branchMap":{},"s":{"0":1,"1":0},"f":{"0":0},"b":{},"_coverageSchema":"332fd63041d2c1bcb487cc26dd0d5f7d97098a6c","hash":"a8265eae8194d7bf4893da08439d2f499dea9d70"}
,"/Users/mitrais/Documents/Addin/CDC/osc_team/App/Services/Api.js": {"path":"/Users/mitrais/Documents/Addin/CDC/osc_team/App/Services/Api.js","statementMap":{"0":{"start":{"line":5,"column":15},"end":{"line":93,"column":1}},"1":{"start":{"line":12,"column":14},"end":{"line":21,"column":4}},"2":{"start":{"line":26,"column":2},"end":{"line":28,"column":3}},"3":{"start":{"line":27,"column":4},"end":{"line":27,"column":41}},"4":{"start":{"line":44,"column":16},"end":{"line":46,"column":4}},"5":{"start":{"line":44,"column":40},"end":{"line":46,"column":4}},"6":{"start":{"line":48,"column":22},"end":{"line":50,"column":4}},"7":{"start":{"line":48,"column":39},"end":{"line":50,"column":4}},"8":{"start":{"line":52,"column":23},"end":{"line":57,"column":4}},"9":{"start":{"line":52,"column":72},"end":{"line":57,"column":4}},"10":{"start":{"line":59,"column":25},"end":{"line":59,"column":78}},"11":{"start":{"line":59,"column":36},"end":{"line":59,"column":78}},"12":{"start":{"line":61,"column":22},"end":{"line":61,"column":52}},"13":{"start":{"line":61,"column":28},"end":{"line":61,"column":52}},"14":{"start":{"line":63,"column":25},"end":{"line":63,"column":130}},"15":{"start":{"line":63,"column":42},"end":{"line":63,"column":130}},"16":{"start":{"line":65,"column":28},"end":{"line":70,"column":59}},"17":{"start":{"line":65,"column":84},"end":{"line":70,"column":59}},"18":{"start":{"line":83,"column":2},"end":{"line":92,"column":3}}},"fnMap":{"0":{"name":"(anonymous_0)","decl":{"start":{"line":5,"column":15},"end":{"line":5,"column":16}},"loc":{"start":{"line":5,"column":56},"end":{"line":93,"column":1}},"line":5},"1":{"name":"(anonymous_1)","decl":{"start":{"line":44,"column":16},"end":{"line":44,"column":17}},"loc":{"start":{"line":44,"column":40},"end":{"line":46,"column":4}},"line":44},"2":{"name":"(anonymous_2)","decl":{"start":{"line":48,"column":22},"end":{"line":48,"column":23}},"loc":{"start":{"line":48,"column":39},"end":{"line":50,"column":4}},"line":48},"3":{"name":"(anonymous_3)","decl":{"start":{"line":52,"column":23},"end":{"line":52,"column":24}},"loc":{"start":{"line":52,"column":72},"end":{"line":57,"column":4}},"line":52},"4":{"name":"(anonymous_4)","decl":{"start":{"line":59,"column":25},"end":{"line":59,"column":26}},"loc":{"start":{"line":59,"column":36},"end":{"line":59,"column":78}},"line":59},"5":{"name":"(anonymous_5)","decl":{"start":{"line":61,"column":22},"end":{"line":61,"column":23}},"loc":{"start":{"line":61,"column":28},"end":{"line":61,"column":52}},"line":61},"6":{"name":"(anonymous_6)","decl":{"start":{"line":63,"column":25},"end":{"line":63,"column":26}},"loc":{"start":{"line":63,"column":42},"end":{"line":63,"column":130}},"line":63},"7":{"name":"(anonymous_7)","decl":{"start":{"line":65,"column":28},"end":{"line":65,"column":29}},"loc":{"start":{"line":65,"column":84},"end":{"line":70,"column":59}},"line":65}},"branchMap":{"0":{"loc":{"start":{"line":5,"column":16},"end":{"line":5,"column":51}},"type":"default-arg","locations":[{"start":{"line":5,"column":26},"end":{"line":5,"column":51}}],"line":5},"1":{"loc":{"start":{"line":26,"column":2},"end":{"line":28,"column":3}},"type":"if","locations":[{"start":{"line":26,"column":2},"end":{"line":28,"column":3}},{"start":{"line":26,"column":2},"end":{"line":28,"column":3}}],"line":26},"2":{"loc":{"start":{"line":26,"column":6},"end":{"line":26,"column":29}},"type":"binary-expr","locations":[{"start":{"line":26,"column":6},"end":{"line":26,"column":13}},{"start":{"line":26,"column":17},"end":{"line":26,"column":29}}],"line":26}},"s":{"0":1,"1":1,"2":1,"3":0,"4":1,"5":0,"6":1,"7":0,"8":1,"9":0,"10":1,"11":0,"12":1,"13":0,"14":1,"15":0,"16":1,"17":0,"18":1},"f":{"0":1,"1":0,"2":0,"3":0,"4":0,"5":0,"6":0,"7":0},"b":{"0":[1],"1":[0,1],"2":[1,1]},"_coverageSchema":"332fd63041d2c1bcb487cc26dd0d5f7d97098a6c","hash":"b3724f9acbcac38c9520a5ee42f2b58ac8c647a4"}
,"/Users/mitrais/Documents/Addin/CDC/osc_team/App/Services/ImmutablePersistenceTransform.js": {"path":"/Users/mitrais/Documents/Addin/CDC/osc_team/App/Services/ImmutablePersistenceTransform.js","statementMap":{"0":{"start":{"line":5,"column":20},"end":{"line":5,"column":38}},"1":{"start":{"line":8,"column":20},"end":{"line":8,"column":60}},"2":{"start":{"line":8,"column":31},"end":{"line":8,"column":60}},"3":{"start":{"line":11,"column":22},"end":{"line":11,"column":54}},"4":{"start":{"line":14,"column":20},"end":{"line":14,"column":43}},"5":{"start":{"line":14,"column":29},"end":{"line":14,"column":43}},"6":{"start":{"line":20,"column":4},"end":{"line":20,"column":29}},"7":{"start":{"line":24,"column":4},"end":{"line":24,"column":29}}},"fnMap":{"0":{"name":"(anonymous_0)","decl":{"start":{"line":8,"column":20},"end":{"line":8,"column":21}},"loc":{"start":{"line":8,"column":31},"end":{"line":8,"column":60}},"line":8},"1":{"name":"(anonymous_1)","decl":{"start":{"line":14,"column":20},"end":{"line":14,"column":21}},"loc":{"start":{"line":14,"column":29},"end":{"line":14,"column":43}},"line":14},"2":{"name":"(anonymous_2)","decl":{"start":{"line":18,"column":7},"end":{"line":18,"column":8}},"loc":{"start":{"line":18,"column":18},"end":{"line":21,"column":3}},"line":18},"3":{"name":"(anonymous_3)","decl":{"start":{"line":22,"column":6},"end":{"line":22,"column":7}},"loc":{"start":{"line":22,"column":15},"end":{"line":25,"column":3}},"line":22}},"branchMap":{},"s":{"0":1,"1":1,"2":0,"3":1,"4":1,"5":0,"6":0,"7":0},"f":{"0":0,"1":0,"2":0,"3":0},"b":{},"_coverageSchema":"332fd63041d2c1bcb487cc26dd0d5f7d97098a6c","hash":"dcce0a8caf8ae462f4eaebf06e8e98198d223668"}
,"/Users/mitrais/Documents/Addin/CDC/osc_team/App/Services/RehydrationServices.js": {"path":"/Users/mitrais/Documents/Addin/CDC/osc_team/App/Services/RehydrationServices.js","statementMap":{"0":{"start":{"line":7,"column":23},"end":{"line":36,"column":1}},"1":{"start":{"line":8,"column":25},"end":{"line":8,"column":52}},"2":{"start":{"line":9,"column":17},"end":{"line":9,"column":41}},"3":{"start":{"line":10,"column":18},"end":{"line":10,"column":64}},"4":{"start":{"line":10,"column":24},"end":{"line":10,"column":64}},"5":{"start":{"line":13,"column":2},"end":{"line":35,"column":4}},"6":{"start":{"line":14,"column":4},"end":{"line":31,"column":5}},"7":{"start":{"line":15,"column":6},"end":{"line":25,"column":7}},"8":{"start":{"line":16,"column":8},"end":{"line":24,"column":10}},"9":{"start":{"line":27,"column":6},"end":{"line":27,"column":50}},"10":{"start":{"line":28,"column":6},"end":{"line":28,"column":60}},"11":{"start":{"line":30,"column":6},"end":{"line":30,"column":42}},"12":{"start":{"line":33,"column":4},"end":{"line":33,"column":40}},"13":{"start":{"line":34,"column":4},"end":{"line":34,"column":58}}},"fnMap":{"0":{"name":"(anonymous_0)","decl":{"start":{"line":7,"column":23},"end":{"line":7,"column":24}},"loc":{"start":{"line":7,"column":42},"end":{"line":36,"column":1}},"line":7},"1":{"name":"(anonymous_1)","decl":{"start":{"line":10,"column":18},"end":{"line":10,"column":19}},"loc":{"start":{"line":10,"column":24},"end":{"line":10,"column":64}},"line":10},"2":{"name":"(anonymous_2)","decl":{"start":{"line":13,"column":46},"end":{"line":13,"column":47}},"loc":{"start":{"line":13,"column":64},"end":{"line":32,"column":3}},"line":13},"3":{"name":"(anonymous_3)","decl":{"start":{"line":32,"column":11},"end":{"line":32,"column":12}},"loc":{"start":{"line":32,"column":17},"end":{"line":35,"column":3}},"line":32}},"branchMap":{"0":{"loc":{"start":{"line":14,"column":4},"end":{"line":31,"column":5}},"type":"if","locations":[{"start":{"line":14,"column":4},"end":{"line":31,"column":5}},{"start":{"line":14,"column":4},"end":{"line":31,"column":5}}],"line":14},"1":{"loc":{"start":{"line":15,"column":6},"end":{"line":25,"column":7}},"type":"if","locations":[{"start":{"line":15,"column":6},"end":{"line":25,"column":7}},{"start":{"line":15,"column":6},"end":{"line":25,"column":7}}],"line":15}},"s":{"0":1,"1":0,"2":0,"3":0,"4":0,"5":0,"6":0,"7":0,"8":0,"9":0,"10":0,"11":0,"12":0,"13":0},"f":{"0":0,"1":0,"2":0,"3":0},"b":{"0":[0,0],"1":[0,0]},"_coverageSchema":"332fd63041d2c1bcb487cc26dd0d5f7d97098a6c","hash":"4efdec3967613ba089df997039ecbf943653bf78"}
,"/Users/mitrais/Documents/Addin/CDC/osc_team/App/Services/StorageService.js": {"path":"/Users/mitrais/Documents/Addin/CDC/osc_team/App/Services/StorageService.js","statementMap":{"0":{"start":{"line":3,"column":21},"end":{"line":3,"column":34}},"1":{"start":{"line":8,"column":4},"end":{"line":8,"column":51}},"2":{"start":{"line":13,"column":4},"end":{"line":13,"column":41}},"3":{"start":{"line":18,"column":4},"end":{"line":18,"column":45}},"4":{"start":{"line":22,"column":4},"end":{"line":24,"column":6}},"5":{"start":{"line":23,"column":6},"end":{"line":23,"column":24}}},"fnMap":{"0":{"name":"(anonymous_0)","decl":{"start":{"line":7,"column":2},"end":{"line":7,"column":3}},"loc":{"start":{"line":7,"column":35},"end":{"line":10,"column":3}},"line":7},"1":{"name":"(anonymous_1)","decl":{"start":{"line":12,"column":2},"end":{"line":12,"column":3}},"loc":{"start":{"line":12,"column":26},"end":{"line":15,"column":3}},"line":12},"2":{"name":"(anonymous_2)","decl":{"start":{"line":17,"column":2},"end":{"line":17,"column":3}},"loc":{"start":{"line":17,"column":27},"end":{"line":19,"column":3}},"line":17},"3":{"name":"(anonymous_3)","decl":{"start":{"line":21,"column":2},"end":{"line":21,"column":3}},"loc":{"start":{"line":21,"column":23},"end":{"line":25,"column":3}},"line":21},"4":{"name":"(anonymous_4)","decl":{"start":{"line":22,"column":38},"end":{"line":22,"column":39}},"loc":{"start":{"line":22,"column":55},"end":{"line":24,"column":5}},"line":22}},"branchMap":{},"s":{"0":1,"1":0,"2":0,"3":0,"4":0,"5":0},"f":{"0":0,"1":0,"2":0,"3":0,"4":0},"b":{},"_coverageSchema":"332fd63041d2c1bcb487cc26dd0d5f7d97098a6c","hash":"51687833f77dd77ab270606621805dcfa5dd2e8d"}
,"/Users/mitrais/Documents/Addin/CDC/osc_team/App/Themes/ApplicationStyles.js": {"path":"/Users/mitrais/Documents/Addin/CDC/osc_team/App/Themes/ApplicationStyles.js","statementMap":{"0":{"start":{"line":8,"column":26},"end":{"line":133,"column":1}}},"fnMap":{},"branchMap":{},"s":{"0":6},"f":{},"b":{},"_coverageSchema":"332fd63041d2c1bcb487cc26dd0d5f7d97098a6c","hash":"05fe0a232846046886e761aeadb157cde76ad168"}
,"/Users/mitrais/Documents/Addin/CDC/osc_team/App/Themes/Colors.js": {"path":"/Users/mitrais/Documents/Addin/CDC/osc_team/App/Themes/Colors.js","statementMap":{"0":{"start":{"line":1,"column":15},"end":{"line":27,"column":1}}},"fnMap":{},"branchMap":{},"s":{"0":6},"f":{},"b":{},"_coverageSchema":"332fd63041d2c1bcb487cc26dd0d5f7d97098a6c","hash":"4251f4aa1fd5763e5ef43666c28c4a96f43406a4"}
,"/Users/mitrais/Documents/Addin/CDC/osc_team/App/Themes/Fonts.js": {"path":"/Users/mitrais/Documents/Addin/CDC/osc_team/App/Themes/Fonts.js","statementMap":{"0":{"start":{"line":1,"column":13},"end":{"line":5,"column":1}},"1":{"start":{"line":7,"column":13},"end":{"line":19,"column":1}},"2":{"start":{"line":21,"column":14},"end":{"line":54,"column":1}}},"fnMap":{},"branchMap":{},"s":{"0":6,"1":6,"2":6},"f":{},"b":{},"_coverageSchema":"332fd63041d2c1bcb487cc26dd0d5f7d97098a6c","hash":"32d1908ae90204aba7a6e0a718a9c6ae12c185c6"}
,"/Users/mitrais/Documents/Addin/CDC/osc_team/App/Themes/Images.js": {"path":"/Users/mitrais/Documents/Addin/CDC/osc_team/App/Themes/Images.js","statementMap":{"0":{"start":{"line":2,"column":15},"end":{"line":23,"column":1}}},"fnMap":{},"branchMap":{},"s":{"0":6},"f":{},"b":{},"_coverageSchema":"332fd63041d2c1bcb487cc26dd0d5f7d97098a6c","hash":"8cdcf9d50daa41c3e48857e581a54a24ca275530"}
,"/Users/mitrais/Documents/Addin/CDC/osc_team/App/Themes/Metrics.js": {"path":"/Users/mitrais/Documents/Addin/CDC/osc_team/App/Themes/Metrics.js","statementMap":{"0":{"start":{"line":3,"column":26},"end":{"line":3,"column":50}},"1":{"start":{"line":6,"column":16},"end":{"line":38,"column":1}}},"fnMap":{},"branchMap":{"0":{"loc":{"start":{"line":16,"column":15},"end":{"line":16,"column":46}},"type":"cond-expr","locations":[{"start":{"line":16,"column":32},"end":{"line":16,"column":37}},{"start":{"line":16,"column":40},"end":{"line":16,"column":46}}],"line":16},"1":{"loc":{"start":{"line":17,"column":16},"end":{"line":17,"column":47}},"type":"cond-expr","locations":[{"start":{"line":17,"column":33},"end":{"line":17,"column":39}},{"start":{"line":17,"column":42},"end":{"line":17,"column":47}}],"line":17},"2":{"loc":{"start":{"line":18,"column":16},"end":{"line":18,"column":49}},"type":"cond-expr","locations":[{"start":{"line":18,"column":42},"end":{"line":18,"column":44}},{"start":{"line":18,"column":47},"end":{"line":18,"column":49}}],"line":18}},"s":{"0":6,"1":6},"f":{},"b":{"0":[6,0],"1":[6,0],"2":[6,0]},"_coverageSchema":"332fd63041d2c1bcb487cc26dd0d5f7d97098a6c","hash":"1eb8e2297ce8a495ac1ccd019740cedcbb3803ae"}
,"/Users/mitrais/Documents/Addin/CDC/osc_team/App/Themes/index.js": {"path":"/Users/mitrais/Documents/Addin/CDC/osc_team/App/Themes/index.js","statementMap":{},"fnMap":{},"branchMap":{},"s":{},"f":{},"b":{},"_coverageSchema":"332fd63041d2c1bcb487cc26dd0d5f7d97098a6c","hash":"ed5825ecd27ff071e2cdd3b14dcc31adf8f3a105"}
,"/Users/mitrais/Documents/Addin/CDC/osc_team/App/Transforms/ConvertUserProfile.js": {"path":"/Users/mitrais/Documents/Addin/CDC/osc_team/App/Transforms/ConvertUserProfile.js","statementMap":{"0":{"start":{"line":2,"column":15},"end":{"line":2,"column":28}},"1":{"start":{"line":4,"column":2},"end":{"line":4,"column":13}}},"fnMap":{"0":{"name":"(anonymous_0)","decl":{"start":{"line":1,"column":15},"end":{"line":1,"column":16}},"loc":{"start":{"line":1,"column":32},"end":{"line":5,"column":1}},"line":1}},"branchMap":{},"s":{"0":0,"1":0},"f":{"0":0},"b":{},"_coverageSchema":"332fd63041d2c1bcb487cc26dd0d5f7d97098a6c","hash":"5198af5edcc6ae8002e9c56282ad1ef8ed385169"}
}
