TN:
SF:/Users/mtmac21/Documents/irna/cdc/Scrum/OneStopClick/App/Components/DrawerHeader.js
FN:7,(anonymous_0)
FN:11,(anonymous_1)
FNF:2
FNH:1
FNDA:0,(anonymous_0)
FNDA:4,(anonymous_1)
DA:8,0
DA:12,4
DA:13,4
DA:23,2
LF:4
LH:3
BRF:0
BRH:0
end_of_record
TN:
SF:/Users/mtmac21/Documents/irna/cdc/Scrum/OneStopClick/App/Components/FormGenerator.js
FN:8,(anonymous_0)
FN:13,(anonymous_1)
FN:27,(anonymous_2)
FN:28,(anonymous_3)
FN:29,(anonymous_4)
FN:38,(anonymous_5)
FN:48,(anonymous_6)
FNF:7
FNH:3
FNDA:0,(anonymous_0)
FNDA:2,(anonymous_1)
FNDA:0,(anonymous_2)
FNDA:0,(anonymous_3)
FNDA:0,(anonymous_4)
FNDA:4,(anonymous_5)
FNDA:5,(anonymous_6)
DA:9,0
DA:10,0
DA:14,2
DA:15,2
DA:16,2
DA:17,2
DA:27,0
DA:28,0
DA:29,0
DA:39,4
DA:49,5
LF:11
LH:6
BRF:0
BRH:0
end_of_record
TN:
SF:/Users/mtmac21/Documents/irna/cdc/Scrum/OneStopClick/App/Components/ProgressIndicator.js
FN:20,(anonymous_0)
FNF:1
FNH:1
FNDA:3,(anonymous_0)
DA:21,3
DA:22,3
LF:2
LH:2
BRF:0
BRH:0
end_of_record
TN:
SF:/Users/mtmac21/Documents/irna/cdc/Scrum/OneStopClick/App/Components/Styles/DrawerHeaderStyle.js
FNF:0
FNH:0
LF:0
LH:0
BRF:0
BRH:0
end_of_record
TN:
SF:/Users/mtmac21/Documents/irna/cdc/Scrum/OneStopClick/App/Components/Styles/ProgressIndicatorStyle.js
FNF:0
FNH:0
LF:0
LH:0
BRF:0
BRH:0
end_of_record
TN:
SF:/Users/mtmac21/Documents/irna/cdc/Scrum/OneStopClick/App/Config/DebugConfig.js
FNF:0
FNH:0
LF:0
LH:0
BRF:0
BRH:0
end_of_record
TN:
SF:/Users/mtmac21/Documents/irna/cdc/Scrum/OneStopClick/App/Config/ReduxPersist.js
FNF:0
FNH:0
DA:5,1
LF:1
LH:1
BRF:0
BRH:0
end_of_record
TN:
SF:/Users/mtmac21/Documents/irna/cdc/Scrum/OneStopClick/App/Containers/AccountScreen.js
FN:23,(anonymous_0)
FN:24,(anonymous_1)
FN:32,(anonymous_2)
FN:37,(anonymous_3)
FN:38,(anonymous_4)
FN:44,(anonymous_5)
FN:57,(anonymous_6)
FN:68,(anonymous_7)
FN:78,(anonymous_8)
FN:90,(anonymous_9)
FN:95,(anonymous_10)
FNF:11
FNH:6
FNDA:3,(anonymous_0)
FNDA:3,(anonymous_1)
FNDA:0,(anonymous_2)
FNDA:0,(anonymous_3)
FNDA:0,(anonymous_4)
FNDA:3,(anonymous_5)
FNDA:0,(anonymous_6)
FNDA:3,(anonymous_7)
FNDA:0,(anonymous_8)
FNDA:3,(anonymous_9)
FNDA:3,(anonymous_10)
DA:24,3
DA:25,3
DA:26,3
DA:33,0
DA:37,0
DA:38,0
DA:45,3
DA:54,0
DA:59,0
DA:64,0
DA:65,0
DA:69,3
DA:78,0
DA:90,1
DA:91,3
DA:95,1
DA:96,3
LF:17
LH:9
BRDA:25,0,0,3
BRDA:25,0,1,0
BRF:2
BRH:1
end_of_record
TN:
SF:/Users/mtmac21/Documents/irna/cdc/Scrum/OneStopClick/App/Containers/LoginScreen.js
FN:44,(anonymous_0)
FN:59,(anonymous_1)
FN:63,(anonymous_2)
FN:66,(anonymous_3)
FN:76,(anonymous_4)
FN:83,(anonymous_5)
FN:90,(anonymous_6)
FN:100,(anonymous_7)
FN:108,(anonymous_8)
FN:124,(anonymous_9)
FN:134,(anonymous_10)
FN:135,(anonymous_11)
FN:140,(anonymous_12)
FN:154,(anonymous_13)
FN:161,(anonymous_14)
FN:165,(anonymous_15)
FN:168,(anonymous_16)
FN:174,(anonymous_17)
FN:180,(anonymous_18)
FN:182,(anonymous_19)
FN:185,(anonymous_20)
FN:192,(anonymous_21)
FN:219,(anonymous_22)
FN:225,(anonymous_23)
FN:232,(anonymous_24)
FN:266,(anonymous_25)
FN:276,(anonymous_26)
FN:278,(anonymous_27)
FN:279,(anonymous_28)
FNF:29
FNH:0
FNDA:0,(anonymous_0)
FNDA:0,(anonymous_1)
FNDA:0,(anonymous_2)
FNDA:0,(anonymous_3)
FNDA:0,(anonymous_4)
FNDA:0,(anonymous_5)
FNDA:0,(anonymous_6)
FNDA:0,(anonymous_7)
FNDA:0,(anonymous_8)
FNDA:0,(anonymous_9)
FNDA:0,(anonymous_10)
FNDA:0,(anonymous_11)
FNDA:0,(anonymous_12)
FNDA:0,(anonymous_13)
FNDA:0,(anonymous_14)
FNDA:0,(anonymous_15)
FNDA:0,(anonymous_16)
FNDA:0,(anonymous_17)
FNDA:0,(anonymous_18)
FNDA:0,(anonymous_19)
FNDA:0,(anonymous_20)
FNDA:0,(anonymous_21)
FNDA:0,(anonymous_22)
FNDA:0,(anonymous_23)
FNDA:0,(anonymous_24)
FNDA:0,(anonymous_25)
FNDA:0,(anonymous_26)
FNDA:0,(anonymous_27)
FNDA:0,(anonymous_28)
DA:22,1
DA:28,1
DA:45,0
DA:46,0
DA:49,0
DA:50,0
DA:51,0
DA:52,0
DA:53,0
DA:54,0
DA:56,0
DA:60,0
DA:64,0
DA:65,0
DA:66,0
DA:67,0
DA:68,0
DA:69,0
DA:70,0
DA:73,0
DA:77,0
DA:78,0
DA:79,0
DA:84,0
DA:85,0
DA:86,0
DA:91,0
DA:97,0
DA:101,0
DA:105,0
DA:109,0
DA:110,0
DA:119,0
DA:125,0
DA:126,0
DA:127,0
DA:129,0
DA:130,0
DA:135,0
DA:137,0
DA:139,0
DA:143,0
DA:149,0
DA:155,0
DA:162,0
DA:163,0
DA:164,0
DA:165,0
DA:166,0
DA:169,0
DA:175,0
DA:181,0
DA:183,0
DA:186,0
DA:193,0
DA:194,0
DA:195,0
DA:219,0
DA:225,0
DA:232,0
DA:266,1
DA:267,0
DA:276,1
DA:277,0
DA:278,0
DA:279,0
LF:66
LH:4
BRDA:69,0,0,0
BRDA:69,0,1,0
BRDA:77,1,0,0
BRDA:77,1,1,0
BRDA:85,2,0,0
BRDA:85,2,1,0
BRDA:85,3,0,0
BRDA:85,3,1,0
BRDA:125,4,0,0
BRDA:125,4,1,0
BRDA:137,5,0,0
BRDA:137,5,1,0
BRDA:162,6,0,0
BRDA:162,6,1,0
BRDA:164,7,0,0
BRDA:164,7,1,0
BRF:16
BRH:0
end_of_record
TN:
SF:/Users/mtmac21/Documents/irna/cdc/Scrum/OneStopClick/App/Containers/Bases/AccountDrawerBase.js
FN:5,(anonymous_0)
FN:7,(anonymous_1)
FNF:2
FNH:1
FNDA:2,(anonymous_0)
FNDA:0,(anonymous_1)
DA:6,2
DA:8,0
LF:2
LH:1
BRF:0
BRH:0
end_of_record
TN:
SF:/Users/mtmac21/Documents/irna/cdc/Scrum/OneStopClick/App/Containers/Styles/AccountScreenStyle.js
FNF:0
FNH:0
LF:0
LH:0
BRF:0
BRH:0
end_of_record
TN:
SF:/Users/mtmac21/Documents/irna/cdc/Scrum/OneStopClick/App/Containers/Styles/LoginScreenStyle.js
FNF:0
FNH:0
LF:0
LH:0
BRF:0
BRH:0
end_of_record
TN:
SF:/Users/mtmac21/Documents/irna/cdc/Scrum/OneStopClick/App/Lib/validator.js
FN:3,validateField
FN:6,(anonymous_1)
FN:27,validateEmail
FN:39,validateRequired
FN:50,validateMinLength
FNF:5
FNH:0
FNDA:0,validateField
FNDA:0,(anonymous_1)
FNDA:0,validateEmail
FNDA:0,validateRequired
FNDA:0,validateMinLength
DA:4,0
DA:5,0
DA:6,0
DA:7,0
DA:9,0
DA:10,0
DA:11,0
DA:12,0
DA:15,0
DA:16,0
DA:17,0
DA:19,0
DA:20,0
DA:21,0
DA:24,0
DA:28,0
DA:29,0
DA:30,0
DA:31,0
DA:33,0
DA:34,0
DA:36,0
DA:40,0
DA:41,0
DA:42,0
DA:44,0
DA:45,0
DA:47,0
DA:51,0
DA:52,0
DA:53,0
DA:55,0
DA:56,0
DA:58,0
LF:34
LH:0
BRDA:9,0,0,0
BRDA:9,0,1,0
BRDA:9,1,0,0
BRDA:9,1,1,0
BRDA:10,2,0,0
BRDA:10,2,1,0
BRDA:15,3,0,0
BRDA:15,3,1,0
BRDA:15,4,0,0
BRDA:15,4,1,0
BRDA:19,5,0,0
BRDA:19,5,1,0
BRDA:19,6,0,0
BRDA:19,6,1,0
BRDA:29,7,0,0
BRDA:29,7,1,0
BRDA:40,8,0,0
BRDA:40,8,1,0
BRDA:40,9,0,0
BRDA:40,9,1,0
BRDA:51,10,0,0
BRDA:51,10,1,0
BRF:22
BRH:0
end_of_record
TN:
SF:/Users/mtmac21/Documents/irna/cdc/Scrum/OneStopClick/App/Models/LoginModel.js
FNF:0
FNH:0
DA:1,1
LF:1
LH:1
BRF:0
BRH:0
end_of_record
TN:
SF:/Users/mtmac21/Documents/irna/cdc/Scrum/OneStopClick/App/Redux/CreateStore.js
FN:10,(anonymous_0)
FNF:1
FNH:0
FNDA:0,(anonymous_0)
DA:13,0
DA:14,0
DA:17,0
DA:21,0
DA:22,0
DA:23,0
DA:27,0
DA:32,0
DA:33,0
DA:37,0
DA:38,0
DA:41,0
DA:42,0
DA:46,0
DA:48,0
LF:15
LH:0
BRDA:21,0,0,0
BRDA:21,0,1,0
BRDA:32,1,0,0
BRDA:32,1,1,0
BRDA:37,2,0,0
BRDA:37,2,1,0
BRDA:41,3,0,0
BRDA:41,3,1,0
BRF:8
BRH:0
end_of_record
TN:
SF:/Users/mtmac21/Documents/irna/cdc/Scrum/OneStopClick/App/Redux/ForgotPasswordRedux.js
FN:27,(anonymous_0)
FN:31,(anonymous_1)
FN:37,(anonymous_2)
FNF:3
FNH:0
FNDA:0,(anonymous_0)
FNDA:0,(anonymous_1)
FNDA:0,(anonymous_2)
DA:6,1
DA:12,1
DA:17,1
DA:27,1
DA:28,0
DA:31,1
DA:32,0
DA:33,0
DA:37,1
DA:38,0
DA:39,0
DA:44,1
LF:12
LH:7
BRF:0
BRH:0
end_of_record
TN:
SF:/Users/mtmac21/Documents/irna/cdc/Scrum/OneStopClick/App/Redux/LoginRedux.js
FN:35,(anonymous_0)
FN:38,(anonymous_1)
FN:42,(anonymous_2)
FN:46,(anonymous_3)
FN:51,(anonymous_4)
FN:54,(anonymous_5)
FN:58,(anonymous_6)
FN:73,(anonymous_7)
FNF:8
FNH:0
FNDA:0,(anonymous_0)
FNDA:0,(anonymous_1)
FNDA:0,(anonymous_2)
FNDA:0,(anonymous_3)
FNDA:0,(anonymous_4)
FNDA:0,(anonymous_5)
FNDA:0,(anonymous_6)
FNDA:0,(anonymous_7)
DA:6,1
DA:16,1
DA:21,1
DA:35,1
DA:36,0
DA:38,1
DA:39,0
DA:42,1
DA:43,0
DA:46,1
DA:47,0
DA:51,1
DA:52,0
DA:54,1
DA:55,0
DA:58,1
DA:62,1
DA:73,1
LF:18
LH:12
BRF:0
BRH:0
end_of_record
TN:
SF:/Users/mtmac21/Documents/irna/cdc/Scrum/OneStopClick/App/Redux/ProductRedux.js
FN:27,(anonymous_0)
FN:31,(anonymous_1)
FN:36,(anonymous_2)
FNF:3
FNH:0
FNDA:0,(anonymous_0)
FNDA:0,(anonymous_1)
FNDA:0,(anonymous_2)
DA:6,1
DA:12,1
DA:17,1
DA:27,1
DA:28,0
DA:31,1
DA:32,0
DA:36,1
DA:37,0
DA:41,1
LF:10
LH:7
BRF:0
BRH:0
end_of_record
TN:
SF:/Users/mtmac21/Documents/irna/cdc/Scrum/OneStopClick/App/Redux/RegistrationRedux.js
FN:31,(anonymous_0)
FN:35,(anonymous_1)
FN:40,(anonymous_2)
FNF:3
FNH:0
FNDA:0,(anonymous_0)
FNDA:0,(anonymous_1)
FNDA:0,(anonymous_2)
DA:6,1
DA:12,1
DA:17,1
DA:31,1
DA:32,0
DA:35,1
DA:36,0
DA:40,1
DA:41,0
DA:45,1
LF:10
LH:7
BRF:0
BRH:0
end_of_record
TN:
SF:/Users/mtmac21/Documents/irna/cdc/Scrum/OneStopClick/App/Redux/ScreenTrackingMiddleware.js
FN:4,(anonymous_0)
FN:16,(anonymous_1)
FN:16,(anonymous_2)
FN:16,(anonymous_3)
FNF:4
FNH:0
FNDA:0,(anonymous_0)
FNDA:0,(anonymous_1)
FNDA:0,(anonymous_2)
FNDA:0,(anonymous_3)
DA:4,1
DA:5,0
DA:6,0
DA:8,0
DA:10,0
DA:11,0
DA:13,0
DA:16,1
DA:17,0
DA:21,0
DA:24,0
DA:25,0
DA:26,0
DA:27,0
DA:28,0
DA:29,0
DA:32,0
DA:35,0
LF:18
LH:2
BRDA:5,0,0,0
BRDA:5,0,1,0
BRDA:10,1,0,0
BRDA:10,1,1,0
BRDA:17,2,0,0
BRDA:17,2,1,0
BRDA:18,3,0,0
BRDA:18,3,1,0
BRDA:27,4,0,0
BRDA:27,4,1,0
BRF:10
BRH:0
end_of_record
TN:
SF:/Users/mtmac21/Documents/irna/cdc/Scrum/OneStopClick/App/Redux/StartupRedux.js
FNF:0
FNH:0
DA:5,1
DA:9,1
LF:2
LH:2
BRF:0
BRH:0
end_of_record
TN:
SF:/Users/mtmac21/Documents/irna/cdc/Scrum/OneStopClick/App/Redux/index.js
FN:5,(anonymous_0)
FNF:1
FNH:0
FNDA:0,(anonymous_0)
DA:7,0
DA:15,0
LF:2
LH:0
BRF:0
BRH:0
end_of_record
TN:
SF:/Users/mtmac21/Documents/irna/cdc/Scrum/OneStopClick/App/Sagas/ForgotPasswordSagas.js
FN:16,forgotPassword
FNF:1
FNH:0
FNDA:0,forgotPassword
DA:18,0
DA:20,0
DA:21,0
DA:22,0
DA:23,0
DA:24,0
DA:26,0
DA:27,0
DA:29,0
DA:30,0
LF:10
LH:0
BRDA:20,0,0,0
BRDA:20,0,1,0
BRDA:22,1,0,0
BRDA:22,1,1,0
BRDA:29,2,0,0
BRDA:29,2,1,0
BRF:6
BRH:0
end_of_record
TN:
SF:/Users/mtmac21/Documents/irna/cdc/Scrum/OneStopClick/App/Sagas/LoginSagas.js
FN:6,login
FN:21,socialLogin
FNF:2
FNH:0
FNDA:0,login
FNDA:0,socialLogin
DA:8,0
DA:9,0
DA:10,0
DA:11,0
DA:12,0
DA:13,0
DA:16,0
DA:17,0
DA:23,0
DA:24,0
DA:25,0
DA:26,0
DA:27,0
DA:28,0
DA:31,0
DA:32,0
LF:16
LH:0
BRDA:10,0,0,0
BRDA:10,0,1,0
BRDA:11,1,0,0
BRDA:11,1,1,0
BRDA:11,2,0,0
BRDA:11,2,1,0
BRDA:25,3,0,0
BRDA:25,3,1,0
BRDA:26,4,0,0
BRDA:26,4,1,0
BRDA:26,5,0,0
BRDA:26,5,1,0
BRF:12
BRH:0
end_of_record
TN:
SF:/Users/mtmac21/Documents/irna/cdc/Scrum/OneStopClick/App/Sagas/RegistrationSagas.js
FN:5,registration
FNF:1
FNH:0
FNDA:0,registration
DA:7,0
DA:8,0
DA:9,0
DA:11,0
DA:12,0
DA:13,0
DA:14,0
DA:17,0
DA:18,0
LF:9
LH:0
BRDA:11,0,0,0
BRDA:11,0,1,0
BRDA:12,1,0,0
BRDA:12,1,1,0
BRDA:12,2,0,0
BRDA:12,2,1,0
BRF:6
BRH:0
end_of_record
TN:
SF:/Users/mtmac21/Documents/irna/cdc/Scrum/OneStopClick/App/Sagas/index.js
FN:26,root
FNF:1
FNH:0
FNDA:0,root
DA:22,1
DA:27,0
LF:2
LH:1
BRF:0
BRH:0
end_of_record
TN:
SF:/Users/mtmac21/Documents/irna/cdc/Scrum/OneStopClick/App/Sagas/productSagas.js
FN:5,getProducts
FNF:1
FNH:0
FNDA:0,getProducts
DA:7,0
DA:8,0
DA:9,0
DA:11,0
DA:12,0
DA:13,0
DA:14,0
DA:17,0
LF:8
LH:0
BRDA:11,0,0,0
BRDA:11,0,1,0
BRDA:12,1,0,0
BRDA:12,1,1,0
BRDA:12,2,0,0
BRDA:12,2,1,0
BRF:6
BRH:0
end_of_record
TN:
SF:/Users/mtmac21/Documents/irna/cdc/Scrum/OneStopClick/App/Services/Api.js
FN:5,(anonymous_0)
FN:44,(anonymous_1)
FN:48,(anonymous_2)
FN:52,(anonymous_3)
FN:56,(anonymous_4)
FN:58,(anonymous_5)
FNF:6
FNH:1
FNDA:1,(anonymous_0)
FNDA:0,(anonymous_1)
FNDA:0,(anonymous_2)
FNDA:0,(anonymous_3)
FNDA:0,(anonymous_4)
FNDA:0,(anonymous_5)
DA:5,1
DA:12,1
DA:26,1
DA:27,0
DA:44,1
DA:48,1
DA:52,1
DA:56,1
DA:58,1
DA:71,1
LF:10
LH:9
BRDA:5,0,0,1
BRDA:26,1,0,0
BRDA:26,1,1,1
BRDA:26,2,0,1
BRDA:26,2,1,1
BRF:5
BRH:4
end_of_record
TN:
SF:/Users/mtmac21/Documents/irna/cdc/Scrum/OneStopClick/App/Services/FixtureApi.js
FNF:0
FNH:0
LF:0
LH:0
BRF:0
BRH:0
end_of_record
TN:
SF:/Users/mtmac21/Documents/irna/cdc/Scrum/OneStopClick/App/Services/ImmutablePersistenceTransform.js
FN:8,(anonymous_0)
FN:14,(anonymous_1)
FN:18,(anonymous_2)
FN:22,(anonymous_3)
FNF:4
FNH:0
FNDA:0,(anonymous_0)
FNDA:0,(anonymous_1)
FNDA:0,(anonymous_2)
FNDA:0,(anonymous_3)
DA:5,1
DA:8,1
DA:11,1
DA:14,1
DA:20,0
DA:24,0
LF:6
LH:4
BRF:0
BRH:0
end_of_record
TN:
SF:/Users/mtmac21/Documents/irna/cdc/Scrum/OneStopClick/App/Services/RehydrationServices.js
FN:7,(anonymous_0)
FN:10,(anonymous_1)
FN:13,(anonymous_2)
FN:32,(anonymous_3)
FNF:4
FNH:0
FNDA:0,(anonymous_0)
FNDA:0,(anonymous_1)
FNDA:0,(anonymous_2)
FNDA:0,(anonymous_3)
DA:7,1
DA:8,0
DA:9,0
DA:10,0
DA:13,0
DA:14,0
DA:15,0
DA:16,0
DA:27,0
DA:28,0
DA:30,0
DA:33,0
DA:34,0
LF:13
LH:1
BRDA:14,0,0,0
BRDA:14,0,1,0
BRDA:15,1,0,0
BRDA:15,1,1,0
BRF:4
BRH:0
end_of_record
TN:
SF:/Users/mtmac21/Documents/irna/cdc/Scrum/OneStopClick/App/Services/StorageService.js
FN:7,(anonymous_0)
FN:12,(anonymous_1)
FN:17,(anonymous_2)
FN:21,(anonymous_3)
FN:22,(anonymous_4)
FNF:5
FNH:3
FNDA:0,(anonymous_0)
FNDA:0,(anonymous_1)
FNDA:3,(anonymous_2)
FNDA:3,(anonymous_3)
FNDA:3,(anonymous_4)
DA:3,1
DA:8,0
DA:13,0
DA:18,3
DA:22,3
DA:23,3
LF:6
LH:4
BRF:0
BRH:0
end_of_record
TN:
SF:/Users/mtmac21/Documents/irna/cdc/Scrum/OneStopClick/App/Themes/ApplicationStyles.js
FNF:0
FNH:0
DA:8,2
LF:1
LH:1
BRF:0
BRH:0
end_of_record
TN:
SF:/Users/mtmac21/Documents/irna/cdc/Scrum/OneStopClick/App/Themes/Colors.js
FNF:0
FNH:0
DA:1,2
LF:1
LH:1
BRF:0
BRH:0
end_of_record
TN:
SF:/Users/mtmac21/Documents/irna/cdc/Scrum/OneStopClick/App/Themes/Fonts.js
FNF:0
FNH:0
DA:1,2
DA:7,2
DA:21,2
LF:3
LH:3
BRF:0
BRH:0
end_of_record
TN:
SF:/Users/mtmac21/Documents/irna/cdc/Scrum/OneStopClick/App/Themes/Images.js
FNF:0
FNH:0
DA:2,2
LF:1
LH:1
BRF:0
BRH:0
end_of_record
TN:
SF:/Users/mtmac21/Documents/irna/cdc/Scrum/OneStopClick/App/Themes/Metrics.js
FNF:0
FNH:0
DA:3,2
DA:6,2
LF:2
LH:2
BRDA:16,0,0,2
BRDA:16,0,1,0
BRDA:17,1,0,2
BRDA:17,1,1,0
BRDA:18,2,0,2
BRDA:18,2,1,0
BRF:6
BRH:3
end_of_record
TN:
SF:/Users/mtmac21/Documents/irna/cdc/Scrum/OneStopClick/App/Themes/index.js
FNF:0
FNH:0
LF:0
LH:0
BRF:0
BRH:0
end_of_record
