TN:
SF:/Users/mitrais/Documents/Addin/CDC/osc_team/App/Components/BackHeader.js
FN:6,(anonymous_0)
FN:15,(anonymous_1)
FNF:2
FNH:1
FNDA:1,(anonymous_0)
FNDA:0,(anonymous_1)
DA:7,1
DA:8,1
DA:15,0
DA:22,1
LF:4
LH:3
BRDA:15,0,0,0
BRDA:15,0,1,0
BRF:2
BRH:0
end_of_record
TN:
SF:/Users/mitrais/Documents/Addin/CDC/osc_team/App/Components/CategoryChooser.js
FN:6,(anonymous_0)
FN:8,(anonymous_1)
FN:14,(anonymous_2)
FN:21,(anonymous_3)
FNF:4
FNH:3
FNDA:1,(anonymous_0)
FNDA:2,(anonymous_1)
FNDA:0,(anonymous_2)
FNDA:1,(anonymous_3)
DA:7,1
DA:8,1
DA:9,2
DA:14,0
DA:22,1
DA:23,1
DA:31,1
LF:7
LH:6
BRF:0
BRH:0
end_of_record
TN:
SF:/Users/mitrais/Documents/Addin/CDC/osc_team/App/Components/Col.js
FN:6,(anonymous_0)
FNF:1
FNH:1
FNDA:1,(anonymous_0)
DA:6,1
DA:7,1
DA:9,1
DA:16,1
DA:17,0
DA:30,1
DA:40,1
DA:48,1
LF:8
LH:7
BRDA:11,0,0,0
BRDA:11,0,1,1
BRDA:11,1,0,1
BRDA:11,1,1,1
BRDA:11,1,2,0
BRDA:16,2,0,0
BRDA:16,2,1,1
BRDA:19,3,0,0
BRDA:19,3,1,0
BRDA:32,4,0,1
BRDA:32,4,1,0
BRF:11
BRH:5
end_of_record
TN:
SF:/Users/mitrais/Documents/Addin/CDC/osc_team/App/Components/DrawerHeader.js
FN:7,(anonymous_0)
FN:11,(anonymous_1)
FNF:2
FNH:1
FNDA:0,(anonymous_0)
FNDA:1,(anonymous_1)
DA:8,0
DA:12,1
DA:13,1
DA:23,2
LF:4
LH:3
BRF:0
BRH:0
end_of_record
TN:
SF:/Users/mitrais/Documents/Addin/CDC/osc_team/App/Components/FormGenerator.js
FN:10,(anonymous_0)
FN:15,(anonymous_1)
FN:29,(anonymous_2)
FN:30,(anonymous_3)
FN:31,(anonymous_4)
FN:40,(anonymous_5)
FN:50,(anonymous_6)
FN:67,(anonymous_7)
FN:74,(anonymous_8)
FN:86,(anonymous_9)
FN:87,(anonymous_10)
FN:110,(anonymous_11)
FNF:12
FNH:3
FNDA:0,(anonymous_0)
FNDA:2,(anonymous_1)
FNDA:0,(anonymous_2)
FNDA:0,(anonymous_3)
FNDA:0,(anonymous_4)
FNDA:1,(anonymous_5)
FNDA:2,(anonymous_6)
FNDA:0,(anonymous_7)
FNDA:0,(anonymous_8)
FNDA:0,(anonymous_9)
FNDA:0,(anonymous_10)
FNDA:0,(anonymous_11)
DA:7,5
DA:11,0
DA:12,0
DA:16,2
DA:17,2
DA:18,2
DA:19,2
DA:29,0
DA:30,0
DA:31,0
DA:41,1
DA:51,2
DA:68,0
DA:69,0
DA:75,0
DA:76,0
DA:77,0
DA:78,0
DA:79,0
DA:80,0
DA:82,0
DA:87,0
DA:110,0
LF:23
LH:7
BRF:0
BRH:0
end_of_record
TN:
SF:/Users/mitrais/Documents/Addin/CDC/osc_team/App/Components/Grid.js
FN:15,(anonymous_0)
FN:17,(anonymous_1)
FN:26,(anonymous_2)
FNF:3
FNH:2
FNDA:1,(anonymous_0)
FNDA:0,(anonymous_1)
FNDA:1,(anonymous_2)
DA:16,1
DA:17,1
DA:18,0
DA:19,0
DA:23,1
DA:28,1
DA:30,1
DA:31,0
DA:43,1
DA:54,1
DA:61,1
LF:11
LH:8
BRDA:11,0,0,0
BRDA:11,0,1,1
BRDA:18,1,0,0
BRDA:18,1,1,0
BRDA:18,2,0,0
BRDA:18,2,1,0
BRDA:30,3,0,0
BRDA:30,3,1,1
BRDA:34,4,0,0
BRDA:34,4,1,0
BRDA:45,5,0,1
BRDA:45,5,1,0
BRF:12
BRH:3
end_of_record
TN:
SF:/Users/mitrais/Documents/Addin/CDC/osc_team/App/Components/ProgressIndicator.js
FN:20,(anonymous_0)
FNF:1
FNH:1
FNDA:3,(anonymous_0)
DA:21,3
DA:22,3
LF:2
LH:2
BRF:0
BRH:0
end_of_record
TN:
SF:/Users/mitrais/Documents/Addin/CDC/osc_team/App/Components/Row.js
FN:6,(anonymous_0)
FNF:1
FNH:1
FNDA:1,(anonymous_0)
DA:6,2
DA:7,1
DA:11,1
DA:13,1
DA:20,1
DA:21,0
DA:34,1
DA:44,2
DA:52,2
LF:9
LH:8
BRDA:15,0,0,0
BRDA:15,0,1,1
BRDA:15,1,0,1
BRDA:15,1,1,1
BRDA:15,1,2,0
BRDA:20,2,0,0
BRDA:20,2,1,1
BRDA:23,3,0,0
BRDA:23,3,1,0
BRDA:36,4,0,1
BRDA:36,4,1,0
BRF:11
BRH:5
end_of_record
TN:
SF:/Users/mitrais/Documents/Addin/CDC/osc_team/App/Components/Styles/CategoryChooserStyle.js
FNF:0
FNH:0
LF:0
LH:0
BRF:0
BRH:0
end_of_record
TN:
SF:/Users/mitrais/Documents/Addin/CDC/osc_team/App/Components/Styles/DrawerHeaderStyle.js
FNF:0
FNH:0
LF:0
LH:0
BRF:0
BRH:0
end_of_record
TN:
SF:/Users/mitrais/Documents/Addin/CDC/osc_team/App/Components/Styles/FormGeneratorStyle.js
FNF:0
FNH:0
LF:0
LH:0
BRF:0
BRH:0
end_of_record
TN:
SF:/Users/mitrais/Documents/Addin/CDC/osc_team/App/Components/Styles/ProgressIndicatorStyle.js
FNF:0
FNH:0
LF:0
LH:0
BRF:0
BRH:0
end_of_record
TN:
SF:/Users/mitrais/Documents/Addin/CDC/osc_team/App/Config/DebugConfig.js
FNF:0
FNH:0
LF:0
LH:0
BRF:0
BRH:0
end_of_record
TN:
SF:/Users/mitrais/Documents/Addin/CDC/osc_team/App/Config/ReduxPersist.js
FNF:0
FNH:0
DA:5,1
LF:1
LH:1
BRF:0
BRH:0
end_of_record
TN:
SF:/Users/mitrais/Documents/Addin/CDC/osc_team/App/Containers/AccountScreen.js
FN:31,(anonymous_0)
FN:37,(anonymous_1)
FN:45,(anonymous_2)
FN:49,(anonymous_3)
FN:55,(anonymous_4)
FN:61,(anonymous_5)
FN:74,(anonymous_6)
FN:88,(anonymous_7)
FN:103,(anonymous_8)
FN:110,(anonymous_9)
FN:121,(anonymous_10)
FN:131,(anonymous_11)
FN:133,(anonymous_12)
FN:134,(anonymous_13)
FN:135,(anonymous_14)
FNF:15
FNH:1
FNDA:0,(anonymous_0)
FNDA:0,(anonymous_1)
FNDA:0,(anonymous_2)
FNDA:0,(anonymous_3)
FNDA:0,(anonymous_4)
FNDA:0,(anonymous_5)
FNDA:0,(anonymous_6)
FNDA:0,(anonymous_7)
FNDA:0,(anonymous_8)
FNDA:0,(anonymous_9)
FNDA:3,(anonymous_10)
FNDA:0,(anonymous_11)
FNDA:0,(anonymous_12)
FNDA:0,(anonymous_13)
FNDA:0,(anonymous_14)
DA:32,0
DA:33,0
DA:38,0
DA:40,0
DA:41,0
DA:46,0
DA:50,0
DA:55,0
DA:62,0
DA:71,0
DA:76,0
DA:81,0
DA:83,0
DA:84,0
DA:85,0
DA:89,0
DA:90,0
DA:103,0
DA:110,0
DA:121,1
DA:122,3
DA:131,1
DA:132,0
DA:133,0
DA:134,0
DA:135,0
LF:26
LH:3
BRDA:32,0,0,0
BRDA:32,0,1,0
BRDA:40,1,0,0
BRDA:40,1,1,0
BRDA:40,2,0,0
BRDA:40,2,1,0
BRDA:40,2,2,0
BRDA:40,2,3,0
BRDA:99,3,0,0
BRDA:99,3,1,0
BRDA:100,4,0,0
BRDA:100,4,1,0
BRF:12
BRH:0
end_of_record
TN:
SF:/Users/mitrais/Documents/Addin/CDC/osc_team/App/Containers/LoginScreen.js
FN:39,(anonymous_0)
FN:52,(anonymous_1)
FN:56,(anonymous_2)
FN:59,(anonymous_3)
FN:69,(anonymous_4)
FN:76,(anonymous_5)
FN:83,(anonymous_6)
FN:93,(anonymous_7)
FN:111,(anonymous_8)
FN:125,(anonymous_9)
FN:135,(anonymous_10)
FN:136,(anonymous_11)
FN:141,(anonymous_12)
FN:155,(anonymous_13)
FN:161,(anonymous_14)
FN:165,(anonymous_15)
FN:168,(anonymous_16)
FN:174,(anonymous_17)
FN:180,(anonymous_18)
FN:182,(anonymous_19)
FN:185,(anonymous_20)
FN:192,(anonymous_21)
FN:219,(anonymous_22)
FN:225,(anonymous_23)
FN:232,(anonymous_24)
FN:266,(anonymous_25)
FN:276,(anonymous_26)
FN:278,(anonymous_27)
FN:279,(anonymous_28)
FNF:29
FNH:0
FNDA:0,(anonymous_0)
FNDA:0,(anonymous_1)
FNDA:0,(anonymous_2)
FNDA:0,(anonymous_3)
FNDA:0,(anonymous_4)
FNDA:0,(anonymous_5)
FNDA:0,(anonymous_6)
FNDA:0,(anonymous_7)
FNDA:0,(anonymous_8)
FNDA:0,(anonymous_9)
FNDA:0,(anonymous_10)
FNDA:0,(anonymous_11)
FNDA:0,(anonymous_12)
FNDA:0,(anonymous_13)
FNDA:0,(anonymous_14)
FNDA:0,(anonymous_15)
FNDA:0,(anonymous_16)
FNDA:0,(anonymous_17)
FNDA:0,(anonymous_18)
FNDA:0,(anonymous_19)
FNDA:0,(anonymous_20)
FNDA:0,(anonymous_21)
FNDA:0,(anonymous_22)
FNDA:0,(anonymous_23)
FNDA:0,(anonymous_24)
FNDA:0,(anonymous_25)
FNDA:0,(anonymous_26)
FNDA:0,(anonymous_27)
FNDA:0,(anonymous_28)
DA:19,1
DA:24,1
DA:40,0
DA:41,0
DA:44,0
DA:45,0
DA:46,0
DA:47,0
DA:48,0
DA:49,0
DA:53,0
DA:57,0
DA:58,0
DA:59,0
DA:60,0
DA:61,0
DA:62,0
DA:63,0
DA:66,0
DA:70,0
DA:71,0
DA:72,0
DA:77,0
DA:78,0
DA:79,0
DA:84,0
DA:90,0
DA:94,0
DA:108,0
DA:112,0
DA:121,0
DA:126,0
DA:127,0
DA:128,0
DA:130,0
DA:131,0
DA:136,0
DA:138,0
DA:140,0
DA:144,0
DA:150,0
DA:156,0
DA:162,0
DA:163,0
DA:164,0
DA:165,0
DA:166,0
DA:169,0
DA:175,0
DA:181,0
DA:183,0
DA:186,0
DA:193,0
DA:194,0
DA:195,0
DA:219,0
DA:225,0
DA:232,0
DA:266,1
DA:267,0
DA:276,1
DA:277,0
DA:278,0
DA:279,0
LF:64
LH:4
BRDA:62,0,0,0
BRDA:62,0,1,0
BRDA:70,1,0,0
BRDA:70,1,1,0
BRDA:78,2,0,0
BRDA:78,2,1,0
BRDA:78,3,0,0
BRDA:78,3,1,0
BRDA:126,4,0,0
BRDA:126,4,1,0
BRDA:138,5,0,0
BRDA:138,5,1,0
BRDA:162,6,0,0
BRDA:162,6,1,0
BRDA:164,7,0,0
BRDA:164,7,1,0
BRF:16
BRH:0
end_of_record
TN:
SF:/Users/mitrais/Documents/Addin/CDC/osc_team/App/Containers/Bases/AccountDrawerBase.js
FN:5,(anonymous_0)
FN:7,(anonymous_1)
FNF:2
FNH:1
FNDA:2,(anonymous_0)
FNDA:0,(anonymous_1)
DA:6,2
DA:8,0
LF:2
LH:1
BRF:0
BRH:0
end_of_record
TN:
SF:/Users/mitrais/Documents/Addin/CDC/osc_team/App/Containers/Styles/AccountScreenStyle.js
FNF:0
FNH:0
LF:0
LH:0
BRF:0
BRH:0
end_of_record
TN:
SF:/Users/mitrais/Documents/Addin/CDC/osc_team/App/Containers/Styles/LoginScreenStyle.js
FNF:0
FNH:0
LF:0
LH:0
BRF:0
BRH:0
end_of_record
TN:
SF:/Users/mitrais/Documents/Addin/CDC/osc_team/App/Lib/validator.js
FN:3,validateField
FN:6,(anonymous_1)
FN:27,validateEmail
FN:39,validateRequired
FN:50,validateMinLength
FNF:5
FNH:0
FNDA:0,validateField
FNDA:0,(anonymous_1)
FNDA:0,validateEmail
FNDA:0,validateRequired
FNDA:0,validateMinLength
DA:4,0
DA:5,0
DA:6,0
DA:7,0
DA:9,0
DA:10,0
DA:11,0
DA:12,0
DA:15,0
DA:16,0
DA:17,0
DA:19,0
DA:20,0
DA:21,0
DA:24,0
DA:28,0
DA:29,0
DA:30,0
DA:31,0
DA:33,0
DA:34,0
DA:36,0
DA:40,0
DA:41,0
DA:42,0
DA:44,0
DA:45,0
DA:47,0
DA:51,0
DA:52,0
DA:53,0
DA:55,0
DA:56,0
DA:58,0
LF:34
LH:0
BRDA:9,0,0,0
BRDA:9,0,1,0
BRDA:9,1,0,0
BRDA:9,1,1,0
BRDA:10,2,0,0
BRDA:10,2,1,0
BRDA:15,3,0,0
BRDA:15,3,1,0
BRDA:15,4,0,0
BRDA:15,4,1,0
BRDA:19,5,0,0
BRDA:19,5,1,0
BRDA:19,6,0,0
BRDA:19,6,1,0
BRDA:29,7,0,0
BRDA:29,7,1,0
BRDA:40,8,0,0
BRDA:40,8,1,0
BRDA:40,9,0,0
BRDA:40,9,1,0
BRDA:51,10,0,0
BRDA:51,10,1,0
BRF:22
BRH:0
end_of_record
TN:
SF:/Users/mitrais/Documents/Addin/CDC/osc_team/App/Models/LoginModel.js
FNF:0
FNH:0
DA:1,1
LF:1
LH:1
BRF:0
BRH:0
end_of_record
TN:
SF:/Users/mitrais/Documents/Addin/CDC/osc_team/App/Redux/CreateStore.js
FN:10,(anonymous_0)
FNF:1
FNH:0
FNDA:0,(anonymous_0)
DA:13,0
DA:14,0
DA:17,0
DA:21,0
DA:22,0
DA:23,0
DA:27,0
DA:32,0
DA:33,0
DA:37,0
DA:38,0
DA:41,0
DA:42,0
DA:46,0
DA:48,0
LF:15
LH:0
BRDA:21,0,0,0
BRDA:21,0,1,0
BRDA:32,1,0,0
BRDA:32,1,1,0
BRDA:37,2,0,0
BRDA:37,2,1,0
BRDA:41,3,0,0
BRDA:41,3,1,0
BRF:8
BRH:0
end_of_record
TN:
SF:/Users/mitrais/Documents/Addin/CDC/osc_team/App/Redux/ForgotPasswordRedux.js
FN:27,(anonymous_0)
FN:31,(anonymous_1)
FN:37,(anonymous_2)
FNF:3
FNH:0
FNDA:0,(anonymous_0)
FNDA:0,(anonymous_1)
FNDA:0,(anonymous_2)
DA:6,1
DA:12,1
DA:17,1
DA:27,1
DA:28,0
DA:31,1
DA:32,0
DA:33,0
DA:37,1
DA:38,0
DA:39,0
DA:44,1
LF:12
LH:7
BRF:0
BRH:0
end_of_record
TN:
SF:/Users/mitrais/Documents/Addin/CDC/osc_team/App/Redux/LoginRedux.js
FN:33,(anonymous_0)
FN:36,(anonymous_1)
FN:40,(anonymous_2)
FN:45,(anonymous_3)
FN:49,(anonymous_4)
FN:62,(anonymous_5)
FNF:6
FNH:0
FNDA:0,(anonymous_0)
FNDA:0,(anonymous_1)
FNDA:0,(anonymous_2)
FNDA:0,(anonymous_3)
FNDA:0,(anonymous_4)
FNDA:0,(anonymous_5)
DA:6,1
DA:14,1
DA:19,1
DA:33,1
DA:34,0
DA:36,1
DA:37,0
DA:40,1
DA:41,0
DA:45,1
DA:46,0
DA:49,1
DA:53,1
DA:62,1
LF:14
LH:10
BRF:0
BRH:0
end_of_record
TN:
SF:/Users/mitrais/Documents/Addin/CDC/osc_team/App/Redux/ProductRedux.js
FN:27,(anonymous_0)
FN:31,(anonymous_1)
FN:36,(anonymous_2)
FNF:3
FNH:0
FNDA:0,(anonymous_0)
FNDA:0,(anonymous_1)
FNDA:0,(anonymous_2)
DA:6,1
DA:12,1
DA:17,1
DA:27,1
DA:28,0
DA:31,1
DA:32,0
DA:36,1
DA:37,0
DA:41,1
LF:10
LH:7
BRF:0
BRH:0
end_of_record
TN:
SF:/Users/mitrais/Documents/Addin/CDC/osc_team/App/Redux/RegistrationRedux.js
FN:31,(anonymous_0)
FN:35,(anonymous_1)
FN:40,(anonymous_2)
FNF:3
FNH:0
FNDA:0,(anonymous_0)
FNDA:0,(anonymous_1)
FNDA:0,(anonymous_2)
DA:6,1
DA:12,1
DA:17,1
DA:31,1
DA:32,0
DA:35,1
DA:36,0
DA:40,1
DA:41,0
DA:45,1
LF:10
LH:7
BRF:0
BRH:0
end_of_record
TN:
SF:/Users/mitrais/Documents/Addin/CDC/osc_team/App/Redux/ScreenTrackingMiddleware.js
FN:4,(anonymous_0)
FN:16,(anonymous_1)
FN:16,(anonymous_2)
FN:16,(anonymous_3)
FNF:4
FNH:0
FNDA:0,(anonymous_0)
FNDA:0,(anonymous_1)
FNDA:0,(anonymous_2)
FNDA:0,(anonymous_3)
DA:4,1
DA:5,0
DA:6,0
DA:8,0
DA:10,0
DA:11,0
DA:13,0
DA:16,1
DA:17,0
DA:21,0
DA:24,0
DA:25,0
DA:26,0
DA:27,0
DA:28,0
DA:32,0
DA:35,0
LF:17
LH:2
BRDA:5,0,0,0
BRDA:5,0,1,0
BRDA:10,1,0,0
BRDA:10,1,1,0
BRDA:17,2,0,0
BRDA:17,2,1,0
BRDA:18,3,0,0
BRDA:18,3,1,0
BRDA:27,4,0,0
BRDA:27,4,1,0
BRF:10
BRH:0
end_of_record
TN:
SF:/Users/mitrais/Documents/Addin/CDC/osc_team/App/Redux/StartupRedux.js
FNF:0
FNH:0
DA:5,1
DA:9,1
LF:2
LH:2
BRF:0
BRH:0
end_of_record
TN:
SF:/Users/mitrais/Documents/Addin/CDC/osc_team/App/Redux/UserRedux.js
FN:36,(anonymous_0)
FN:40,(anonymous_1)
FN:45,(anonymous_2)
FN:49,(anonymous_3)
FN:53,(anonymous_4)
FN:58,(anonymous_5)
FN:61,(anonymous_6)
FNF:7
FNH:0
FNDA:0,(anonymous_0)
FNDA:0,(anonymous_1)
FNDA:0,(anonymous_2)
FNDA:0,(anonymous_3)
FNDA:0,(anonymous_4)
FNDA:0,(anonymous_5)
FNDA:0,(anonymous_6)
DA:6,1
DA:16,1
DA:21,1
DA:36,1
DA:37,0
DA:40,1
DA:41,0
DA:45,1
DA:46,0
DA:49,1
DA:50,0
DA:53,1
DA:54,0
DA:58,1
DA:59,0
DA:61,1
DA:65,1
LF:17
LH:11
BRF:0
BRH:0
end_of_record
TN:
SF:/Users/mitrais/Documents/Addin/CDC/osc_team/App/Redux/index.js
FN:5,(anonymous_0)
FNF:1
FNH:0
FNDA:0,(anonymous_0)
DA:7,0
DA:16,0
LF:2
LH:0
BRF:0
BRH:0
end_of_record
TN:
SF:/Users/mitrais/Documents/Addin/CDC/osc_team/App/Sagas/ForgotPasswordSagas.js
FN:16,forgotPassword
FNF:1
FNH:0
FNDA:0,forgotPassword
DA:18,0
DA:20,0
DA:21,0
DA:22,0
DA:23,0
DA:24,0
DA:26,0
DA:27,0
DA:29,0
DA:30,0
LF:10
LH:0
BRDA:20,0,0,0
BRDA:20,0,1,0
BRDA:22,1,0,0
BRDA:22,1,1,0
BRDA:29,2,0,0
BRDA:29,2,1,0
BRF:6
BRH:0
end_of_record
TN:
SF:/Users/mitrais/Documents/Addin/CDC/osc_team/App/Sagas/LoginSagas.js
FN:7,login
FN:23,socialLogin
FNF:2
FNH:0
FNDA:0,login
FNDA:0,socialLogin
DA:9,0
DA:10,0
DA:11,0
DA:12,0
DA:13,0
DA:14,0
DA:17,0
DA:18,0
DA:19,0
DA:25,0
DA:26,0
DA:27,0
DA:28,0
DA:29,0
DA:30,0
DA:34,0
DA:35,0
LF:17
LH:0
BRDA:11,0,0,0
BRDA:11,0,1,0
BRDA:12,1,0,0
BRDA:12,1,1,0
BRDA:12,2,0,0
BRDA:12,2,1,0
BRDA:27,3,0,0
BRDA:27,3,1,0
BRDA:28,4,0,0
BRDA:28,4,1,0
BRDA:28,5,0,0
BRDA:28,5,1,0
BRF:12
BRH:0
end_of_record
TN:
SF:/Users/mitrais/Documents/Addin/CDC/osc_team/App/Sagas/ProductSagas.js
FN:5,getProducts
FNF:1
FNH:0
FNDA:0,getProducts
DA:7,0
DA:8,0
DA:10,0
DA:11,0
DA:12,0
DA:13,0
DA:16,0
LF:7
LH:0
BRDA:10,0,0,0
BRDA:10,0,1,0
BRDA:11,1,0,0
BRDA:11,1,1,0
BRDA:11,2,0,0
BRDA:11,2,1,0
BRF:6
BRH:0
end_of_record
TN:
SF:/Users/mitrais/Documents/Addin/CDC/osc_team/App/Sagas/RegistrationSagas.js
FN:5,registration
FNF:1
FNH:0
FNDA:0,registration
DA:7,0
DA:8,0
DA:9,0
DA:11,0
DA:12,0
DA:13,0
DA:14,0
DA:17,0
DA:18,0
LF:9
LH:0
BRDA:11,0,0,0
BRDA:11,0,1,0
BRDA:12,1,0,0
BRDA:12,1,1,0
BRDA:12,2,0,0
BRDA:12,2,1,0
BRF:6
BRH:0
end_of_record
TN:
SF:/Users/mitrais/Documents/Addin/CDC/osc_team/App/Sagas/UserSagas.js
FN:18,getUserProfile
FN:40,updateUserProfile
FNF:2
FNH:0
FNDA:0,getUserProfile
FNDA:0,updateUserProfile
DA:20,0
DA:21,0
DA:24,0
DA:25,0
DA:26,0
DA:27,0
DA:28,0
DA:30,0
DA:32,0
DA:33,0
DA:34,0
DA:36,0
DA:41,0
DA:42,0
DA:43,0
DA:44,0
DA:47,0
DA:48,0
DA:49,0
DA:50,0
DA:51,0
DA:53,0
DA:54,0
DA:56,0
DA:57,0
DA:58,0
DA:60,0
LF:27
LH:0
BRDA:24,0,0,0
BRDA:24,0,1,0
BRDA:25,1,0,0
BRDA:25,1,1,0
BRDA:32,2,0,0
BRDA:32,2,1,0
BRDA:33,3,0,0
BRDA:33,3,1,0
BRDA:33,4,0,0
BRDA:33,4,1,0
BRDA:47,5,0,0
BRDA:47,5,1,0
BRDA:48,6,0,0
BRDA:48,6,1,0
BRDA:56,7,0,0
BRDA:56,7,1,0
BRDA:57,8,0,0
BRDA:57,8,1,0
BRDA:57,9,0,0
BRDA:57,9,1,0
BRF:20
BRH:0
end_of_record
TN:
SF:/Users/mitrais/Documents/Addin/CDC/osc_team/App/Sagas/index.js
FN:26,root
FNF:1
FNH:0
FNDA:0,root
DA:22,1
DA:27,0
LF:2
LH:1
BRF:0
BRH:0
end_of_record
TN:
SF:/Users/mitrais/Documents/Addin/CDC/osc_team/App/Services/Api.js
FN:5,(anonymous_0)
FN:44,(anonymous_1)
FN:48,(anonymous_2)
FN:52,(anonymous_3)
FN:59,(anonymous_4)
FN:61,(anonymous_5)
FN:63,(anonymous_6)
FN:65,(anonymous_7)
FNF:8
FNH:1
FNDA:1,(anonymous_0)
FNDA:0,(anonymous_1)
FNDA:0,(anonymous_2)
FNDA:0,(anonymous_3)
FNDA:0,(anonymous_4)
FNDA:0,(anonymous_5)
FNDA:0,(anonymous_6)
FNDA:0,(anonymous_7)
DA:5,1
DA:12,1
DA:26,1
DA:27,0
DA:44,1
DA:48,1
DA:52,1
DA:59,1
DA:61,1
DA:63,1
DA:65,1
DA:83,1
LF:12
LH:11
BRDA:5,0,0,1
BRDA:26,1,0,0
BRDA:26,1,1,1
BRDA:26,2,0,1
BRDA:26,2,1,1
BRF:5
BRH:4
end_of_record
TN:
SF:/Users/mitrais/Documents/Addin/CDC/osc_team/App/Services/ImmutablePersistenceTransform.js
FN:8,(anonymous_0)
FN:14,(anonymous_1)
FN:18,(anonymous_2)
FN:22,(anonymous_3)
FNF:4
FNH:0
FNDA:0,(anonymous_0)
FNDA:0,(anonymous_1)
FNDA:0,(anonymous_2)
FNDA:0,(anonymous_3)
DA:5,1
DA:8,1
DA:11,1
DA:14,1
DA:20,0
DA:24,0
LF:6
LH:4
BRF:0
BRH:0
end_of_record
TN:
SF:/Users/mitrais/Documents/Addin/CDC/osc_team/App/Services/RehydrationServices.js
FN:7,(anonymous_0)
FN:10,(anonymous_1)
FN:13,(anonymous_2)
FN:32,(anonymous_3)
FNF:4
FNH:0
FNDA:0,(anonymous_0)
FNDA:0,(anonymous_1)
FNDA:0,(anonymous_2)
FNDA:0,(anonymous_3)
DA:7,1
DA:8,0
DA:9,0
DA:10,0
DA:13,0
DA:14,0
DA:15,0
DA:16,0
DA:27,0
DA:28,0
DA:30,0
DA:33,0
DA:34,0
LF:13
LH:1
BRDA:14,0,0,0
BRDA:14,0,1,0
BRDA:15,1,0,0
BRDA:15,1,1,0
BRF:4
BRH:0
end_of_record
TN:
SF:/Users/mitrais/Documents/Addin/CDC/osc_team/App/Services/StorageService.js
FN:7,(anonymous_0)
FN:12,(anonymous_1)
FN:17,(anonymous_2)
FN:21,(anonymous_3)
FN:22,(anonymous_4)
FNF:5
FNH:0
FNDA:0,(anonymous_0)
FNDA:0,(anonymous_1)
FNDA:0,(anonymous_2)
FNDA:0,(anonymous_3)
FNDA:0,(anonymous_4)
DA:3,1
DA:8,0
DA:13,0
DA:18,0
DA:22,0
DA:23,0
LF:6
LH:1
BRF:0
BRH:0
end_of_record
TN:
SF:/Users/mitrais/Documents/Addin/CDC/osc_team/App/Themes/ApplicationStyles.js
FNF:0
FNH:0
DA:8,6
LF:1
LH:1
BRF:0
BRH:0
end_of_record
TN:
SF:/Users/mitrais/Documents/Addin/CDC/osc_team/App/Themes/Colors.js
FNF:0
FNH:0
DA:1,6
LF:1
LH:1
BRF:0
BRH:0
end_of_record
TN:
SF:/Users/mitrais/Documents/Addin/CDC/osc_team/App/Themes/Fonts.js
FNF:0
FNH:0
DA:1,6
DA:7,6
DA:21,6
LF:3
LH:3
BRF:0
BRH:0
end_of_record
TN:
SF:/Users/mitrais/Documents/Addin/CDC/osc_team/App/Themes/Images.js
FNF:0
FNH:0
DA:2,6
LF:1
LH:1
BRF:0
BRH:0
end_of_record
TN:
SF:/Users/mitrais/Documents/Addin/CDC/osc_team/App/Themes/Metrics.js
FNF:0
FNH:0
DA:3,6
DA:6,6
LF:2
LH:2
BRDA:16,0,0,6
BRDA:16,0,1,0
BRDA:17,1,0,6
BRDA:17,1,1,0
BRDA:18,2,0,6
BRDA:18,2,1,0
BRF:6
BRH:3
end_of_record
TN:
SF:/Users/mitrais/Documents/Addin/CDC/osc_team/App/Themes/index.js
FNF:0
FNH:0
LF:0
LH:0
BRF:0
BRH:0
end_of_record
TN:
SF:/Users/mitrais/Documents/Addin/CDC/osc_team/App/Transforms/ConvertUserProfile.js
FN:1,(anonymous_0)
FNF:1
FNH:0
FNDA:0,(anonymous_0)
DA:2,0
DA:4,0
LF:2
LH:0
BRF:0
BRH:0
end_of_record
